{"/Users/andrein/ore/ore-etl/src/etl/activity-parser.ts": {"path":"/Users/andrein/ore/ore-etl/src/etl/activity-parser.ts","statementMap":{"0":{"start":{"line":60,"column":0},"end":{"line":60,"column":7}},"1":{"start":{"line":70,"column":0},"end":{"line":70,"column":7}},"2":{"start":{"line":2,"column":0},"end":{"line":2,"column":41}},"3":{"start":{"line":3,"column":0},"end":{"line":3,"column":49}},"4":{"start":{"line":4,"column":0},"end":{"line":4,"column":46}},"5":{"start":{"line":5,"column":0},"end":{"line":5,"column":46}},"6":{"start":{"line":6,"column":0},"end":{"line":6,"column":50}},"7":{"start":{"line":7,"column":0},"end":{"line":7,"column":43}},"8":{"start":{"line":8,"column":0},"end":{"line":8,"column":45}},"9":{"start":{"line":9,"column":0},"end":{"line":9,"column":37}},"10":{"start":{"line":38,"column":30},"end":{"line":38,"column":32}},"11":{"start":{"line":40,"column":21},"end":{"line":40,"column":52}},"12":{"start":{"line":41,"column":25},"end":{"line":41,"column":60}},"13":{"start":{"line":42,"column":23},"end":{"line":42,"column":56}},"14":{"start":{"line":43,"column":23},"end":{"line":43,"column":56}},"15":{"start":{"line":44,"column":25},"end":{"line":44,"column":60}},"16":{"start":{"line":45,"column":22},"end":{"line":45,"column":54}},"17":{"start":{"line":46,"column":23},"end":{"line":46,"column":56}},"18":{"start":{"line":47,"column":19},"end":{"line":47,"column":48}},"19":{"start":{"line":49,"column":36},"end":{"line":58,"column":2}},"20":{"start":{"line":50,"column":46},"end":{"line":50,"column":85}},"21":{"start":{"line":51,"column":44},"end":{"line":51,"column":81}},"22":{"start":{"line":52,"column":44},"end":{"line":52,"column":81}},"23":{"start":{"line":53,"column":42},"end":{"line":53,"column":78}},"24":{"start":{"line":54,"column":43},"end":{"line":54,"column":80}},"25":{"start":{"line":55,"column":39},"end":{"line":55,"column":72}},"26":{"start":{"line":56,"column":45},"end":{"line":56,"column":84}},"27":{"start":{"line":57,"column":41},"end":{"line":57,"column":76}},"28":{"start":{"line":61,"column":2},"end":{"line":66,"column":3}},"29":{"start":{"line":62,"column":21},"end":{"line":62,"column":43}},"30":{"start":{"line":63,"column":4},"end":{"line":65,"column":5}},"31":{"start":{"line":64,"column":6},"end":{"line":64,"column":82}},"32":{"start":{"line":67,"column":2},"end":{"line":67,"column":14}},"33":{"start":{"line":71,"column":36},"end":{"line":71,"column":38}},"34":{"start":{"line":72,"column":2},"end":{"line":77,"column":3}},"35":{"start":{"line":73,"column":19},"end":{"line":73,"column":48}},"36":{"start":{"line":74,"column":4},"end":{"line":76,"column":5}},"37":{"start":{"line":75,"column":6},"end":{"line":75,"column":27}},"38":{"start":{"line":78,"column":2},"end":{"line":78,"column":17}}},"fnMap":{"0":{"name":"(anonymous_0)","decl":{"start":{"line":50,"column":40},"end":{"line":50,"column":42}},"loc":{"start":{"line":50,"column":46},"end":{"line":50,"column":85}}},"1":{"name":"(anonymous_1)","decl":{"start":{"line":51,"column":38},"end":{"line":51,"column":40}},"loc":{"start":{"line":51,"column":44},"end":{"line":51,"column":81}}},"2":{"name":"(anonymous_2)","decl":{"start":{"line":52,"column":38},"end":{"line":52,"column":40}},"loc":{"start":{"line":52,"column":44},"end":{"line":52,"column":81}}},"3":{"name":"(anonymous_3)","decl":{"start":{"line":53,"column":36},"end":{"line":53,"column":38}},"loc":{"start":{"line":53,"column":42},"end":{"line":53,"column":78}}},"4":{"name":"(anonymous_4)","decl":{"start":{"line":54,"column":37},"end":{"line":54,"column":39}},"loc":{"start":{"line":54,"column":43},"end":{"line":54,"column":80}}},"5":{"name":"(anonymous_5)","decl":{"start":{"line":55,"column":33},"end":{"line":55,"column":35}},"loc":{"start":{"line":55,"column":39},"end":{"line":55,"column":72}}},"6":{"name":"(anonymous_6)","decl":{"start":{"line":56,"column":39},"end":{"line":56,"column":41}},"loc":{"start":{"line":56,"column":45},"end":{"line":56,"column":84}}},"7":{"name":"(anonymous_7)","decl":{"start":{"line":57,"column":35},"end":{"line":57,"column":37}},"loc":{"start":{"line":57,"column":41},"end":{"line":57,"column":76}}},"8":{"name":"parseRawTransaction","decl":{"start":{"line":60,"column":22},"end":{"line":60,"column":41}},"loc":{"start":{"line":60,"column":60},"end":{"line":68,"column":1}}},"9":{"name":"parseTransactionsBatch","decl":{"start":{"line":70,"column":22},"end":{"line":70,"column":44}},"loc":{"start":{"line":70,"column":75},"end":{"line":79,"column":1}}}},"branchMap":{"0":{"loc":{"start":{"line":63,"column":4},"end":{"line":65,"column":5}},"type":"if","locations":[{"start":{"line":63,"column":4},"end":{"line":65,"column":5}},{"start":{},"end":{}}]},"1":{"loc":{"start":{"line":74,"column":4},"end":{"line":76,"column":5}},"type":"if","locations":[{"start":{"line":74,"column":4},"end":{"line":76,"column":5}},{"start":{},"end":{}}]}},"s":{"0":1,"1":1,"2":1,"3":1,"4":1,"5":1,"6":1,"7":1,"8":1,"9":1,"10":1,"11":1,"12":1,"13":1,"14":1,"15":1,"16":1,"17":1,"18":1,"19":1,"20":9,"21":8,"22":7,"23":6,"24":5,"25":4,"26":3,"27":2,"28":9,"29":44,"30":44,"31":8,"32":1,"33":0,"34":0,"35":0,"36":0,"37":0,"38":0},"f":{"0":9,"1":8,"2":7,"3":6,"4":5,"5":4,"6":3,"7":2,"8":9,"9":0},"b":{"0":[8,36],"1":[0,0]}}
,"/Users/andrein/ore/ore-etl/src/etl/bury-etl.ts": {"path":"/Users/andrein/ore/ore-etl/src/etl/bury-etl.ts","statementMap":{"0":{"start":{"line":2,"column":0},"end":{"line":2,"column":41}},"1":{"start":{"line":3,"column":0},"end":{"line":3,"column":59}},"2":{"start":{"line":5,"column":0},"end":{"line":5,"column":35}},"3":{"start":{"line":7,"column":25},"end":{"line":7,"column":38}},"4":{"start":{"line":8,"column":22},"end":{"line":8,"column":37}},"5":{"start":{"line":11,"column":31},"end":{"line":11,"column":57}},"6":{"start":{"line":14,"column":4},"end":{"line":14,"column":40}},"7":{"start":{"line":16,"column":4},"end":{"line":91,"column":5}},"8":{"start":{"line":17,"column":20},"end":{"line":17,"column":63}},"9":{"start":{"line":18,"column":23},"end":{"line":18,"column":52}},"10":{"start":{"line":20,"column":6},"end":{"line":20,"column":61}},"11":{"start":{"line":22,"column":6},"end":{"line":29,"column":9}},"12":{"start":{"line":31,"column":22},"end":{"line":31,"column":23}},"13":{"start":{"line":32,"column":24},"end":{"line":32,"column":32}},"14":{"start":{"line":34,"column":6},"end":{"line":64,"column":7}},"15":{"start":{"line":35,"column":22},"end":{"line":35,"column":56}},"16":{"start":{"line":37,"column":8},"end":{"line":40,"column":9}},"17":{"start":{"line":38,"column":10},"end":{"line":38,"column":62}},"18":{"start":{"line":39,"column":10},"end":{"line":39,"column":16}},"19":{"start":{"line":42,"column":27},"end":{"line":42,"column":57}},"20":{"start":{"line":44,"column":8},"end":{"line":49,"column":9}},"21":{"start":{"line":45,"column":10},"end":{"line":48,"column":12}},"22":{"start":{"line":51,"column":8},"end":{"line":51,"column":39}},"23":{"start":{"line":52,"column":8},"end":{"line":52,"column":51}},"24":{"start":{"line":54,"column":8},"end":{"line":54,"column":84}},"25":{"start":{"line":56,"column":8},"end":{"line":63,"column":11}},"26":{"start":{"line":66,"column":6},"end":{"line":73,"column":9}},"27":{"start":{"line":75,"column":6},"end":{"line":75,"column":81}},"28":{"start":{"line":77,"column":6},"end":{"line":77,"column":47}},"29":{"start":{"line":79,"column":20},"end":{"line":79,"column":63}},"30":{"start":{"line":80,"column":6},"end":{"line":88,"column":9}},"31":{"start":{"line":90,"column":6},"end":{"line":90,"column":18}},"32":{"start":{"line":95,"column":23},"end":{"line":95,"column":71}},"33":{"start":{"line":97,"column":4},"end":{"line":104,"column":17}},"34":{"start":{"line":108,"column":39},"end":{"line":108,"column":41}},"35":{"start":{"line":110,"column":4},"end":{"line":119,"column":5}},"36":{"start":{"line":111,"column":6},"end":{"line":118,"column":7}},"37":{"start":{"line":112,"column":25},"end":{"line":112,"column":58}},"38":{"start":{"line":113,"column":8},"end":{"line":115,"column":9}},"39":{"start":{"line":114,"column":10},"end":{"line":114,"column":36}},"40":{"start":{"line":117,"column":8},"end":{"line":117,"column":81}},"41":{"start":{"line":121,"column":4},"end":{"line":121,"column":22}},"42":{"start":{"line":126,"column":4},"end":{"line":166,"column":5}},"43":{"start":{"line":127,"column":19},"end":{"line":127,"column":57}},"44":{"start":{"line":128,"column":22},"end":{"line":128,"column":37}},"45":{"start":{"line":130,"column":25},"end":{"line":130,"column":49}},"46":{"start":{"line":131,"column":23},"end":{"line":132,"column":null}},"47":{"start":{"line":132,"column":33},"end":{"line":132,"column":52}},"48":{"start":{"line":135,"column":6},"end":{"line":137,"column":7}},"49":{"start":{"line":136,"column":8},"end":{"line":136,"column":20}},"50":{"start":{"line":139,"column":21},"end":{"line":139,"column":54}},"51":{"start":{"line":141,"column":31},"end":{"line":141,"column":53}},"52":{"start":{"line":142,"column":32},"end":{"line":142,"column":55}},"53":{"start":{"line":143,"column":30},"end":{"line":143,"column":51}},"54":{"start":{"line":144,"column":30},"end":{"line":144,"column":51}},"55":{"start":{"line":146,"column":37},"end":{"line":160,"column":8}},"56":{"start":{"line":162,"column":6},"end":{"line":162,"column":22}},"57":{"start":{"line":164,"column":6},"end":{"line":164,"column":76}},"58":{"start":{"line":165,"column":6},"end":{"line":165,"column":18}},"59":{"start":{"line":10,"column":0},"end":{"line":10,"column":13}}},"fnMap":{"0":{"name":"(anonymous_0)","decl":{"start":{"line":11,"column":2},"end":{"line":11,"column":31}},"loc":{"start":{"line":11,"column":57},"end":{"line":11,"column":61}}},"1":{"name":"(anonymous_1)","decl":{"start":{"line":13,"column":2},"end":{"line":13,"column":7}},"loc":{"start":{"line":13,"column":11},"end":{"line":92,"column":3}}},"2":{"name":"(anonymous_2)","decl":{"start":{"line":94,"column":10},"end":{"line":94,"column":15}},"loc":{"start":{"line":94,"column":44},"end":{"line":105,"column":3}}},"3":{"name":"(anonymous_3)","decl":{"start":{"line":107,"column":10},"end":{"line":107,"column":15}},"loc":{"start":{"line":107,"column":59},"end":{"line":122,"column":3}}},"4":{"name":"(anonymous_4)","decl":{"start":{"line":125,"column":2},"end":{"line":125,"column":7}},"loc":{"start":{"line":125,"column":45},"end":{"line":167,"column":3}}},"5":{"name":"(anonymous_5)","decl":{"start":{"line":132,"column":8},"end":{"line":132,"column":9}},"loc":{"start":{"line":132,"column":33},"end":{"line":132,"column":52}}}},"branchMap":{"0":{"loc":{"start":{"line":18,"column":23},"end":{"line":18,"column":52}},"type":"binary-expr","locations":[{"start":{"line":18,"column":23},"end":{"line":18,"column":47}},{"start":{"line":18,"column":51},"end":{"line":18,"column":52}}]},"1":{"loc":{"start":{"line":25,"column":32},"end":{"line":25,"column":67}},"type":"binary-expr","locations":[{"start":{"line":25,"column":32},"end":{"line":25,"column":61}},{"start":{"line":25,"column":65},"end":{"line":25,"column":67}}]},"2":{"loc":{"start":{"line":26,"column":24},"end":{"line":26,"column":50}},"type":"binary-expr","locations":[{"start":{"line":26,"column":24},"end":{"line":26,"column":45}},{"start":{"line":26,"column":49},"end":{"line":26,"column":50}}]},"3":{"loc":{"start":{"line":37,"column":8},"end":{"line":40,"column":9}},"type":"if","locations":[{"start":{"line":37,"column":8},"end":{"line":40,"column":9}},{"start":{},"end":{}}]},"4":{"loc":{"start":{"line":44,"column":8},"end":{"line":49,"column":9}},"type":"if","locations":[{"start":{"line":44,"column":8},"end":{"line":49,"column":9}},{"start":{},"end":{}}]},"5":{"loc":{"start":{"line":60,"column":27},"end":{"line":60,"column":53}},"type":"binary-expr","locations":[{"start":{"line":60,"column":27},"end":{"line":60,"column":48}},{"start":{"line":60,"column":52},"end":{"line":60,"column":53}}]},"6":{"loc":{"start":{"line":70,"column":25},"end":{"line":70,"column":51}},"type":"binary-expr","locations":[{"start":{"line":70,"column":25},"end":{"line":70,"column":46}},{"start":{"line":70,"column":50},"end":{"line":70,"column":51}}]},"7":{"loc":{"start":{"line":82,"column":27},"end":{"line":82,"column":56}},"type":"binary-expr","locations":[{"start":{"line":82,"column":27},"end":{"line":82,"column":51}},{"start":{"line":82,"column":55},"end":{"line":82,"column":56}}]},"8":{"loc":{"start":{"line":83,"column":32},"end":{"line":83,"column":67}},"type":"binary-expr","locations":[{"start":{"line":83,"column":32},"end":{"line":83,"column":61}},{"start":{"line":83,"column":65},"end":{"line":83,"column":67}}]},"9":{"loc":{"start":{"line":84,"column":24},"end":{"line":84,"column":50}},"type":"binary-expr","locations":[{"start":{"line":84,"column":24},"end":{"line":84,"column":45}},{"start":{"line":84,"column":49},"end":{"line":84,"column":50}}]},"10":{"loc":{"start":{"line":87,"column":22},"end":{"line":87,"column":78}},"type":"cond-expr","locations":[{"start":{"line":87,"column":47},"end":{"line":87,"column":60}},{"start":{"line":87,"column":63},"end":{"line":87,"column":78}}]},"11":{"loc":{"start":{"line":113,"column":8},"end":{"line":115,"column":9}},"type":"if","locations":[{"start":{"line":113,"column":8},"end":{"line":115,"column":9}},{"start":{},"end":{}}]},"12":{"loc":{"start":{"line":127,"column":19},"end":{"line":127,"column":57}},"type":"binary-expr","locations":[{"start":{"line":127,"column":19},"end":{"line":127,"column":51}},{"start":{"line":127,"column":55},"end":{"line":127,"column":57}}]},"13":{"loc":{"start":{"line":135,"column":6},"end":{"line":137,"column":7}},"type":"if","locations":[{"start":{"line":135,"column":6},"end":{"line":137,"column":7}},{"start":{},"end":{}}]},"14":{"loc":{"start":{"line":141,"column":31},"end":{"line":141,"column":53}},"type":"binary-expr","locations":[{"start":{"line":141,"column":31},"end":{"line":141,"column":48}},{"start":{"line":141,"column":52},"end":{"line":141,"column":53}}]},"15":{"loc":{"start":{"line":142,"column":32},"end":{"line":142,"column":55}},"type":"binary-expr","locations":[{"start":{"line":142,"column":32},"end":{"line":142,"column":50}},{"start":{"line":142,"column":54},"end":{"line":142,"column":55}}]},"16":{"loc":{"start":{"line":143,"column":30},"end":{"line":143,"column":51}},"type":"binary-expr","locations":[{"start":{"line":143,"column":30},"end":{"line":143,"column":46}},{"start":{"line":143,"column":50},"end":{"line":143,"column":51}}]},"17":{"loc":{"start":{"line":144,"column":30},"end":{"line":144,"column":51}},"type":"binary-expr","locations":[{"start":{"line":144,"column":30},"end":{"line":144,"column":46}},{"start":{"line":144,"column":50},"end":{"line":144,"column":51}}]},"18":{"loc":{"start":{"line":149,"column":19},"end":{"line":149,"column":36}},"type":"binary-expr","locations":[{"start":{"line":149,"column":19},"end":{"line":149,"column":31}},{"start":{"line":149,"column":35},"end":{"line":149,"column":36}}]}},"s":{"0":2,"1":2,"2":2,"3":2,"4":2,"5":6,"6":0,"7":0,"8":0,"9":0,"10":0,"11":0,"12":0,"13":0,"14":0,"15":0,"16":0,"17":0,"18":0,"19":0,"20":0,"21":0,"22":0,"23":0,"24":0,"25":0,"26":0,"27":0,"28":0,"29":0,"30":0,"31":0,"32":0,"33":0,"34":0,"35":0,"36":0,"37":0,"38":0,"39":0,"40":0,"41":0,"42":11,"43":11,"44":11,"45":11,"46":11,"47":27,"48":11,"49":5,"50":6,"51":6,"52":6,"53":6,"54":6,"55":6,"56":6,"57":0,"58":0,"59":2},"f":{"0":6,"1":0,"2":0,"3":0,"4":11,"5":27},"b":{"0":[0,0],"1":[0,0],"2":[0,0],"3":[0,0],"4":[0,0],"5":[0,0],"6":[0,0],"7":[0,0],"8":[0,0],"9":[0,0],"10":[0,0],"11":[0,0],"12":[11,0],"13":[5,6],"14":[6,0],"15":[6,0],"16":[6,0],"17":[6,0],"18":[6,0]}}
,"/Users/andrein/ore/ore-etl/src/etl/checkpoint-etl.ts": {"path":"/Users/andrein/ore/ore-etl/src/etl/checkpoint-etl.ts","statementMap":{"0":{"start":{"line":2,"column":0},"end":{"line":2,"column":41}},"1":{"start":{"line":3,"column":0},"end":{"line":3,"column":65}},"2":{"start":{"line":4,"column":0},"end":{"line":4,"column":66}},"3":{"start":{"line":6,"column":0},"end":{"line":6,"column":35}},"4":{"start":{"line":12,"column":4},"end":{"line":12,"column":37}},"5":{"start":{"line":16,"column":4},"end":{"line":16,"column":46}},"6":{"start":{"line":18,"column":4},"end":{"line":93,"column":5}},"7":{"start":{"line":19,"column":20},"end":{"line":19,"column":69}},"8":{"start":{"line":20,"column":23},"end":{"line":20,"column":52}},"9":{"start":{"line":22,"column":6},"end":{"line":22,"column":54}},"10":{"start":{"line":24,"column":6},"end":{"line":31,"column":9}},"11":{"start":{"line":33,"column":22},"end":{"line":33,"column":23}},"12":{"start":{"line":34,"column":24},"end":{"line":34,"column":32}},"13":{"start":{"line":36,"column":6},"end":{"line":66,"column":7}},"14":{"start":{"line":37,"column":22},"end":{"line":37,"column":56}},"15":{"start":{"line":39,"column":8},"end":{"line":42,"column":9}},"16":{"start":{"line":40,"column":10},"end":{"line":40,"column":57}},"17":{"start":{"line":41,"column":10},"end":{"line":41,"column":16}},"18":{"start":{"line":44,"column":28},"end":{"line":44,"column":58}},"19":{"start":{"line":46,"column":8},"end":{"line":51,"column":9}},"20":{"start":{"line":47,"column":10},"end":{"line":50,"column":12}},"21":{"start":{"line":53,"column":8},"end":{"line":53,"column":40}},"22":{"start":{"line":54,"column":8},"end":{"line":54,"column":51}},"23":{"start":{"line":56,"column":8},"end":{"line":56,"column":88}},"24":{"start":{"line":58,"column":8},"end":{"line":65,"column":11}},"25":{"start":{"line":68,"column":6},"end":{"line":75,"column":9}},"26":{"start":{"line":77,"column":6},"end":{"line":77,"column":86}},"27":{"start":{"line":79,"column":6},"end":{"line":79,"column":53}},"28":{"start":{"line":81,"column":20},"end":{"line":81,"column":69}},"29":{"start":{"line":82,"column":6},"end":{"line":90,"column":9}},"30":{"start":{"line":92,"column":6},"end":{"line":92,"column":18}},"31":{"start":{"line":97,"column":23},"end":{"line":97,"column":71}},"32":{"start":{"line":99,"column":4},"end":{"line":111,"column":17}},"33":{"start":{"line":115,"column":46},"end":{"line":115,"column":48}},"34":{"start":{"line":117,"column":4},"end":{"line":126,"column":5}},"35":{"start":{"line":118,"column":6},"end":{"line":125,"column":7}},"36":{"start":{"line":119,"column":27},"end":{"line":119,"column":60}},"37":{"start":{"line":120,"column":8},"end":{"line":122,"column":9}},"38":{"start":{"line":121,"column":10},"end":{"line":121,"column":39}},"39":{"start":{"line":124,"column":8},"end":{"line":124,"column":76}},"40":{"start":{"line":128,"column":4},"end":{"line":128,"column":23}},"41":{"start":{"line":133,"column":4},"end":{"line":190,"column":5}},"42":{"start":{"line":134,"column":19},"end":{"line":134,"column":57}},"43":{"start":{"line":135,"column":22},"end":{"line":135,"column":37}},"44":{"start":{"line":138,"column":25},"end":{"line":138,"column":49}},"45":{"start":{"line":139,"column":29},"end":{"line":139,"column":95}},"46":{"start":{"line":139,"column":52},"end":{"line":139,"column":75}},"47":{"start":{"line":141,"column":6},"end":{"line":143,"column":7}},"48":{"start":{"line":142,"column":8},"end":{"line":142,"column":20}},"49":{"start":{"line":146,"column":21},"end":{"line":146,"column":66}},"50":{"start":{"line":149,"column":27},"end":{"line":149,"column":82}},"51":{"start":{"line":150,"column":22},"end":{"line":150,"column":31}},"52":{"start":{"line":152,"column":6},"end":{"line":160,"column":7}},"53":{"start":{"line":153,"column":8},"end":{"line":159,"column":9}},"54":{"start":{"line":154,"column":27},"end":{"line":154,"column":64}},"55":{"start":{"line":155,"column":10},"end":{"line":158,"column":11}},"56":{"start":{"line":156,"column":12},"end":{"line":156,"column":75}},"57":{"start":{"line":157,"column":12},"end":{"line":157,"column":18}},"58":{"start":{"line":163,"column":30},"end":{"line":163,"column":84}},"59":{"start":{"line":165,"column":8},"end":{"line":167,"column":42}},"60":{"start":{"line":169,"column":43},"end":{"line":184,"column":8}},"61":{"start":{"line":186,"column":6},"end":{"line":186,"column":22}},"62":{"start":{"line":188,"column":6},"end":{"line":188,"column":82}},"63":{"start":{"line":189,"column":6},"end":{"line":189,"column":18}},"64":{"start":{"line":8,"column":0},"end":{"line":8,"column":13}}},"fnMap":{"0":{"name":"(anonymous_0)","decl":{"start":{"line":11,"column":2},"end":{"line":11,"column":14}},"loc":{"start":{"line":11,"column":40},"end":{"line":13,"column":3}}},"1":{"name":"(anonymous_1)","decl":{"start":{"line":15,"column":2},"end":{"line":15,"column":7}},"loc":{"start":{"line":15,"column":11},"end":{"line":94,"column":3}}},"2":{"name":"(anonymous_2)","decl":{"start":{"line":96,"column":10},"end":{"line":96,"column":15}},"loc":{"start":{"line":96,"column":44},"end":{"line":112,"column":3}}},"3":{"name":"(anonymous_3)","decl":{"start":{"line":114,"column":10},"end":{"line":114,"column":15}},"loc":{"start":{"line":114,"column":59},"end":{"line":129,"column":3}}},"4":{"name":"(anonymous_4)","decl":{"start":{"line":132,"column":2},"end":{"line":132,"column":7}},"loc":{"start":{"line":132,"column":45},"end":{"line":191,"column":3}}},"5":{"name":"(anonymous_5)","decl":{"start":{"line":139,"column":47},"end":{"line":139,"column":48}},"loc":{"start":{"line":139,"column":52},"end":{"line":139,"column":75}}}},"branchMap":{"0":{"loc":{"start":{"line":20,"column":23},"end":{"line":20,"column":52}},"type":"binary-expr","locations":[{"start":{"line":20,"column":23},"end":{"line":20,"column":47}},{"start":{"line":20,"column":51},"end":{"line":20,"column":52}}]},"1":{"loc":{"start":{"line":27,"column":32},"end":{"line":27,"column":67}},"type":"binary-expr","locations":[{"start":{"line":27,"column":32},"end":{"line":27,"column":61}},{"start":{"line":27,"column":65},"end":{"line":27,"column":67}}]},"2":{"loc":{"start":{"line":28,"column":24},"end":{"line":28,"column":50}},"type":"binary-expr","locations":[{"start":{"line":28,"column":24},"end":{"line":28,"column":45}},{"start":{"line":28,"column":49},"end":{"line":28,"column":50}}]},"3":{"loc":{"start":{"line":39,"column":8},"end":{"line":42,"column":9}},"type":"if","locations":[{"start":{"line":39,"column":8},"end":{"line":42,"column":9}},{"start":{},"end":{}}]},"4":{"loc":{"start":{"line":46,"column":8},"end":{"line":51,"column":9}},"type":"if","locations":[{"start":{"line":46,"column":8},"end":{"line":51,"column":9}},{"start":{},"end":{}}]},"5":{"loc":{"start":{"line":62,"column":27},"end":{"line":62,"column":53}},"type":"binary-expr","locations":[{"start":{"line":62,"column":27},"end":{"line":62,"column":48}},{"start":{"line":62,"column":52},"end":{"line":62,"column":53}}]},"6":{"loc":{"start":{"line":72,"column":25},"end":{"line":72,"column":51}},"type":"binary-expr","locations":[{"start":{"line":72,"column":25},"end":{"line":72,"column":46}},{"start":{"line":72,"column":50},"end":{"line":72,"column":51}}]},"7":{"loc":{"start":{"line":84,"column":27},"end":{"line":84,"column":56}},"type":"binary-expr","locations":[{"start":{"line":84,"column":27},"end":{"line":84,"column":51}},{"start":{"line":84,"column":55},"end":{"line":84,"column":56}}]},"8":{"loc":{"start":{"line":85,"column":32},"end":{"line":85,"column":67}},"type":"binary-expr","locations":[{"start":{"line":85,"column":32},"end":{"line":85,"column":61}},{"start":{"line":85,"column":65},"end":{"line":85,"column":67}}]},"9":{"loc":{"start":{"line":86,"column":24},"end":{"line":86,"column":50}},"type":"binary-expr","locations":[{"start":{"line":86,"column":24},"end":{"line":86,"column":45}},{"start":{"line":86,"column":49},"end":{"line":86,"column":50}}]},"10":{"loc":{"start":{"line":89,"column":22},"end":{"line":89,"column":78}},"type":"cond-expr","locations":[{"start":{"line":89,"column":47},"end":{"line":89,"column":60}},{"start":{"line":89,"column":63},"end":{"line":89,"column":78}}]},"11":{"loc":{"start":{"line":120,"column":8},"end":{"line":122,"column":9}},"type":"if","locations":[{"start":{"line":120,"column":8},"end":{"line":122,"column":9}},{"start":{},"end":{}}]},"12":{"loc":{"start":{"line":134,"column":19},"end":{"line":134,"column":57}},"type":"binary-expr","locations":[{"start":{"line":134,"column":19},"end":{"line":134,"column":51}},{"start":{"line":134,"column":55},"end":{"line":134,"column":57}}]},"13":{"loc":{"start":{"line":141,"column":6},"end":{"line":143,"column":7}},"type":"if","locations":[{"start":{"line":141,"column":6},"end":{"line":143,"column":7}},{"start":{},"end":{}}]},"14":{"loc":{"start":{"line":149,"column":27},"end":{"line":149,"column":82}},"type":"binary-expr","locations":[{"start":{"line":149,"column":27},"end":{"line":149,"column":76}},{"start":{"line":149,"column":80},"end":{"line":149,"column":82}}]},"15":{"loc":{"start":{"line":153,"column":8},"end":{"line":159,"column":9}},"type":"if","locations":[{"start":{"line":153,"column":8},"end":{"line":159,"column":9}},{"start":{},"end":{}}]},"16":{"loc":{"start":{"line":155,"column":10},"end":{"line":158,"column":11}},"type":"if","locations":[{"start":{"line":155,"column":10},"end":{"line":158,"column":11}},{"start":{},"end":{}}]},"17":{"loc":{"start":{"line":155,"column":14},"end":{"line":155,"column":51}},"type":"binary-expr","locations":[{"start":{"line":155,"column":14},"end":{"line":155,"column":32}},{"start":{"line":155,"column":36},"end":{"line":155,"column":51}}]},"18":{"loc":{"start":{"line":156,"column":24},"end":{"line":156,"column":74}},"type":"binary-expr","locations":[{"start":{"line":156,"column":24},"end":{"line":156,"column":42}},{"start":{"line":156,"column":46},"end":{"line":156,"column":61}},{"start":{"line":156,"column":65},"end":{"line":156,"column":74}}]},"19":{"loc":{"start":{"line":163,"column":31},"end":{"line":163,"column":57}},"type":"binary-expr","locations":[{"start":{"line":163,"column":31},"end":{"line":163,"column":52}},{"start":{"line":163,"column":56},"end":{"line":163,"column":57}}]},"20":{"loc":{"start":{"line":163,"column":62},"end":{"line":163,"column":83}},"type":"binary-expr","locations":[{"start":{"line":163,"column":62},"end":{"line":163,"column":78}},{"start":{"line":163,"column":82},"end":{"line":163,"column":83}}]},"21":{"loc":{"start":{"line":165,"column":9},"end":{"line":165,"column":36}},"type":"binary-expr","locations":[{"start":{"line":165,"column":9},"end":{"line":165,"column":31}},{"start":{"line":165,"column":35},"end":{"line":165,"column":36}}]},"22":{"loc":{"start":{"line":166,"column":9},"end":{"line":166,"column":39}},"type":"binary-expr","locations":[{"start":{"line":166,"column":9},"end":{"line":166,"column":34}},{"start":{"line":166,"column":38},"end":{"line":166,"column":39}}]},"23":{"loc":{"start":{"line":167,"column":9},"end":{"line":167,"column":41}},"type":"binary-expr","locations":[{"start":{"line":167,"column":9},"end":{"line":167,"column":36}},{"start":{"line":167,"column":40},"end":{"line":167,"column":41}}]},"24":{"loc":{"start":{"line":172,"column":19},"end":{"line":172,"column":36}},"type":"binary-expr","locations":[{"start":{"line":172,"column":19},"end":{"line":172,"column":31}},{"start":{"line":172,"column":35},"end":{"line":172,"column":36}}]},"25":{"loc":{"start":{"line":174,"column":17},"end":{"line":174,"column":36}},"type":"binary-expr","locations":[{"start":{"line":174,"column":17},"end":{"line":174,"column":31}},{"start":{"line":174,"column":35},"end":{"line":174,"column":36}}]}},"s":{"0":2,"1":2,"2":2,"3":2,"4":7,"5":0,"6":0,"7":0,"8":0,"9":0,"10":0,"11":0,"12":0,"13":0,"14":0,"15":0,"16":0,"17":0,"18":0,"19":0,"20":0,"21":0,"22":0,"23":0,"24":0,"25":0,"26":0,"27":0,"28":0,"29":0,"30":0,"31":0,"32":0,"33":0,"34":0,"35":0,"36":0,"37":0,"38":0,"39":0,"40":0,"41":13,"42":13,"43":13,"44":13,"45":13,"46":38,"47":13,"48":4,"49":9,"50":9,"51":9,"52":9,"53":27,"54":27,"55":27,"56":9,"57":9,"58":9,"59":9,"60":9,"61":9,"62":0,"63":0,"64":2},"f":{"0":7,"1":0,"2":0,"3":0,"4":13,"5":38},"b":{"0":[0,0],"1":[0,0],"2":[0,0],"3":[0,0],"4":[0,0],"5":[0,0],"6":[0,0],"7":[0,0],"8":[0,0],"9":[0,0],"10":[0,0],"11":[0,0],"12":[13,0],"13":[4,9],"14":[9,0],"15":[27,0],"16":[9,18],"17":[27,18],"18":[9,0,0],"19":[9,0],"20":[9,9],"21":[9,0],"22":[9,9],"23":[9,9],"24":[9,0],"25":[9,0]}}
,"/Users/andrein/ore/ore-etl/src/etl/claim-ore-etl.ts": {"path":"/Users/andrein/ore/ore-etl/src/etl/claim-ore-etl.ts","statementMap":{"0":{"start":{"line":2,"column":0},"end":{"line":2,"column":41}},"1":{"start":{"line":3,"column":0},"end":{"line":3,"column":63}},"2":{"start":{"line":4,"column":0},"end":{"line":4,"column":66}},"3":{"start":{"line":6,"column":0},"end":{"line":6,"column":35}},"4":{"start":{"line":7,"column":0},"end":{"line":7,"column":58}},"5":{"start":{"line":9,"column":22},"end":{"line":9,"column":37}},"6":{"start":{"line":12,"column":31},"end":{"line":12,"column":57}},"7":{"start":{"line":15,"column":4},"end":{"line":15,"column":45}},"8":{"start":{"line":17,"column":4},"end":{"line":92,"column":5}},"9":{"start":{"line":18,"column":20},"end":{"line":18,"column":68}},"10":{"start":{"line":19,"column":23},"end":{"line":19,"column":52}},"11":{"start":{"line":21,"column":6},"end":{"line":21,"column":66}},"12":{"start":{"line":23,"column":6},"end":{"line":30,"column":9}},"13":{"start":{"line":32,"column":22},"end":{"line":32,"column":23}},"14":{"start":{"line":33,"column":24},"end":{"line":33,"column":32}},"15":{"start":{"line":35,"column":6},"end":{"line":65,"column":7}},"16":{"start":{"line":36,"column":22},"end":{"line":36,"column":56}},"17":{"start":{"line":38,"column":8},"end":{"line":41,"column":9}},"18":{"start":{"line":39,"column":10},"end":{"line":39,"column":67}},"19":{"start":{"line":40,"column":10},"end":{"line":40,"column":16}},"20":{"start":{"line":43,"column":23},"end":{"line":43,"column":53}},"21":{"start":{"line":45,"column":8},"end":{"line":50,"column":9}},"22":{"start":{"line":46,"column":10},"end":{"line":49,"column":12}},"23":{"start":{"line":52,"column":8},"end":{"line":52,"column":35}},"24":{"start":{"line":53,"column":8},"end":{"line":53,"column":51}},"25":{"start":{"line":55,"column":8},"end":{"line":55,"column":85}},"26":{"start":{"line":57,"column":8},"end":{"line":64,"column":11}},"27":{"start":{"line":67,"column":6},"end":{"line":74,"column":9}},"28":{"start":{"line":76,"column":6},"end":{"line":76,"column":86}},"29":{"start":{"line":78,"column":6},"end":{"line":78,"column":52}},"30":{"start":{"line":80,"column":20},"end":{"line":80,"column":68}},"31":{"start":{"line":81,"column":6},"end":{"line":89,"column":9}},"32":{"start":{"line":91,"column":6},"end":{"line":91,"column":18}},"33":{"start":{"line":96,"column":23},"end":{"line":96,"column":71}},"34":{"start":{"line":98,"column":4},"end":{"line":105,"column":17}},"35":{"start":{"line":109,"column":39},"end":{"line":109,"column":41}},"36":{"start":{"line":111,"column":4},"end":{"line":120,"column":5}},"37":{"start":{"line":112,"column":6},"end":{"line":119,"column":7}},"38":{"start":{"line":113,"column":22},"end":{"line":113,"column":55}},"39":{"start":{"line":114,"column":8},"end":{"line":116,"column":9}},"40":{"start":{"line":115,"column":10},"end":{"line":115,"column":29}},"41":{"start":{"line":118,"column":8},"end":{"line":118,"column":86}},"42":{"start":{"line":122,"column":4},"end":{"line":122,"column":18}},"43":{"start":{"line":127,"column":4},"end":{"line":179,"column":5}},"44":{"start":{"line":128,"column":19},"end":{"line":128,"column":57}},"45":{"start":{"line":129,"column":22},"end":{"line":129,"column":37}},"46":{"start":{"line":131,"column":25},"end":{"line":131,"column":49}},"47":{"start":{"line":132,"column":24},"end":{"line":133,"column":null}},"48":{"start":{"line":133,"column":37},"end":{"line":133,"column":61}},"49":{"start":{"line":136,"column":6},"end":{"line":138,"column":7}},"50":{"start":{"line":137,"column":8},"end":{"line":137,"column":20}},"51":{"start":{"line":140,"column":23},"end":{"line":140,"column":35}},"52":{"start":{"line":142,"column":27},"end":{"line":142,"column":82}},"53":{"start":{"line":143,"column":22},"end":{"line":143,"column":31}},"54":{"start":{"line":145,"column":6},"end":{"line":154,"column":7}},"55":{"start":{"line":146,"column":32},"end":{"line":146,"column":77}},"56":{"start":{"line":147,"column":8},"end":{"line":153,"column":9}},"57":{"start":{"line":148,"column":27},"end":{"line":148,"column":64}},"58":{"start":{"line":149,"column":10},"end":{"line":152,"column":11}},"59":{"start":{"line":150,"column":12},"end":{"line":150,"column":75}},"60":{"start":{"line":151,"column":12},"end":{"line":151,"column":18}},"61":{"start":{"line":156,"column":6},"end":{"line":162,"column":7}},"62":{"start":{"line":157,"column":28},"end":{"line":157,"column":82}},"63":{"start":{"line":158,"column":8},"end":{"line":161,"column":9}},"64":{"start":{"line":159,"column":32},"end":{"line":159,"column":46}},"65":{"start":{"line":160,"column":10},"end":{"line":160,"column":72}},"66":{"start":{"line":164,"column":41},"end":{"line":173,"column":8}},"67":{"start":{"line":175,"column":6},"end":{"line":175,"column":22}},"68":{"start":{"line":177,"column":6},"end":{"line":177,"column":81}},"69":{"start":{"line":178,"column":6},"end":{"line":178,"column":18}},"70":{"start":{"line":11,"column":0},"end":{"line":11,"column":13}}},"fnMap":{"0":{"name":"(anonymous_0)","decl":{"start":{"line":12,"column":2},"end":{"line":12,"column":31}},"loc":{"start":{"line":12,"column":57},"end":{"line":12,"column":61}}},"1":{"name":"(anonymous_1)","decl":{"start":{"line":14,"column":2},"end":{"line":14,"column":7}},"loc":{"start":{"line":14,"column":11},"end":{"line":93,"column":3}}},"2":{"name":"(anonymous_2)","decl":{"start":{"line":95,"column":10},"end":{"line":95,"column":15}},"loc":{"start":{"line":95,"column":44},"end":{"line":106,"column":3}}},"3":{"name":"(anonymous_3)","decl":{"start":{"line":108,"column":10},"end":{"line":108,"column":15}},"loc":{"start":{"line":108,"column":59},"end":{"line":123,"column":3}}},"4":{"name":"(anonymous_4)","decl":{"start":{"line":126,"column":2},"end":{"line":126,"column":7}},"loc":{"start":{"line":126,"column":45},"end":{"line":180,"column":3}}},"5":{"name":"(anonymous_5)","decl":{"start":{"line":133,"column":8},"end":{"line":133,"column":9}},"loc":{"start":{"line":133,"column":37},"end":{"line":133,"column":61}}}},"branchMap":{"0":{"loc":{"start":{"line":19,"column":23},"end":{"line":19,"column":52}},"type":"binary-expr","locations":[{"start":{"line":19,"column":23},"end":{"line":19,"column":47}},{"start":{"line":19,"column":51},"end":{"line":19,"column":52}}]},"1":{"loc":{"start":{"line":26,"column":32},"end":{"line":26,"column":67}},"type":"binary-expr","locations":[{"start":{"line":26,"column":32},"end":{"line":26,"column":61}},{"start":{"line":26,"column":65},"end":{"line":26,"column":67}}]},"2":{"loc":{"start":{"line":27,"column":24},"end":{"line":27,"column":50}},"type":"binary-expr","locations":[{"start":{"line":27,"column":24},"end":{"line":27,"column":45}},{"start":{"line":27,"column":49},"end":{"line":27,"column":50}}]},"3":{"loc":{"start":{"line":38,"column":8},"end":{"line":41,"column":9}},"type":"if","locations":[{"start":{"line":38,"column":8},"end":{"line":41,"column":9}},{"start":{},"end":{}}]},"4":{"loc":{"start":{"line":45,"column":8},"end":{"line":50,"column":9}},"type":"if","locations":[{"start":{"line":45,"column":8},"end":{"line":50,"column":9}},{"start":{},"end":{}}]},"5":{"loc":{"start":{"line":61,"column":27},"end":{"line":61,"column":53}},"type":"binary-expr","locations":[{"start":{"line":61,"column":27},"end":{"line":61,"column":48}},{"start":{"line":61,"column":52},"end":{"line":61,"column":53}}]},"6":{"loc":{"start":{"line":71,"column":25},"end":{"line":71,"column":51}},"type":"binary-expr","locations":[{"start":{"line":71,"column":25},"end":{"line":71,"column":46}},{"start":{"line":71,"column":50},"end":{"line":71,"column":51}}]},"7":{"loc":{"start":{"line":83,"column":27},"end":{"line":83,"column":56}},"type":"binary-expr","locations":[{"start":{"line":83,"column":27},"end":{"line":83,"column":51}},{"start":{"line":83,"column":55},"end":{"line":83,"column":56}}]},"8":{"loc":{"start":{"line":84,"column":32},"end":{"line":84,"column":67}},"type":"binary-expr","locations":[{"start":{"line":84,"column":32},"end":{"line":84,"column":61}},{"start":{"line":84,"column":65},"end":{"line":84,"column":67}}]},"9":{"loc":{"start":{"line":85,"column":24},"end":{"line":85,"column":50}},"type":"binary-expr","locations":[{"start":{"line":85,"column":24},"end":{"line":85,"column":45}},{"start":{"line":85,"column":49},"end":{"line":85,"column":50}}]},"10":{"loc":{"start":{"line":88,"column":22},"end":{"line":88,"column":78}},"type":"cond-expr","locations":[{"start":{"line":88,"column":47},"end":{"line":88,"column":60}},{"start":{"line":88,"column":63},"end":{"line":88,"column":78}}]},"11":{"loc":{"start":{"line":114,"column":8},"end":{"line":116,"column":9}},"type":"if","locations":[{"start":{"line":114,"column":8},"end":{"line":116,"column":9}},{"start":{},"end":{}}]},"12":{"loc":{"start":{"line":128,"column":19},"end":{"line":128,"column":57}},"type":"binary-expr","locations":[{"start":{"line":128,"column":19},"end":{"line":128,"column":51}},{"start":{"line":128,"column":55},"end":{"line":128,"column":57}}]},"13":{"loc":{"start":{"line":136,"column":6},"end":{"line":138,"column":7}},"type":"if","locations":[{"start":{"line":136,"column":6},"end":{"line":138,"column":7}},{"start":{},"end":{}}]},"14":{"loc":{"start":{"line":142,"column":27},"end":{"line":142,"column":82}},"type":"binary-expr","locations":[{"start":{"line":142,"column":27},"end":{"line":142,"column":76}},{"start":{"line":142,"column":80},"end":{"line":142,"column":82}}]},"15":{"loc":{"start":{"line":147,"column":8},"end":{"line":153,"column":9}},"type":"if","locations":[{"start":{"line":147,"column":8},"end":{"line":153,"column":9}},{"start":{},"end":{}}]},"16":{"loc":{"start":{"line":149,"column":10},"end":{"line":152,"column":11}},"type":"if","locations":[{"start":{"line":149,"column":10},"end":{"line":152,"column":11}},{"start":{},"end":{}}]},"17":{"loc":{"start":{"line":149,"column":14},"end":{"line":149,"column":51}},"type":"binary-expr","locations":[{"start":{"line":149,"column":14},"end":{"line":149,"column":32}},{"start":{"line":149,"column":36},"end":{"line":149,"column":51}}]},"18":{"loc":{"start":{"line":150,"column":24},"end":{"line":150,"column":74}},"type":"binary-expr","locations":[{"start":{"line":150,"column":24},"end":{"line":150,"column":42}},{"start":{"line":150,"column":46},"end":{"line":150,"column":61}},{"start":{"line":150,"column":65},"end":{"line":150,"column":74}}]},"19":{"loc":{"start":{"line":156,"column":6},"end":{"line":162,"column":7}},"type":"if","locations":[{"start":{"line":156,"column":6},"end":{"line":162,"column":7}},{"start":{},"end":{}}]},"20":{"loc":{"start":{"line":157,"column":28},"end":{"line":157,"column":82}},"type":"binary-expr","locations":[{"start":{"line":157,"column":28},"end":{"line":157,"column":76}},{"start":{"line":157,"column":80},"end":{"line":157,"column":82}}]},"21":{"loc":{"start":{"line":158,"column":8},"end":{"line":161,"column":9}},"type":"if","locations":[{"start":{"line":158,"column":8},"end":{"line":161,"column":9}},{"start":{},"end":{}}]},"22":{"loc":{"start":{"line":160,"column":22},"end":{"line":160,"column":71}},"type":"binary-expr","locations":[{"start":{"line":160,"column":22},"end":{"line":160,"column":58}},{"start":{"line":160,"column":62},"end":{"line":160,"column":71}}]},"23":{"loc":{"start":{"line":167,"column":19},"end":{"line":167,"column":36}},"type":"binary-expr","locations":[{"start":{"line":167,"column":19},"end":{"line":167,"column":31}},{"start":{"line":167,"column":35},"end":{"line":167,"column":36}}]}},"s":{"0":2,"1":2,"2":2,"3":2,"4":2,"5":2,"6":7,"7":0,"8":0,"9":0,"10":0,"11":0,"12":0,"13":0,"14":0,"15":0,"16":0,"17":0,"18":0,"19":0,"20":0,"21":0,"22":0,"23":0,"24":0,"25":0,"26":0,"27":0,"28":0,"29":0,"30":0,"31":0,"32":0,"33":0,"34":0,"35":0,"36":0,"37":0,"38":0,"39":0,"40":0,"41":0,"42":0,"43":16,"44":16,"45":16,"46":16,"47":16,"48":41,"49":16,"50":9,"51":7,"52":7,"53":7,"54":7,"55":28,"56":28,"57":7,"58":7,"59":7,"60":7,"61":7,"62":0,"63":0,"64":0,"65":0,"66":7,"67":7,"68":0,"69":0,"70":2},"f":{"0":7,"1":0,"2":0,"3":0,"4":16,"5":41},"b":{"0":[0,0],"1":[0,0],"2":[0,0],"3":[0,0],"4":[0,0],"5":[0,0],"6":[0,0],"7":[0,0],"8":[0,0],"9":[0,0],"10":[0,0],"11":[0,0],"12":[16,0],"13":[9,7],"14":[7,0],"15":[7,21],"16":[7,0],"17":[7,0],"18":[7,0,0],"19":[0,7],"20":[0,0],"21":[0,0],"22":[0,0],"23":[7,0]}}
,"/Users/andrein/ore/ore-etl/src/etl/claim-sol-etl.ts": {"path":"/Users/andrein/ore/ore-etl/src/etl/claim-sol-etl.ts","statementMap":{"0":{"start":{"line":2,"column":0},"end":{"line":2,"column":41}},"1":{"start":{"line":3,"column":0},"end":{"line":3,"column":63}},"2":{"start":{"line":4,"column":0},"end":{"line":4,"column":66}},"3":{"start":{"line":6,"column":0},"end":{"line":6,"column":35}},"4":{"start":{"line":7,"column":0},"end":{"line":7,"column":58}},"5":{"start":{"line":9,"column":25},"end":{"line":9,"column":38}},"6":{"start":{"line":12,"column":31},"end":{"line":12,"column":57}},"7":{"start":{"line":15,"column":4},"end":{"line":15,"column":45}},"8":{"start":{"line":17,"column":4},"end":{"line":92,"column":5}},"9":{"start":{"line":18,"column":20},"end":{"line":18,"column":68}},"10":{"start":{"line":19,"column":23},"end":{"line":19,"column":52}},"11":{"start":{"line":21,"column":6},"end":{"line":21,"column":66}},"12":{"start":{"line":23,"column":6},"end":{"line":30,"column":9}},"13":{"start":{"line":32,"column":22},"end":{"line":32,"column":23}},"14":{"start":{"line":33,"column":24},"end":{"line":33,"column":32}},"15":{"start":{"line":35,"column":6},"end":{"line":65,"column":7}},"16":{"start":{"line":36,"column":22},"end":{"line":36,"column":56}},"17":{"start":{"line":38,"column":8},"end":{"line":41,"column":9}},"18":{"start":{"line":39,"column":10},"end":{"line":39,"column":67}},"19":{"start":{"line":40,"column":10},"end":{"line":40,"column":16}},"20":{"start":{"line":43,"column":23},"end":{"line":43,"column":53}},"21":{"start":{"line":45,"column":8},"end":{"line":50,"column":9}},"22":{"start":{"line":46,"column":10},"end":{"line":49,"column":12}},"23":{"start":{"line":52,"column":8},"end":{"line":52,"column":35}},"24":{"start":{"line":53,"column":8},"end":{"line":53,"column":51}},"25":{"start":{"line":55,"column":8},"end":{"line":55,"column":85}},"26":{"start":{"line":57,"column":8},"end":{"line":64,"column":11}},"27":{"start":{"line":67,"column":6},"end":{"line":74,"column":9}},"28":{"start":{"line":76,"column":6},"end":{"line":76,"column":86}},"29":{"start":{"line":78,"column":6},"end":{"line":78,"column":52}},"30":{"start":{"line":80,"column":20},"end":{"line":80,"column":68}},"31":{"start":{"line":81,"column":6},"end":{"line":89,"column":9}},"32":{"start":{"line":91,"column":6},"end":{"line":91,"column":18}},"33":{"start":{"line":96,"column":23},"end":{"line":96,"column":71}},"34":{"start":{"line":98,"column":4},"end":{"line":105,"column":17}},"35":{"start":{"line":109,"column":39},"end":{"line":109,"column":41}},"36":{"start":{"line":111,"column":4},"end":{"line":120,"column":5}},"37":{"start":{"line":112,"column":6},"end":{"line":119,"column":7}},"38":{"start":{"line":113,"column":22},"end":{"line":113,"column":55}},"39":{"start":{"line":114,"column":8},"end":{"line":116,"column":9}},"40":{"start":{"line":115,"column":10},"end":{"line":115,"column":29}},"41":{"start":{"line":118,"column":8},"end":{"line":118,"column":86}},"42":{"start":{"line":122,"column":4},"end":{"line":122,"column":18}},"43":{"start":{"line":127,"column":4},"end":{"line":179,"column":5}},"44":{"start":{"line":128,"column":19},"end":{"line":128,"column":57}},"45":{"start":{"line":129,"column":22},"end":{"line":129,"column":37}},"46":{"start":{"line":131,"column":25},"end":{"line":131,"column":49}},"47":{"start":{"line":132,"column":24},"end":{"line":133,"column":null}},"48":{"start":{"line":133,"column":37},"end":{"line":133,"column":61}},"49":{"start":{"line":136,"column":6},"end":{"line":138,"column":7}},"50":{"start":{"line":137,"column":8},"end":{"line":137,"column":20}},"51":{"start":{"line":140,"column":23},"end":{"line":140,"column":35}},"52":{"start":{"line":142,"column":27},"end":{"line":142,"column":82}},"53":{"start":{"line":143,"column":22},"end":{"line":143,"column":31}},"54":{"start":{"line":145,"column":6},"end":{"line":154,"column":7}},"55":{"start":{"line":146,"column":32},"end":{"line":146,"column":77}},"56":{"start":{"line":147,"column":8},"end":{"line":153,"column":9}},"57":{"start":{"line":148,"column":27},"end":{"line":148,"column":64}},"58":{"start":{"line":149,"column":10},"end":{"line":152,"column":11}},"59":{"start":{"line":150,"column":12},"end":{"line":150,"column":75}},"60":{"start":{"line":151,"column":12},"end":{"line":151,"column":18}},"61":{"start":{"line":156,"column":6},"end":{"line":162,"column":7}},"62":{"start":{"line":157,"column":28},"end":{"line":157,"column":82}},"63":{"start":{"line":158,"column":8},"end":{"line":161,"column":9}},"64":{"start":{"line":159,"column":32},"end":{"line":159,"column":46}},"65":{"start":{"line":160,"column":10},"end":{"line":160,"column":72}},"66":{"start":{"line":164,"column":41},"end":{"line":173,"column":8}},"67":{"start":{"line":175,"column":6},"end":{"line":175,"column":22}},"68":{"start":{"line":177,"column":6},"end":{"line":177,"column":81}},"69":{"start":{"line":178,"column":6},"end":{"line":178,"column":18}},"70":{"start":{"line":11,"column":0},"end":{"line":11,"column":13}}},"fnMap":{"0":{"name":"(anonymous_0)","decl":{"start":{"line":12,"column":2},"end":{"line":12,"column":31}},"loc":{"start":{"line":12,"column":57},"end":{"line":12,"column":61}}},"1":{"name":"(anonymous_1)","decl":{"start":{"line":14,"column":2},"end":{"line":14,"column":7}},"loc":{"start":{"line":14,"column":11},"end":{"line":93,"column":3}}},"2":{"name":"(anonymous_2)","decl":{"start":{"line":95,"column":10},"end":{"line":95,"column":15}},"loc":{"start":{"line":95,"column":44},"end":{"line":106,"column":3}}},"3":{"name":"(anonymous_3)","decl":{"start":{"line":108,"column":10},"end":{"line":108,"column":15}},"loc":{"start":{"line":108,"column":59},"end":{"line":123,"column":3}}},"4":{"name":"(anonymous_4)","decl":{"start":{"line":126,"column":2},"end":{"line":126,"column":7}},"loc":{"start":{"line":126,"column":45},"end":{"line":180,"column":3}}},"5":{"name":"(anonymous_5)","decl":{"start":{"line":133,"column":8},"end":{"line":133,"column":9}},"loc":{"start":{"line":133,"column":37},"end":{"line":133,"column":61}}}},"branchMap":{"0":{"loc":{"start":{"line":19,"column":23},"end":{"line":19,"column":52}},"type":"binary-expr","locations":[{"start":{"line":19,"column":23},"end":{"line":19,"column":47}},{"start":{"line":19,"column":51},"end":{"line":19,"column":52}}]},"1":{"loc":{"start":{"line":26,"column":32},"end":{"line":26,"column":67}},"type":"binary-expr","locations":[{"start":{"line":26,"column":32},"end":{"line":26,"column":61}},{"start":{"line":26,"column":65},"end":{"line":26,"column":67}}]},"2":{"loc":{"start":{"line":27,"column":24},"end":{"line":27,"column":50}},"type":"binary-expr","locations":[{"start":{"line":27,"column":24},"end":{"line":27,"column":45}},{"start":{"line":27,"column":49},"end":{"line":27,"column":50}}]},"3":{"loc":{"start":{"line":38,"column":8},"end":{"line":41,"column":9}},"type":"if","locations":[{"start":{"line":38,"column":8},"end":{"line":41,"column":9}},{"start":{},"end":{}}]},"4":{"loc":{"start":{"line":45,"column":8},"end":{"line":50,"column":9}},"type":"if","locations":[{"start":{"line":45,"column":8},"end":{"line":50,"column":9}},{"start":{},"end":{}}]},"5":{"loc":{"start":{"line":61,"column":27},"end":{"line":61,"column":53}},"type":"binary-expr","locations":[{"start":{"line":61,"column":27},"end":{"line":61,"column":48}},{"start":{"line":61,"column":52},"end":{"line":61,"column":53}}]},"6":{"loc":{"start":{"line":71,"column":25},"end":{"line":71,"column":51}},"type":"binary-expr","locations":[{"start":{"line":71,"column":25},"end":{"line":71,"column":46}},{"start":{"line":71,"column":50},"end":{"line":71,"column":51}}]},"7":{"loc":{"start":{"line":83,"column":27},"end":{"line":83,"column":56}},"type":"binary-expr","locations":[{"start":{"line":83,"column":27},"end":{"line":83,"column":51}},{"start":{"line":83,"column":55},"end":{"line":83,"column":56}}]},"8":{"loc":{"start":{"line":84,"column":32},"end":{"line":84,"column":67}},"type":"binary-expr","locations":[{"start":{"line":84,"column":32},"end":{"line":84,"column":61}},{"start":{"line":84,"column":65},"end":{"line":84,"column":67}}]},"9":{"loc":{"start":{"line":85,"column":24},"end":{"line":85,"column":50}},"type":"binary-expr","locations":[{"start":{"line":85,"column":24},"end":{"line":85,"column":45}},{"start":{"line":85,"column":49},"end":{"line":85,"column":50}}]},"10":{"loc":{"start":{"line":88,"column":22},"end":{"line":88,"column":78}},"type":"cond-expr","locations":[{"start":{"line":88,"column":47},"end":{"line":88,"column":60}},{"start":{"line":88,"column":63},"end":{"line":88,"column":78}}]},"11":{"loc":{"start":{"line":114,"column":8},"end":{"line":116,"column":9}},"type":"if","locations":[{"start":{"line":114,"column":8},"end":{"line":116,"column":9}},{"start":{},"end":{}}]},"12":{"loc":{"start":{"line":128,"column":19},"end":{"line":128,"column":57}},"type":"binary-expr","locations":[{"start":{"line":128,"column":19},"end":{"line":128,"column":51}},{"start":{"line":128,"column":55},"end":{"line":128,"column":57}}]},"13":{"loc":{"start":{"line":136,"column":6},"end":{"line":138,"column":7}},"type":"if","locations":[{"start":{"line":136,"column":6},"end":{"line":138,"column":7}},{"start":{},"end":{}}]},"14":{"loc":{"start":{"line":142,"column":27},"end":{"line":142,"column":82}},"type":"binary-expr","locations":[{"start":{"line":142,"column":27},"end":{"line":142,"column":76}},{"start":{"line":142,"column":80},"end":{"line":142,"column":82}}]},"15":{"loc":{"start":{"line":147,"column":8},"end":{"line":153,"column":9}},"type":"if","locations":[{"start":{"line":147,"column":8},"end":{"line":153,"column":9}},{"start":{},"end":{}}]},"16":{"loc":{"start":{"line":149,"column":10},"end":{"line":152,"column":11}},"type":"if","locations":[{"start":{"line":149,"column":10},"end":{"line":152,"column":11}},{"start":{},"end":{}}]},"17":{"loc":{"start":{"line":149,"column":14},"end":{"line":149,"column":51}},"type":"binary-expr","locations":[{"start":{"line":149,"column":14},"end":{"line":149,"column":32}},{"start":{"line":149,"column":36},"end":{"line":149,"column":51}}]},"18":{"loc":{"start":{"line":150,"column":24},"end":{"line":150,"column":74}},"type":"binary-expr","locations":[{"start":{"line":150,"column":24},"end":{"line":150,"column":42}},{"start":{"line":150,"column":46},"end":{"line":150,"column":61}},{"start":{"line":150,"column":65},"end":{"line":150,"column":74}}]},"19":{"loc":{"start":{"line":156,"column":6},"end":{"line":162,"column":7}},"type":"if","locations":[{"start":{"line":156,"column":6},"end":{"line":162,"column":7}},{"start":{},"end":{}}]},"20":{"loc":{"start":{"line":157,"column":28},"end":{"line":157,"column":82}},"type":"binary-expr","locations":[{"start":{"line":157,"column":28},"end":{"line":157,"column":76}},{"start":{"line":157,"column":80},"end":{"line":157,"column":82}}]},"21":{"loc":{"start":{"line":158,"column":8},"end":{"line":161,"column":9}},"type":"if","locations":[{"start":{"line":158,"column":8},"end":{"line":161,"column":9}},{"start":{},"end":{}}]},"22":{"loc":{"start":{"line":160,"column":22},"end":{"line":160,"column":71}},"type":"binary-expr","locations":[{"start":{"line":160,"column":22},"end":{"line":160,"column":58}},{"start":{"line":160,"column":62},"end":{"line":160,"column":71}}]},"23":{"loc":{"start":{"line":167,"column":19},"end":{"line":167,"column":36}},"type":"binary-expr","locations":[{"start":{"line":167,"column":19},"end":{"line":167,"column":31}},{"start":{"line":167,"column":35},"end":{"line":167,"column":36}}]}},"s":{"0":2,"1":2,"2":2,"3":2,"4":2,"5":2,"6":7,"7":0,"8":0,"9":0,"10":0,"11":0,"12":0,"13":0,"14":0,"15":0,"16":0,"17":0,"18":0,"19":0,"20":0,"21":0,"22":0,"23":0,"24":0,"25":0,"26":0,"27":0,"28":0,"29":0,"30":0,"31":0,"32":0,"33":0,"34":0,"35":0,"36":0,"37":0,"38":0,"39":0,"40":0,"41":0,"42":0,"43":15,"44":15,"45":15,"46":15,"47":15,"48":32,"49":15,"50":8,"51":7,"52":7,"53":7,"54":7,"55":28,"56":28,"57":14,"58":14,"59":7,"60":7,"61":7,"62":0,"63":0,"64":0,"65":0,"66":7,"67":7,"68":0,"69":0,"70":2},"f":{"0":7,"1":0,"2":0,"3":0,"4":15,"5":32},"b":{"0":[0,0],"1":[0,0],"2":[0,0],"3":[0,0],"4":[0,0],"5":[0,0],"6":[0,0],"7":[0,0],"8":[0,0],"9":[0,0],"10":[0,0],"11":[0,0],"12":[15,0],"13":[8,7],"14":[7,0],"15":[14,14],"16":[7,7],"17":[14,7],"18":[7,0,0],"19":[0,7],"20":[0,0],"21":[0,0],"22":[0,0],"23":[7,0]}}
,"/Users/andrein/ore/ore-etl/src/etl/claim-yield-etl.ts": {"path":"/Users/andrein/ore/ore-etl/src/etl/claim-yield-etl.ts","statementMap":{"0":{"start":{"line":2,"column":0},"end":{"line":2,"column":41}},"1":{"start":{"line":3,"column":0},"end":{"line":3,"column":63}},"2":{"start":{"line":4,"column":0},"end":{"line":4,"column":66}},"3":{"start":{"line":6,"column":0},"end":{"line":6,"column":35}},"4":{"start":{"line":7,"column":0},"end":{"line":7,"column":58}},"5":{"start":{"line":9,"column":22},"end":{"line":9,"column":37}},"6":{"start":{"line":12,"column":31},"end":{"line":12,"column":57}},"7":{"start":{"line":15,"column":4},"end":{"line":15,"column":47}},"8":{"start":{"line":17,"column":4},"end":{"line":92,"column":5}},"9":{"start":{"line":18,"column":20},"end":{"line":18,"column":70}},"10":{"start":{"line":19,"column":23},"end":{"line":19,"column":52}},"11":{"start":{"line":21,"column":6},"end":{"line":21,"column":68}},"12":{"start":{"line":23,"column":6},"end":{"line":30,"column":9}},"13":{"start":{"line":32,"column":22},"end":{"line":32,"column":23}},"14":{"start":{"line":33,"column":24},"end":{"line":33,"column":32}},"15":{"start":{"line":35,"column":6},"end":{"line":65,"column":7}},"16":{"start":{"line":36,"column":22},"end":{"line":36,"column":56}},"17":{"start":{"line":38,"column":8},"end":{"line":41,"column":9}},"18":{"start":{"line":39,"column":10},"end":{"line":39,"column":69}},"19":{"start":{"line":40,"column":10},"end":{"line":40,"column":16}},"20":{"start":{"line":43,"column":23},"end":{"line":43,"column":53}},"21":{"start":{"line":45,"column":8},"end":{"line":50,"column":9}},"22":{"start":{"line":46,"column":10},"end":{"line":49,"column":12}},"23":{"start":{"line":52,"column":8},"end":{"line":52,"column":35}},"24":{"start":{"line":53,"column":8},"end":{"line":53,"column":51}},"25":{"start":{"line":55,"column":8},"end":{"line":55,"column":87}},"26":{"start":{"line":57,"column":8},"end":{"line":64,"column":11}},"27":{"start":{"line":67,"column":6},"end":{"line":74,"column":9}},"28":{"start":{"line":76,"column":6},"end":{"line":76,"column":88}},"29":{"start":{"line":78,"column":6},"end":{"line":78,"column":54}},"30":{"start":{"line":80,"column":20},"end":{"line":80,"column":70}},"31":{"start":{"line":81,"column":6},"end":{"line":89,"column":9}},"32":{"start":{"line":91,"column":6},"end":{"line":91,"column":18}},"33":{"start":{"line":96,"column":23},"end":{"line":96,"column":71}},"34":{"start":{"line":98,"column":4},"end":{"line":106,"column":17}},"35":{"start":{"line":110,"column":41},"end":{"line":110,"column":43}},"36":{"start":{"line":112,"column":4},"end":{"line":121,"column":5}},"37":{"start":{"line":113,"column":6},"end":{"line":120,"column":7}},"38":{"start":{"line":114,"column":22},"end":{"line":114,"column":55}},"39":{"start":{"line":115,"column":8},"end":{"line":117,"column":9}},"40":{"start":{"line":116,"column":10},"end":{"line":116,"column":29}},"41":{"start":{"line":119,"column":8},"end":{"line":119,"column":88}},"42":{"start":{"line":123,"column":4},"end":{"line":123,"column":18}},"43":{"start":{"line":128,"column":4},"end":{"line":188,"column":5}},"44":{"start":{"line":129,"column":19},"end":{"line":129,"column":57}},"45":{"start":{"line":130,"column":22},"end":{"line":130,"column":37}},"46":{"start":{"line":132,"column":27},"end":{"line":132,"column":82}},"47":{"start":{"line":133,"column":39},"end":{"line":134,"column":null}},"48":{"start":{"line":134,"column":21},"end":{"line":134,"column":73}},"49":{"start":{"line":137,"column":6},"end":{"line":139,"column":7}},"50":{"start":{"line":138,"column":8},"end":{"line":138,"column":20}},"51":{"start":{"line":141,"column":25},"end":{"line":141,"column":49}},"52":{"start":{"line":142,"column":24},"end":{"line":143,"column":null}},"53":{"start":{"line":143,"column":37},"end":{"line":143,"column":61}},"54":{"start":{"line":146,"column":6},"end":{"line":148,"column":7}},"55":{"start":{"line":147,"column":8},"end":{"line":147,"column":20}},"56":{"start":{"line":150,"column":23},"end":{"line":150,"column":35}},"57":{"start":{"line":152,"column":22},"end":{"line":152,"column":31}},"58":{"start":{"line":154,"column":6},"end":{"line":163,"column":7}},"59":{"start":{"line":155,"column":32},"end":{"line":155,"column":77}},"60":{"start":{"line":156,"column":8},"end":{"line":162,"column":9}},"61":{"start":{"line":157,"column":27},"end":{"line":157,"column":64}},"62":{"start":{"line":158,"column":10},"end":{"line":161,"column":11}},"63":{"start":{"line":159,"column":12},"end":{"line":159,"column":75}},"64":{"start":{"line":160,"column":12},"end":{"line":160,"column":18}},"65":{"start":{"line":165,"column":6},"end":{"line":171,"column":7}},"66":{"start":{"line":166,"column":28},"end":{"line":166,"column":82}},"67":{"start":{"line":167,"column":8},"end":{"line":170,"column":9}},"68":{"start":{"line":168,"column":32},"end":{"line":168,"column":46}},"69":{"start":{"line":169,"column":10},"end":{"line":169,"column":72}},"70":{"start":{"line":173,"column":43},"end":{"line":182,"column":8}},"71":{"start":{"line":184,"column":6},"end":{"line":184,"column":22}},"72":{"start":{"line":186,"column":6},"end":{"line":186,"column":83}},"73":{"start":{"line":187,"column":6},"end":{"line":187,"column":18}},"74":{"start":{"line":11,"column":0},"end":{"line":11,"column":13}}},"fnMap":{"0":{"name":"(anonymous_0)","decl":{"start":{"line":12,"column":2},"end":{"line":12,"column":31}},"loc":{"start":{"line":12,"column":57},"end":{"line":12,"column":61}}},"1":{"name":"(anonymous_1)","decl":{"start":{"line":14,"column":2},"end":{"line":14,"column":7}},"loc":{"start":{"line":14,"column":11},"end":{"line":93,"column":3}}},"2":{"name":"(anonymous_2)","decl":{"start":{"line":95,"column":10},"end":{"line":95,"column":15}},"loc":{"start":{"line":95,"column":44},"end":{"line":107,"column":3}}},"3":{"name":"(anonymous_3)","decl":{"start":{"line":109,"column":10},"end":{"line":109,"column":15}},"loc":{"start":{"line":109,"column":59},"end":{"line":124,"column":3}}},"4":{"name":"(anonymous_4)","decl":{"start":{"line":127,"column":2},"end":{"line":127,"column":7}},"loc":{"start":{"line":127,"column":45},"end":{"line":189,"column":3}}},"5":{"name":"(anonymous_5)","decl":{"start":{"line":134,"column":8},"end":{"line":134,"column":9}},"loc":{"start":{"line":134,"column":21},"end":{"line":134,"column":73}}},"6":{"name":"(anonymous_6)","decl":{"start":{"line":143,"column":8},"end":{"line":143,"column":9}},"loc":{"start":{"line":143,"column":37},"end":{"line":143,"column":61}}}},"branchMap":{"0":{"loc":{"start":{"line":19,"column":23},"end":{"line":19,"column":52}},"type":"binary-expr","locations":[{"start":{"line":19,"column":23},"end":{"line":19,"column":47}},{"start":{"line":19,"column":51},"end":{"line":19,"column":52}}]},"1":{"loc":{"start":{"line":26,"column":32},"end":{"line":26,"column":67}},"type":"binary-expr","locations":[{"start":{"line":26,"column":32},"end":{"line":26,"column":61}},{"start":{"line":26,"column":65},"end":{"line":26,"column":67}}]},"2":{"loc":{"start":{"line":27,"column":24},"end":{"line":27,"column":50}},"type":"binary-expr","locations":[{"start":{"line":27,"column":24},"end":{"line":27,"column":45}},{"start":{"line":27,"column":49},"end":{"line":27,"column":50}}]},"3":{"loc":{"start":{"line":38,"column":8},"end":{"line":41,"column":9}},"type":"if","locations":[{"start":{"line":38,"column":8},"end":{"line":41,"column":9}},{"start":{},"end":{}}]},"4":{"loc":{"start":{"line":45,"column":8},"end":{"line":50,"column":9}},"type":"if","locations":[{"start":{"line":45,"column":8},"end":{"line":50,"column":9}},{"start":{},"end":{}}]},"5":{"loc":{"start":{"line":61,"column":27},"end":{"line":61,"column":53}},"type":"binary-expr","locations":[{"start":{"line":61,"column":27},"end":{"line":61,"column":48}},{"start":{"line":61,"column":52},"end":{"line":61,"column":53}}]},"6":{"loc":{"start":{"line":71,"column":25},"end":{"line":71,"column":51}},"type":"binary-expr","locations":[{"start":{"line":71,"column":25},"end":{"line":71,"column":46}},{"start":{"line":71,"column":50},"end":{"line":71,"column":51}}]},"7":{"loc":{"start":{"line":83,"column":27},"end":{"line":83,"column":56}},"type":"binary-expr","locations":[{"start":{"line":83,"column":27},"end":{"line":83,"column":51}},{"start":{"line":83,"column":55},"end":{"line":83,"column":56}}]},"8":{"loc":{"start":{"line":84,"column":32},"end":{"line":84,"column":67}},"type":"binary-expr","locations":[{"start":{"line":84,"column":32},"end":{"line":84,"column":61}},{"start":{"line":84,"column":65},"end":{"line":84,"column":67}}]},"9":{"loc":{"start":{"line":85,"column":24},"end":{"line":85,"column":50}},"type":"binary-expr","locations":[{"start":{"line":85,"column":24},"end":{"line":85,"column":45}},{"start":{"line":85,"column":49},"end":{"line":85,"column":50}}]},"10":{"loc":{"start":{"line":88,"column":22},"end":{"line":88,"column":78}},"type":"cond-expr","locations":[{"start":{"line":88,"column":47},"end":{"line":88,"column":60}},{"start":{"line":88,"column":63},"end":{"line":88,"column":78}}]},"11":{"loc":{"start":{"line":115,"column":8},"end":{"line":117,"column":9}},"type":"if","locations":[{"start":{"line":115,"column":8},"end":{"line":117,"column":9}},{"start":{},"end":{}}]},"12":{"loc":{"start":{"line":129,"column":19},"end":{"line":129,"column":57}},"type":"binary-expr","locations":[{"start":{"line":129,"column":19},"end":{"line":129,"column":51}},{"start":{"line":129,"column":55},"end":{"line":129,"column":57}}]},"13":{"loc":{"start":{"line":132,"column":27},"end":{"line":132,"column":82}},"type":"binary-expr","locations":[{"start":{"line":132,"column":27},"end":{"line":132,"column":76}},{"start":{"line":132,"column":80},"end":{"line":132,"column":82}}]},"14":{"loc":{"start":{"line":137,"column":6},"end":{"line":139,"column":7}},"type":"if","locations":[{"start":{"line":137,"column":6},"end":{"line":139,"column":7}},{"start":{},"end":{}}]},"15":{"loc":{"start":{"line":146,"column":6},"end":{"line":148,"column":7}},"type":"if","locations":[{"start":{"line":146,"column":6},"end":{"line":148,"column":7}},{"start":{},"end":{}}]},"16":{"loc":{"start":{"line":156,"column":8},"end":{"line":162,"column":9}},"type":"if","locations":[{"start":{"line":156,"column":8},"end":{"line":162,"column":9}},{"start":{},"end":{}}]},"17":{"loc":{"start":{"line":158,"column":10},"end":{"line":161,"column":11}},"type":"if","locations":[{"start":{"line":158,"column":10},"end":{"line":161,"column":11}},{"start":{},"end":{}}]},"18":{"loc":{"start":{"line":158,"column":14},"end":{"line":158,"column":51}},"type":"binary-expr","locations":[{"start":{"line":158,"column":14},"end":{"line":158,"column":32}},{"start":{"line":158,"column":36},"end":{"line":158,"column":51}}]},"19":{"loc":{"start":{"line":159,"column":24},"end":{"line":159,"column":74}},"type":"binary-expr","locations":[{"start":{"line":159,"column":24},"end":{"line":159,"column":42}},{"start":{"line":159,"column":46},"end":{"line":159,"column":61}},{"start":{"line":159,"column":65},"end":{"line":159,"column":74}}]},"20":{"loc":{"start":{"line":165,"column":6},"end":{"line":171,"column":7}},"type":"if","locations":[{"start":{"line":165,"column":6},"end":{"line":171,"column":7}},{"start":{},"end":{}}]},"21":{"loc":{"start":{"line":166,"column":28},"end":{"line":166,"column":82}},"type":"binary-expr","locations":[{"start":{"line":166,"column":28},"end":{"line":166,"column":76}},{"start":{"line":166,"column":80},"end":{"line":166,"column":82}}]},"22":{"loc":{"start":{"line":167,"column":8},"end":{"line":170,"column":9}},"type":"if","locations":[{"start":{"line":167,"column":8},"end":{"line":170,"column":9}},{"start":{},"end":{}}]},"23":{"loc":{"start":{"line":169,"column":22},"end":{"line":169,"column":71}},"type":"binary-expr","locations":[{"start":{"line":169,"column":22},"end":{"line":169,"column":58}},{"start":{"line":169,"column":62},"end":{"line":169,"column":71}}]},"24":{"loc":{"start":{"line":176,"column":19},"end":{"line":176,"column":36}},"type":"binary-expr","locations":[{"start":{"line":176,"column":19},"end":{"line":176,"column":31}},{"start":{"line":176,"column":35},"end":{"line":176,"column":36}}]}},"s":{"0":2,"1":2,"2":2,"3":2,"4":2,"5":2,"6":6,"7":0,"8":0,"9":0,"10":0,"11":0,"12":0,"13":0,"14":0,"15":0,"16":0,"17":0,"18":0,"19":0,"20":0,"21":0,"22":0,"23":0,"24":0,"25":0,"26":0,"27":0,"28":0,"29":0,"30":0,"31":0,"32":0,"33":0,"34":0,"35":0,"36":0,"37":0,"38":0,"39":0,"40":0,"41":0,"42":0,"43":14,"44":14,"45":14,"46":14,"47":14,"48":39,"49":14,"50":10,"51":4,"52":4,"53":4,"54":4,"55":0,"56":4,"57":4,"58":4,"59":4,"60":4,"61":4,"62":4,"63":4,"64":4,"65":4,"66":0,"67":0,"68":0,"69":0,"70":4,"71":4,"72":0,"73":0,"74":2},"f":{"0":6,"1":0,"2":0,"3":0,"4":14,"5":39,"6":4},"b":{"0":[0,0],"1":[0,0],"2":[0,0],"3":[0,0],"4":[0,0],"5":[0,0],"6":[0,0],"7":[0,0],"8":[0,0],"9":[0,0],"10":[0,0],"11":[0,0],"12":[14,0],"13":[14,0],"14":[10,4],"15":[0,4],"16":[4,0],"17":[4,0],"18":[4,0],"19":[4,0,0],"20":[0,4],"21":[0,0],"22":[0,0],"23":[0,0],"24":[4,0]}}
,"/Users/andrein/ore/ore-etl/src/etl/deploy-etl.ts": {"path":"/Users/andrein/ore/ore-etl/src/etl/deploy-etl.ts","statementMap":{"0":{"start":{"line":2,"column":0},"end":{"line":2,"column":41}},"1":{"start":{"line":3,"column":0},"end":{"line":3,"column":50}},"2":{"start":{"line":4,"column":0},"end":{"line":4,"column":66}},"3":{"start":{"line":6,"column":0},"end":{"line":6,"column":35}},"4":{"start":{"line":7,"column":0},"end":{"line":7,"column":58}},"5":{"start":{"line":9,"column":25},"end":{"line":9,"column":38}},"6":{"start":{"line":15,"column":4},"end":{"line":15,"column":37}},"7":{"start":{"line":19,"column":4},"end":{"line":19,"column":42}},"8":{"start":{"line":21,"column":4},"end":{"line":98,"column":5}},"9":{"start":{"line":23,"column":20},"end":{"line":23,"column":65}},"10":{"start":{"line":24,"column":23},"end":{"line":24,"column":52}},"11":{"start":{"line":26,"column":6},"end":{"line":26,"column":54}},"12":{"start":{"line":28,"column":6},"end":{"line":35,"column":9}},"13":{"start":{"line":37,"column":22},"end":{"line":37,"column":23}},"14":{"start":{"line":38,"column":24},"end":{"line":38,"column":32}},"15":{"start":{"line":40,"column":6},"end":{"line":71,"column":7}},"16":{"start":{"line":41,"column":22},"end":{"line":41,"column":56}},"17":{"start":{"line":43,"column":8},"end":{"line":46,"column":9}},"18":{"start":{"line":44,"column":10},"end":{"line":44,"column":57}},"19":{"start":{"line":45,"column":10},"end":{"line":45,"column":16}},"20":{"start":{"line":48,"column":24},"end":{"line":48,"column":54}},"21":{"start":{"line":50,"column":8},"end":{"line":55,"column":9}},"22":{"start":{"line":51,"column":10},"end":{"line":54,"column":12}},"23":{"start":{"line":57,"column":8},"end":{"line":57,"column":36}},"24":{"start":{"line":58,"column":8},"end":{"line":58,"column":51}},"25":{"start":{"line":60,"column":8},"end":{"line":60,"column":80}},"26":{"start":{"line":63,"column":8},"end":{"line":70,"column":11}},"27":{"start":{"line":73,"column":6},"end":{"line":80,"column":9}},"28":{"start":{"line":82,"column":6},"end":{"line":82,"column":78}},"29":{"start":{"line":84,"column":6},"end":{"line":84,"column":49}},"30":{"start":{"line":86,"column":20},"end":{"line":86,"column":65}},"31":{"start":{"line":87,"column":6},"end":{"line":95,"column":9}},"32":{"start":{"line":97,"column":6},"end":{"line":97,"column":18}},"33":{"start":{"line":102,"column":23},"end":{"line":102,"column":71}},"34":{"start":{"line":104,"column":4},"end":{"line":111,"column":17}},"35":{"start":{"line":115,"column":38},"end":{"line":115,"column":40}},"36":{"start":{"line":117,"column":4},"end":{"line":126,"column":5}},"37":{"start":{"line":118,"column":6},"end":{"line":125,"column":7}},"38":{"start":{"line":119,"column":23},"end":{"line":119,"column":56}},"39":{"start":{"line":120,"column":8},"end":{"line":122,"column":9}},"40":{"start":{"line":121,"column":10},"end":{"line":121,"column":31}},"41":{"start":{"line":124,"column":8},"end":{"line":124,"column":76}},"42":{"start":{"line":128,"column":4},"end":{"line":128,"column":19}},"43":{"start":{"line":133,"column":4},"end":{"line":199,"column":5}},"44":{"start":{"line":134,"column":19},"end":{"line":134,"column":57}},"45":{"start":{"line":135,"column":22},"end":{"line":135,"column":37}},"46":{"start":{"line":138,"column":25},"end":{"line":138,"column":49}},"47":{"start":{"line":139,"column":24},"end":{"line":139,"column":65}},"48":{"start":{"line":139,"column":45},"end":{"line":139,"column":64}},"49":{"start":{"line":141,"column":6},"end":{"line":143,"column":7}},"50":{"start":{"line":142,"column":8},"end":{"line":142,"column":20}},"51":{"start":{"line":146,"column":27},"end":{"line":146,"column":82}},"52":{"start":{"line":147,"column":30},"end":{"line":147,"column":34}},"53":{"start":{"line":148,"column":26},"end":{"line":148,"column":28}},"54":{"start":{"line":150,"column":6},"end":{"line":160,"column":7}},"55":{"start":{"line":152,"column":8},"end":{"line":159,"column":9}},"56":{"start":{"line":153,"column":25},"end":{"line":153,"column":74}},"57":{"start":{"line":154,"column":10},"end":{"line":158,"column":11}},"58":{"start":{"line":155,"column":12},"end":{"line":155,"column":39}},"59":{"start":{"line":156,"column":12},"end":{"line":156,"column":61}},"60":{"start":{"line":157,"column":12},"end":{"line":157,"column":18}},"61":{"start":{"line":163,"column":22},"end":{"line":163,"column":72}},"62":{"start":{"line":166,"column":6},"end":{"line":173,"column":7}},"63":{"start":{"line":167,"column":28},"end":{"line":167,"column":82}},"64":{"start":{"line":168,"column":8},"end":{"line":172,"column":9}},"65":{"start":{"line":170,"column":32},"end":{"line":170,"column":46}},"66":{"start":{"line":171,"column":10},"end":{"line":171,"column":72}},"67":{"start":{"line":176,"column":27},"end":{"line":176,"column":61}},"68":{"start":{"line":179,"column":39},"end":{"line":193,"column":8}},"69":{"start":{"line":195,"column":6},"end":{"line":195,"column":22}},"70":{"start":{"line":197,"column":6},"end":{"line":197,"column":78}},"71":{"start":{"line":198,"column":6},"end":{"line":198,"column":18}},"72":{"start":{"line":11,"column":0},"end":{"line":11,"column":13}}},"fnMap":{"0":{"name":"(anonymous_0)","decl":{"start":{"line":14,"column":2},"end":{"line":14,"column":14}},"loc":{"start":{"line":14,"column":40},"end":{"line":16,"column":3}}},"1":{"name":"(anonymous_1)","decl":{"start":{"line":18,"column":2},"end":{"line":18,"column":7}},"loc":{"start":{"line":18,"column":11},"end":{"line":99,"column":3}}},"2":{"name":"(anonymous_2)","decl":{"start":{"line":101,"column":10},"end":{"line":101,"column":15}},"loc":{"start":{"line":101,"column":44},"end":{"line":112,"column":3}}},"3":{"name":"(anonymous_3)","decl":{"start":{"line":114,"column":10},"end":{"line":114,"column":15}},"loc":{"start":{"line":114,"column":59},"end":{"line":129,"column":3}}},"4":{"name":"(anonymous_4)","decl":{"start":{"line":132,"column":2},"end":{"line":132,"column":7}},"loc":{"start":{"line":132,"column":45},"end":{"line":200,"column":3}}},"5":{"name":"(anonymous_5)","decl":{"start":{"line":139,"column":40},"end":{"line":139,"column":41}},"loc":{"start":{"line":139,"column":45},"end":{"line":139,"column":64}}}},"branchMap":{"0":{"loc":{"start":{"line":24,"column":23},"end":{"line":24,"column":52}},"type":"binary-expr","locations":[{"start":{"line":24,"column":23},"end":{"line":24,"column":47}},{"start":{"line":24,"column":51},"end":{"line":24,"column":52}}]},"1":{"loc":{"start":{"line":31,"column":32},"end":{"line":31,"column":67}},"type":"binary-expr","locations":[{"start":{"line":31,"column":32},"end":{"line":31,"column":61}},{"start":{"line":31,"column":65},"end":{"line":31,"column":67}}]},"2":{"loc":{"start":{"line":32,"column":24},"end":{"line":32,"column":50}},"type":"binary-expr","locations":[{"start":{"line":32,"column":24},"end":{"line":32,"column":45}},{"start":{"line":32,"column":49},"end":{"line":32,"column":50}}]},"3":{"loc":{"start":{"line":43,"column":8},"end":{"line":46,"column":9}},"type":"if","locations":[{"start":{"line":43,"column":8},"end":{"line":46,"column":9}},{"start":{},"end":{}}]},"4":{"loc":{"start":{"line":50,"column":8},"end":{"line":55,"column":9}},"type":"if","locations":[{"start":{"line":50,"column":8},"end":{"line":55,"column":9}},{"start":{},"end":{}}]},"5":{"loc":{"start":{"line":67,"column":27},"end":{"line":67,"column":53}},"type":"binary-expr","locations":[{"start":{"line":67,"column":27},"end":{"line":67,"column":48}},{"start":{"line":67,"column":52},"end":{"line":67,"column":53}}]},"6":{"loc":{"start":{"line":77,"column":25},"end":{"line":77,"column":51}},"type":"binary-expr","locations":[{"start":{"line":77,"column":25},"end":{"line":77,"column":46}},{"start":{"line":77,"column":50},"end":{"line":77,"column":51}}]},"7":{"loc":{"start":{"line":89,"column":27},"end":{"line":89,"column":56}},"type":"binary-expr","locations":[{"start":{"line":89,"column":27},"end":{"line":89,"column":51}},{"start":{"line":89,"column":55},"end":{"line":89,"column":56}}]},"8":{"loc":{"start":{"line":90,"column":32},"end":{"line":90,"column":67}},"type":"binary-expr","locations":[{"start":{"line":90,"column":32},"end":{"line":90,"column":61}},{"start":{"line":90,"column":65},"end":{"line":90,"column":67}}]},"9":{"loc":{"start":{"line":91,"column":24},"end":{"line":91,"column":50}},"type":"binary-expr","locations":[{"start":{"line":91,"column":24},"end":{"line":91,"column":45}},{"start":{"line":91,"column":49},"end":{"line":91,"column":50}}]},"10":{"loc":{"start":{"line":94,"column":22},"end":{"line":94,"column":78}},"type":"cond-expr","locations":[{"start":{"line":94,"column":47},"end":{"line":94,"column":60}},{"start":{"line":94,"column":63},"end":{"line":94,"column":78}}]},"11":{"loc":{"start":{"line":120,"column":8},"end":{"line":122,"column":9}},"type":"if","locations":[{"start":{"line":120,"column":8},"end":{"line":122,"column":9}},{"start":{},"end":{}}]},"12":{"loc":{"start":{"line":134,"column":19},"end":{"line":134,"column":57}},"type":"binary-expr","locations":[{"start":{"line":134,"column":19},"end":{"line":134,"column":51}},{"start":{"line":134,"column":55},"end":{"line":134,"column":57}}]},"13":{"loc":{"start":{"line":141,"column":6},"end":{"line":143,"column":7}},"type":"if","locations":[{"start":{"line":141,"column":6},"end":{"line":143,"column":7}},{"start":{},"end":{}}]},"14":{"loc":{"start":{"line":141,"column":10},"end":{"line":141,"column":51}},"type":"binary-expr","locations":[{"start":{"line":141,"column":10},"end":{"line":141,"column":20}},{"start":{"line":141,"column":24},"end":{"line":141,"column":51}}]},"15":{"loc":{"start":{"line":146,"column":27},"end":{"line":146,"column":82}},"type":"binary-expr","locations":[{"start":{"line":146,"column":27},"end":{"line":146,"column":76}},{"start":{"line":146,"column":80},"end":{"line":146,"column":82}}]},"16":{"loc":{"start":{"line":152,"column":8},"end":{"line":159,"column":9}},"type":"if","locations":[{"start":{"line":152,"column":8},"end":{"line":159,"column":9}},{"start":{},"end":{}}]},"17":{"loc":{"start":{"line":152,"column":12},"end":{"line":152,"column":50}},"type":"binary-expr","locations":[{"start":{"line":152,"column":12},"end":{"line":152,"column":19}},{"start":{"line":152,"column":23},"end":{"line":152,"column":50}}]},"18":{"loc":{"start":{"line":154,"column":10},"end":{"line":158,"column":11}},"type":"if","locations":[{"start":{"line":154,"column":10},"end":{"line":158,"column":11}},{"start":{},"end":{}}]},"19":{"loc":{"start":{"line":163,"column":22},"end":{"line":163,"column":72}},"type":"binary-expr","locations":[{"start":{"line":163,"column":22},"end":{"line":163,"column":40}},{"start":{"line":163,"column":44},"end":{"line":163,"column":59}},{"start":{"line":163,"column":63},"end":{"line":163,"column":72}}]},"20":{"loc":{"start":{"line":166,"column":6},"end":{"line":173,"column":7}},"type":"if","locations":[{"start":{"line":166,"column":6},"end":{"line":173,"column":7}},{"start":{},"end":{}}]},"21":{"loc":{"start":{"line":167,"column":28},"end":{"line":167,"column":82}},"type":"binary-expr","locations":[{"start":{"line":167,"column":28},"end":{"line":167,"column":76}},{"start":{"line":167,"column":80},"end":{"line":167,"column":82}}]},"22":{"loc":{"start":{"line":168,"column":8},"end":{"line":172,"column":9}},"type":"if","locations":[{"start":{"line":168,"column":8},"end":{"line":172,"column":9}},{"start":{},"end":{}}]},"23":{"loc":{"start":{"line":171,"column":22},"end":{"line":171,"column":71}},"type":"binary-expr","locations":[{"start":{"line":171,"column":22},"end":{"line":171,"column":58}},{"start":{"line":171,"column":62},"end":{"line":171,"column":71}}]},"24":{"loc":{"start":{"line":176,"column":27},"end":{"line":176,"column":61}},"type":"cond-expr","locations":[{"start":{"line":176,"column":49},"end":{"line":176,"column":53}},{"start":{"line":176,"column":56},"end":{"line":176,"column":61}}]},"25":{"loc":{"start":{"line":182,"column":19},"end":{"line":182,"column":36}},"type":"binary-expr","locations":[{"start":{"line":182,"column":19},"end":{"line":182,"column":31}},{"start":{"line":182,"column":35},"end":{"line":182,"column":36}}]},"26":{"loc":{"start":{"line":185,"column":16},"end":{"line":185,"column":121}},"type":"cond-expr","locations":[{"start":{"line":185,"column":36},"end":{"line":185,"column":68}},{"start":{"line":185,"column":71},"end":{"line":185,"column":121}}]}},"s":{"0":2,"1":2,"2":2,"3":2,"4":2,"5":2,"6":18,"7":0,"8":0,"9":0,"10":0,"11":0,"12":0,"13":0,"14":0,"15":0,"16":0,"17":0,"18":0,"19":0,"20":0,"21":0,"22":0,"23":0,"24":0,"25":0,"26":0,"27":0,"28":0,"29":0,"30":0,"31":0,"32":0,"33":0,"34":0,"35":0,"36":0,"37":0,"38":0,"39":0,"40":0,"41":0,"42":0,"43":27,"44":27,"45":27,"46":27,"47":27,"48":82,"49":27,"50":3,"51":24,"52":24,"53":24,"54":24,"55":96,"56":96,"57":96,"58":24,"59":24,"60":24,"61":24,"62":24,"63":0,"64":0,"65":0,"66":0,"67":24,"68":24,"69":24,"70":0,"71":0,"72":2},"f":{"0":18,"1":0,"2":0,"3":0,"4":27,"5":82},"b":{"0":[0,0],"1":[0,0],"2":[0,0],"3":[0,0],"4":[0,0],"5":[0,0],"6":[0,0],"7":[0,0],"8":[0,0],"9":[0,0],"10":[0,0],"11":[0,0],"12":[27,0],"13":[3,24],"14":[27,24],"15":[24,0],"16":[96,0],"17":[96,96],"18":[24,72],"19":[24,0,0],"20":[0,24],"21":[0,0],"22":[0,0],"23":[0,0],"24":[24,0],"25":[24,0],"26":[24,0]}}
[...]
cations":[{"start":{"line":121,"column":21},"end":{"line":121,"column":32}},{"start":{"line":121,"column":36},"end":{"line":121,"column":47}}]},"12":{"loc":{"start":{"line":129,"column":6},"end":{"line":140,"column":7}},"type":"if","locations":[{"start":{"line":129,"column":6},"end":{"line":140,"column":7}},{"start":{},"end":{}}]},"13":{"loc":{"start":{"line":142,"column":6},"end":{"line":150,"column":7}},"type":"if","locations":[{"start":{"line":142,"column":6},"end":{"line":150,"column":7}},{"start":{},"end":{}}]},"14":{"loc":{"start":{"line":152,"column":6},"end":{"line":167,"column":7}},"type":"if","locations":[{"start":{"line":152,"column":6},"end":{"line":167,"column":7}},{"start":{},"end":{}}]},"15":{"loc":{"start":{"line":169,"column":6},"end":{"line":184,"column":7}},"type":"if","locations":[{"start":{"line":169,"column":6},"end":{"line":184,"column":7}},{"start":{},"end":{}}]},"16":{"loc":{"start":{"line":186,"column":6},"end":{"line":201,"column":7}},"type":"if","locations":[{"start":{"line":186,"column":6},"end":{"line":201,"column":7}},{"start":{},"end":{}}]},"17":{"loc":{"start":{"line":203,"column":6},"end":{"line":218,"column":7}},"type":"if","locations":[{"start":{"line":203,"column":6},"end":{"line":218,"column":7}},{"start":{},"end":{}}]},"18":{"loc":{"start":{"line":223,"column":19},"end":{"line":223,"column":45}},"type":"binary-expr","locations":[{"start":{"line":223,"column":19},"end":{"line":223,"column":30}},{"start":{"line":223,"column":34},"end":{"line":223,"column":45}}]},"19":{"loc":{"start":{"line":236,"column":4},"end":{"line":238,"column":5}},"type":"if","locations":[{"start":{"line":236,"column":4},"end":{"line":238,"column":5}},{"start":{},"end":{}}]},"20":{"loc":{"start":{"line":236,"column":8},"end":{"line":236,"column":43}},"type":"binary-expr","locations":[{"start":{"line":236,"column":8},"end":{"line":236,"column":28}},{"start":{"line":236,"column":32},"end":{"line":236,"column":43}}]}},"s":{"0":9,"1":9,"2":100,"3":100,"4":100,"5":75,"6":25,"7":25,"8":0,"9":25,"10":25,"11":25,"12":25,"13":25,"14":25,"15":625,"16":335,"17":25,"18":0,"19":220,"20":6,"21":214,"22":214,"23":0,"24":214,"25":314,"26":0,"27":314,"28":314,"29":314,"30":0,"31":0,"32":0,"33":97,"34":97,"35":25,"36":72,"37":567,"38":72,"39":72,"40":24,"41":48,"42":11,"43":37,"44":8,"45":29,"46":8,"47":21,"48":8,"49":13,"50":8,"51":5,"52":5,"53":0,"54":0,"55":0,"56":2,"57":1,"58":1,"59":9},"f":{"0":100,"1":220,"2":314,"3":97,"4":567,"5":2},"b":{"0":[75,25],"1":[100,100],"2":[0,25],"3":[335,290],"4":[6,214],"5":[0,214],"6":[214,214],"7":[0,314],"8":[25,72],"9":[97,97],"10":[24,48],"11":[24,0],"12":[11,37],"13":[8,29],"14":[8,21],"15":[8,13],"16":[8,5],"17":[5,0],"18":[0,0],"19":[1,1],"20":[2,2]}}
,"/Users/andrein/ore/ore-etl/src/parsers/log-parser.ts": {"path":"/Users/andrein/ore/ore-etl/src/parsers/log-parser.ts","statementMap":{"0":{"start":{"line":5,"column":25},"end":{"line":5,"column":38}},"1":{"start":{"line":6,"column":22},"end":{"line":6,"column":37}},"2":{"start":{"line":70,"column":33},"end":{"line":70,"column":35}},"3":{"start":{"line":72,"column":4},"end":{"line":80,"column":5}},"4":{"start":{"line":73,"column":6},"end":{"line":73,"column":52}},"5":{"start":{"line":73,"column":43},"end":{"line":73,"column":52}},"6":{"start":{"line":75,"column":22},"end":{"line":75,"column":54}},"7":{"start":{"line":76,"column":21},"end":{"line":76,"column":43}},"8":{"start":{"line":77,"column":6},"end":{"line":79,"column":7}},"9":{"start":{"line":78,"column":8},"end":{"line":78,"column":29}},"10":{"start":{"line":82,"column":4},"end":{"line":82,"column":19}},"11":{"start":{"line":87,"column":24},"end":{"line":87,"column":94}},"12":{"start":{"line":88,"column":4},"end":{"line":95,"column":5}},"13":{"start":{"line":89,"column":6},"end":{"line":94,"column":8}},"14":{"start":{"line":98,"column":25},"end":{"line":98,"column":57}},"15":{"start":{"line":99,"column":4},"end":{"line":104,"column":5}},"16":{"start":{"line":100,"column":6},"end":{"line":103,"column":8}},"17":{"start":{"line":107,"column":29},"end":{"line":107,"column":72}},"18":{"start":{"line":108,"column":4},"end":{"line":113,"column":5}},"19":{"start":{"line":109,"column":6},"end":{"line":112,"column":8}},"20":{"start":{"line":116,"column":30},"end":{"line":116,"column":74}},"21":{"start":{"line":117,"column":4},"end":{"line":122,"column":5}},"22":{"start":{"line":118,"column":6},"end":{"line":121,"column":8}},"23":{"start":{"line":125,"column":26},"end":{"line":125,"column":74}},"24":{"start":{"line":126,"column":4},"end":{"line":131,"column":5}},"25":{"start":{"line":127,"column":6},"end":{"line":130,"column":8}},"26":{"start":{"line":134,"column":28},"end":{"line":134,"column":77}},"27":{"start":{"line":135,"column":4},"end":{"line":140,"column":5}},"28":{"start":{"line":136,"column":6},"end":{"line":139,"column":8}},"29":{"start":{"line":143,"column":24},"end":{"line":143,"column":63}},"30":{"start":{"line":144,"column":4},"end":{"line":149,"column":5}},"31":{"start":{"line":145,"column":6},"end":{"line":148,"column":8}},"32":{"start":{"line":152,"column":26},"end":{"line":152,"column":66}},"33":{"start":{"line":153,"column":4},"end":{"line":158,"column":5}},"34":{"start":{"line":154,"column":6},"end":{"line":157,"column":8}},"35":{"start":{"line":161,"column":26},"end":{"line":161,"column":66}},"36":{"start":{"line":162,"column":4},"end":{"line":167,"column":5}},"37":{"start":{"line":163,"column":6},"end":{"line":166,"column":8}},"38":{"start":{"line":170,"column":25},"end":{"line":170,"column":67}},"39":{"start":{"line":171,"column":4},"end":{"line":176,"column":5}},"40":{"start":{"line":172,"column":6},"end":{"line":175,"column":8}},"41":{"start":{"line":179,"column":26},"end":{"line":179,"column":69}},"42":{"start":{"line":180,"column":4},"end":{"line":185,"column":5}},"43":{"start":{"line":181,"column":6},"end":{"line":184,"column":8}},"44":{"start":{"line":188,"column":22},"end":{"line":188,"column":80}},"45":{"start":{"line":189,"column":4},"end":{"line":195,"column":5}},"46":{"start":{"line":190,"column":6},"end":{"line":194,"column":8}},"47":{"start":{"line":198,"column":24},"end":{"line":198,"column":63}},"48":{"start":{"line":199,"column":4},"end":{"line":204,"column":5}},"49":{"start":{"line":200,"column":6},"end":{"line":203,"column":8}},"50":{"start":{"line":207,"column":24},"end":{"line":207,"column":63}},"51":{"start":{"line":208,"column":4},"end":{"line":213,"column":5}},"52":{"start":{"line":209,"column":6},"end":{"line":212,"column":8}},"53":{"start":{"line":215,"column":4},"end":{"line":215,"column":16}},"54":{"start":{"line":219,"column":34},"end":{"line":219,"column":56}},"55":{"start":{"line":221,"column":4},"end":{"line":228,"column":5}},"56":{"start":{"line":222,"column":6},"end":{"line":222,"column":66}},"57":{"start":{"line":222,"column":37},"end":{"line":222,"column":66}},"58":{"start":{"line":223,"column":6},"end":{"line":223,"column":87}},"59":{"start":{"line":223,"column":44},"end":{"line":223,"column":87}},"60":{"start":{"line":224,"column":6},"end":{"line":224,"column":90}},"61":{"start":{"line":224,"column":45},"end":{"line":224,"column":90}},"62":{"start":{"line":225,"column":6},"end":{"line":225,"column":99}},"63":{"start":{"line":225,"column":48},"end":{"line":225,"column":99}},"64":{"start":{"line":226,"column":6},"end":{"line":226,"column":105}},"65":{"start":{"line":226,"column":50},"end":{"line":226,"column":105}},"66":{"start":{"line":227,"column":6},"end":{"line":227,"column":72}},"67":{"start":{"line":227,"column":39},"end":{"line":227,"column":72}},"68":{"start":{"line":230,"column":4},"end":{"line":230,"column":18}},"69":{"start":{"line":234,"column":28},"end":{"line":234,"column":44}},"70":{"start":{"line":236,"column":4},"end":{"line":241,"column":5}},"71":{"start":{"line":237,"column":6},"end":{"line":237,"column":75}},"72":{"start":{"line":237,"column":40},"end":{"line":237,"column":75}},"73":{"start":{"line":238,"column":6},"end":{"line":238,"column":78}},"74":{"start":{"line":238,"column":41},"end":{"line":238,"column":78}},"75":{"start":{"line":239,"column":6},"end":{"line":239,"column":72}},"76":{"start":{"line":239,"column":39},"end":{"line":239,"column":72}},"77":{"start":{"line":240,"column":6},"end":{"line":240,"column":72}},"78":{"start":{"line":240,"column":39},"end":{"line":240,"column":72}},"79":{"start":{"line":243,"column":4},"end":{"line":243,"column":18}},"80":{"start":{"line":68,"column":0},"end":{"line":68,"column":13}}},"fnMap":{"0":{"name":"(anonymous_0)","decl":{"start":{"line":69,"column":2},"end":{"line":69,"column":8}},"loc":{"start":{"line":69,"column":32},"end":{"line":83,"column":3}}},"1":{"name":"(anonymous_1)","decl":{"start":{"line":85,"column":10},"end":{"line":85,"column":16}},"loc":{"start":{"line":85,"column":41},"end":{"line":216,"column":3}}},"2":{"name":"(anonymous_2)","decl":{"start":{"line":218,"column":2},"end":{"line":218,"column":8}},"loc":{"start":{"line":218,"column":50},"end":{"line":231,"column":3}}},"3":{"name":"(anonymous_3)","decl":{"start":{"line":233,"column":2},"end":{"line":233,"column":8}},"loc":{"start":{"line":233,"column":38},"end":{"line":244,"column":3}}}},"branchMap":{"0":{"loc":{"start":{"line":73,"column":6},"end":{"line":73,"column":52}},"type":"if","locations":[{"start":{"line":73,"column":6},"end":{"line":73,"column":52}},{"start":{},"end":{}}]},"1":{"loc":{"start":{"line":77,"column":6},"end":{"line":79,"column":7}},"type":"if","locations":[{"start":{"line":77,"column":6},"end":{"line":79,"column":7}},{"start":{},"end":{}}]},"2":{"loc":{"start":{"line":88,"column":4},"end":{"line":95,"column":5}},"type":"if","locations":[{"start":{"line":88,"column":4},"end":{"line":95,"column":5}},{"start":{},"end":{}}]},"3":{"loc":{"start":{"line":99,"column":4},"end":{"line":104,"column":5}},"type":"if","locations":[{"start":{"line":99,"column":4},"end":{"line":104,"column":5}},{"start":{},"end":{}}]},"4":{"loc":{"start":{"line":108,"column":4},"end":{"line":113,"column":5}},"type":"if","locations":[{"start":{"line":108,"column":4},"end":{"line":113,"column":5}},{"start":{},"end":{}}]},"5":{"loc":{"start":{"line":117,"column":4},"end":{"line":122,"column":5}},"type":"if","locations":[{"start":{"line":117,"column":4},"end":{"line":122,"column":5}},{"start":{},"end":{}}]},"6":{"loc":{"start":{"line":126,"column":4},"end":{"line":131,"column":5}},"type":"if","locations":[{"start":{"line":126,"column":4},"end":{"line":131,"column":5}},{"start":{},"end":{}}]},"7":{"loc":{"start":{"line":135,"column":4},"end":{"line":140,"column":5}},"type":"if","locations":[{"start":{"line":135,"column":4},"end":{"line":140,"column":5}},{"start":{},"end":{}}]},"8":{"loc":{"start":{"line":144,"column":4},"end":{"line":149,"column":5}},"type":"if","locations":[{"start":{"line":144,"column":4},"end":{"line":149,"column":5}},{"start":{},"end":{}}]},"9":{"loc":{"start":{"line":153,"column":4},"end":{"line":158,"column":5}},"type":"if","locations":[{"start":{"line":153,"column":4},"end":{"line":158,"column":5}},{"start":{},"end":{}}]},"10":{"loc":{"start":{"line":162,"column":4},"end":{"line":167,"column":5}},"type":"if","locations":[{"start":{"line":162,"column":4},"end":{"line":167,"column":5}},{"start":{},"end":{}}]},"11":{"loc":{"start":{"line":171,"column":4},"end":{"line":176,"column":5}},"type":"if","locations":[{"start":{"line":171,"column":4},"end":{"line":176,"column":5}},{"start":{},"end":{}}]},"12":{"loc":{"start":{"line":180,"column":4},"end":{"line":185,"column":5}},"type":"if","locations":[{"start":{"line":180,"column":4},"end":{"line":185,"column":5}},{"start":{},"end":{}}]},"13":{"loc":{"start":{"line":189,"column":4},"end":{"line":195,"column":5}},"type":"if","locations":[{"start":{"line":189,"column":4},"end":{"line":195,"column":5}},{"start":{},"end":{}}]},"14":{"loc":{"start":{"line":199,"column":4},"end":{"line":204,"column":5}},"type":"if","locations":[{"start":{"line":199,"column":4},"end":{"line":204,"column":5}},{"start":{},"end":{}}]},"15":{"loc":{"start":{"line":208,"column":4},"end":{"line":213,"column":5}},"type":"if","locations":[{"start":{"line":208,"column":4},"end":{"line":213,"column":5}},{"start":{},"end":{}}]},"16":{"loc":{"start":{"line":222,"column":6},"end":{"line":222,"column":66}},"type":"if","locations":[{"start":{"line":222,"column":6},"end":{"line":222,"column":66}},{"start":{},"end":{}}]},"17":{"loc":{"start":{"line":223,"column":6},"end":{"line":223,"column":87}},"type":"if","locations":[{"start":{"line":223,"column":6},"end":{"line":223,"column":87}},{"start":{},"end":{}}]},"18":{"loc":{"start":{"line":224,"column":6},"end":{"line":224,"column":90}},"type":"if","locations":[{"start":{"line":224,"column":6},"end":{"line":224,"column":90}},{"start":{},"end":{}}]},"19":{"loc":{"start":{"line":225,"column":6},"end":{"line":225,"column":99}},"type":"if","locations":[{"start":{"line":225,"column":6},"end":{"line":225,"column":99}},{"start":{},"end":{}}]},"20":{"loc":{"start":{"line":226,"column":6},"end":{"line":226,"column":105}},"type":"if","locations":[{"start":{"line":226,"column":6},"end":{"line":226,"column":105}},{"start":{},"end":{}}]},"21":{"loc":{"start":{"line":227,"column":6},"end":{"line":227,"column":72}},"type":"if","locations":[{"start":{"line":227,"column":6},"end":{"line":227,"column":72}},{"start":{},"end":{}}]},"22":{"loc":{"start":{"line":237,"column":6},"end":{"line":237,"column":75}},"type":"if","locations":[{"start":{"line":237,"column":6},"end":{"line":237,"column":75}},{"start":{},"end":{}}]},"23":{"loc":{"start":{"line":238,"column":6},"end":{"line":238,"column":78}},"type":"if","locations":[{"start":{"line":238,"column":6},"end":{"line":238,"column":78}},{"start":{},"end":{}}]},"24":{"loc":{"start":{"line":239,"column":6},"end":{"line":239,"column":72}},"type":"if","locations":[{"start":{"line":239,"column":6},"end":{"line":239,"column":72}},{"start":{},"end":{}}]},"25":{"loc":{"start":{"line":240,"column":6},"end":{"line":240,"column":72}},"type":"if","locations":[{"start":{"line":240,"column":6},"end":{"line":240,"column":72}},{"start":{},"end":{}}]}},"s":{"0":10,"1":10,"2":159,"3":159,"4":3006,"5":2334,"6":672,"7":672,"8":672,"9":357,"10":159,"11":672,"12":672,"13":61,"14":611,"15":611,"16":73,"17":538,"18":538,"19":52,"20":486,"21":486,"22":52,"23":434,"24":434,"25":1,"26":433,"27":433,"28":1,"29":432,"30":432,"31":1,"32":431,"33":431,"34":24,"35":407,"36":407,"37":18,"38":389,"39":389,"40":14,"41":375,"42":375,"43":15,"44":360,"45":360,"46":15,"47":345,"48":345,"49":15,"50":330,"51":330,"52":15,"53":315,"54":11,"55":11,"56":33,"57":11,"58":33,"59":11,"60":33,"61":11,"62":33,"63":0,"64":33,"65":0,"66":33,"67":0,"68":11,"69":11,"70":11,"71":33,"72":11,"73":33,"74":11,"75":33,"76":11,"77":33,"78":11,"79":11,"80":10},"f":{"0":159,"1":672,"2":11,"3":11},"b":{"0":[2334,672],"1":[357,315],"2":[61,611],"3":[73,538],"4":[52,486],"5":[52,434],"6":[1,433],"7":[1,432],"8":[1,431],"9":[24,407],"10":[18,389],"11":[14,375],"12":[15,360],"13":[15,345],"14":[15,330],"15":[15,315],"16":[11,22],"17":[11,22],"18":[11,22],"19":[0,33],"20":[0,33],"21":[0,33],"22":[11,22],"23":[11,22],"24":[11,22],"25":[11,22]}}
,"/Users/andrein/ore/ore-etl/src/utils/logger.ts": {"path":"/Users/andrein/ore/ore-etl/src/utils/logger.ts","statementMap":{"0":{"start":{"line":1,"column":0},"end":{"line":1,"column":30}},"1":{"start":{"line":2,"column":0},"end":{"line":2,"column":35}},"2":{"start":{"line":4,"column":13},"end":{"line":21,"column":3}}},"fnMap":{},"branchMap":{},"s":{"0":9,"1":9,"2":9},"f":{},"b":{}}
,"/Users/andrein/ore/ore-etl/src/utils/pubkey-converter.ts": {"path":"/Users/andrein/ore/ore-etl/src/utils/pubkey-converter.ts","statementMap":{"0":{"start":{"line":6,"column":0},"end":{"line":6,"column":16}},"1":{"start":{"line":30,"column":0},"end":{"line":30,"column":16}},"2":{"start":{"line":1,"column":0},"end":{"line":1,"column":24}},"3":{"start":{"line":7,"column":2},"end":{"line":24,"column":3}},"4":{"start":{"line":8,"column":4},"end":{"line":8,"column":53}},"5":{"start":{"line":8,"column":41},"end":{"line":8,"column":53}},"6":{"start":{"line":10,"column":18},"end":{"line":10,"column":30}},"7":{"start":{"line":11,"column":19},"end":{"line":11,"column":35}},"8":{"start":{"line":15,"column":4},"end":{"line":17,"column":5}},"9":{"start":{"line":15,"column":17},"end":{"line":15,"column":18}},"10":{"start":{"line":16,"column":6},"end":{"line":16,"column":44}},"11":{"start":{"line":20,"column":4},"end":{"line":20,"column":31}},"12":{"start":{"line":22,"column":4},"end":{"line":22,"column":59}},"13":{"start":{"line":23,"column":4},"end":{"line":23,"column":16}},"14":{"start":{"line":31,"column":2},"end":{"line":31,"column":28}},"15":{"start":{"line":31,"column":16},"end":{"line":31,"column":28}},"16":{"start":{"line":34,"column":2},"end":{"line":34,"column":50}},"17":{"start":{"line":34,"column":35},"end":{"line":34,"column":50}},"18":{"start":{"line":37,"column":2},"end":{"line":40,"column":3}},"19":{"start":{"line":38,"column":4},"end":{"line":38,"column":66}},"20":{"start":{"line":38,"column":44},"end":{"line":38,"column":66}},"21":{"start":{"line":39,"column":4},"end":{"line":39,"column":62}},"22":{"start":{"line":39,"column":28},"end":{"line":39,"column":62}},"23":{"start":{"line":43,"column":2},"end":{"line":43,"column":46}},"24":{"start":{"line":43,"column":19},"end":{"line":43,"column":46}},"25":{"start":{"line":45,"column":2},"end":{"line":45,"column":14}}},"fnMap":{"0":{"name":"bnToPubkey","decl":{"start":{"line":6,"column":16},"end":{"line":6,"column":26}},"loc":{"start":{"line":6,"column":34},"end":{"line":25,"column":1}}},"1":{"name":"extractPubkey","decl":{"start":{"line":30,"column":16},"end":{"line":30,"column":29}},"loc":{"start":{"line":30,"column":42},"end":{"line":46,"column":1}}}},"branchMap":{"0":{"loc":{"start":{"line":8,"column":4},"end":{"line":8,"column":53}},"type":"if","locations":[{"start":{"line":8,"column":4},"end":{"line":8,"column":53}},{"start":{},"end":{}}]},"1":{"loc":{"start":{"line":8,"column":8},"end":{"line":8,"column":39}},"type":"binary-expr","locations":[{"start":{"line":8,"column":8},"end":{"line":8,"column":11}},{"start":{"line":8,"column":15},"end":{"line":8,"column":22}},{"start":{"line":8,"column":26},"end":{"line":8,"column":39}}]},"2":{"loc":{"start":{"line":15,"column":20},"end":{"line":15,"column":45}},"type":"binary-expr","locations":[{"start":{"line":15,"column":20},"end":{"line":15,"column":36}},{"start":{"line":15,"column":40},"end":{"line":15,"column":45}}]},"3":{"loc":{"start":{"line":31,"column":2},"end":{"line":31,"column":28}},"type":"if","locations":[{"start":{"line":31,"column":2},"end":{"line":31,"column":28}},{"start":{},"end":{}}]},"4":{"loc":{"start":{"line":34,"column":2},"end":{"line":34,"column":50}},"type":"if","locations":[{"start":{"line":34,"column":2},"end":{"line":34,"column":50}},{"start":{},"end":{}}]},"5":{"loc":{"start":{"line":37,"column":2},"end":{"line":40,"column":3}},"type":"if","locations":[{"start":{"line":37,"column":2},"end":{"line":40,"column":3}},{"start":{},"end":{}}]},"6":{"loc":{"start":{"line":38,"column":4},"end":{"line":38,"column":66}},"type":"if","locations":[{"start":{"line":38,"column":4},"end":{"line":38,"column":66}},{"start":{},"end":{}}]},"7":{"loc":{"start":{"line":39,"column":4},"end":{"line":39,"column":62}},"type":"if","locations":[{"start":{"line":39,"column":4},"end":{"line":39,"column":62}},{"start":{},"end":{}}]},"8":{"loc":{"start":{"line":43,"column":2},"end":{"line":43,"column":46}},"type":"if","locations":[{"start":{"line":43,"column":2},"end":{"line":43,"column":46}},{"start":{},"end":{}}]}},"s":{"0":9,"1":9,"2":9,"3":595,"4":595,"5":3,"6":592,"7":592,"8":592,"9":592,"10":4736,"11":592,"12":0,"13":0,"14":636,"15":0,"16":636,"17":45,"18":591,"19":0,"20":0,"21":0,"22":0,"23":591,"24":591,"25":0},"f":{"0":595,"1":636},"b":{"0":[3,592],"1":[595,593,592],"2":[5328,5328],"3":[0,636],"4":[45,591],"5":[0,591],"6":[0,0],"7":[0,0],"8":[591,0]}}
}
