{"/Users/andrein/ore/ore-etl/src/etl/checkpoint-etl.ts": {"path":"/Users/andrein/ore/ore-etl/src/etl/checkpoint-etl.ts","statementMap":{"0":{"start":{"line":2,"column":0},"end":{"line":2,"column":41}},"1":{"start":{"line":3,"column":0},"end":{"line":3,"column":65}},"2":{"start":{"line":4,"column":0},"end":{"line":4,"column":66}},"3":{"start":{"line":6,"column":0},"end":{"line":6,"column":35}},"4":{"start":{"line":12,"column":4},"end":{"line":12,"column":37}},"5":{"start":{"line":16,"column":4},"end":{"line":16,"column":46}},"6":{"start":{"line":18,"column":4},"end":{"line":93,"column":5}},"7":{"start":{"line":19,"column":20},"end":{"line":19,"column":69}},"8":{"start":{"line":20,"column":23},"end":{"line":20,"column":52}},"9":{"start":{"line":22,"column":6},"end":{"line":22,"column":54}},"10":{"start":{"line":24,"column":6},"end":{"line":31,"column":9}},"11":{"start":{"line":33,"column":22},"end":{"line":33,"column":23}},"12":{"start":{"line":34,"column":24},"end":{"line":34,"column":32}},"13":{"start":{"line":36,"column":6},"end":{"line":66,"column":7}},"14":{"start":{"line":37,"column":22},"end":{"line":37,"column":56}},"15":{"start":{"line":39,"column":8},"end":{"line":42,"column":9}},"16":{"start":{"line":40,"column":10},"end":{"line":40,"column":57}},"17":{"start":{"line":41,"column":10},"end":{"line":41,"column":16}},"18":{"start":{"line":44,"column":28},"end":{"line":44,"column":58}},"19":{"start":{"line":46,"column":8},"end":{"line":51,"column":9}},"20":{"start":{"line":47,"column":10},"end":{"line":50,"column":12}},"21":{"start":{"line":53,"column":8},"end":{"line":53,"column":40}},"22":{"start":{"line":54,"column":8},"end":{"line":54,"column":51}},"23":{"start":{"line":56,"column":8},"end":{"line":56,"column":88}},"24":{"start":{"line":58,"column":8},"end":{"line":65,"column":11}},"25":{"start":{"line":68,"column":6},"end":{"line":75,"column":9}},"26":{"start":{"line":77,"column":6},"end":{"line":77,"column":86}},"27":{"start":{"line":79,"column":6},"end":{"line":79,"column":53}},"28":{"start":{"line":81,"column":20},"end":{"line":81,"column":69}},"29":{"start":{"line":82,"column":6},"end":{"line":90,"column":9}},"30":{"start":{"line":92,"column":6},"end":{"line":92,"column":18}},"31":{"start":{"line":97,"column":23},"end":{"line":97,"column":71}},"32":{"start":{"line":99,"column":4},"end":{"line":111,"column":17}},"33":{"start":{"line":115,"column":46},"end":{"line":115,"column":48}},"34":{"start":{"line":117,"column":4},"end":{"line":126,"column":5}},"35":{"start":{"line":118,"column":6},"end":{"line":125,"column":7}},"36":{"start":{"line":119,"column":27},"end":{"line":119,"column":60}},"37":{"start":{"line":120,"column":8},"end":{"line":122,"column":9}},"38":{"start":{"line":121,"column":10},"end":{"line":121,"column":39}},"39":{"start":{"line":124,"column":8},"end":{"line":124,"column":76}},"40":{"start":{"line":128,"column":4},"end":{"line":128,"column":23}},"41":{"start":{"line":132,"column":4},"end":{"line":189,"column":5}},"42":{"start":{"line":133,"column":19},"end":{"line":133,"column":57}},"43":{"start":{"line":134,"column":22},"end":{"line":134,"column":37}},"44":{"start":{"line":137,"column":25},"end":{"line":137,"column":49}},"45":{"start":{"line":138,"column":29},"end":{"line":138,"column":95}},"46":{"start":{"line":138,"column":52},"end":{"line":138,"column":75}},"47":{"start":{"line":140,"column":6},"end":{"line":142,"column":7}},"48":{"start":{"line":141,"column":8},"end":{"line":141,"column":20}},"49":{"start":{"line":145,"column":21},"end":{"line":145,"column":66}},"50":{"start":{"line":148,"column":27},"end":{"line":148,"column":82}},"51":{"start":{"line":149,"column":22},"end":{"line":149,"column":31}},"52":{"start":{"line":151,"column":6},"end":{"line":159,"column":7}},"53":{"start":{"line":152,"column":8},"end":{"line":158,"column":9}},"54":{"start":{"line":153,"column":27},"end":{"line":153,"column":64}},"55":{"start":{"line":154,"column":10},"end":{"line":157,"column":11}},"56":{"start":{"line":155,"column":12},"end":{"line":155,"column":75}},"57":{"start":{"line":156,"column":12},"end":{"line":156,"column":18}},"58":{"start":{"line":162,"column":30},"end":{"line":162,"column":84}},"59":{"start":{"line":164,"column":8},"end":{"line":166,"column":42}},"60":{"start":{"line":168,"column":43},"end":{"line":183,"column":8}},"61":{"start":{"line":185,"column":6},"end":{"line":185,"column":22}},"62":{"start":{"line":187,"column":6},"end":{"line":187,"column":82}},"63":{"start":{"line":188,"column":6},"end":{"line":188,"column":18}},"64":{"start":{"line":8,"column":0},"end":{"line":8,"column":13}}},"fnMap":{"0":{"name":"(anonymous_0)","decl":{"start":{"line":11,"column":2},"end":{"line":11,"column":14}},"loc":{"start":{"line":11,"column":40},"end":{"line":13,"column":3}}},"1":{"name":"(anonymous_1)","decl":{"start":{"line":15,"column":2},"end":{"line":15,"column":7}},"loc":{"start":{"line":15,"column":11},"end":{"line":94,"column":3}}},"2":{"name":"(anonymous_2)","decl":{"start":{"line":96,"column":10},"end":{"line":96,"column":15}},"loc":{"start":{"line":96,"column":44},"end":{"line":112,"column":3}}},"3":{"name":"(anonymous_3)","decl":{"start":{"line":114,"column":10},"end":{"line":114,"column":15}},"loc":{"start":{"line":114,"column":59},"end":{"line":129,"column":3}}},"4":{"name":"(anonymous_4)","decl":{"start":{"line":131,"column":10},"end":{"line":131,"column":15}},"loc":{"start":{"line":131,"column":53},"end":{"line":190,"column":3}}},"5":{"name":"(anonymous_5)","decl":{"start":{"line":138,"column":47},"end":{"line":138,"column":48}},"loc":{"start":{"line":138,"column":52},"end":{"line":138,"column":75}}}},"branchMap":{"0":{"loc":{"start":{"line":20,"column":23},"end":{"line":20,"column":52}},"type":"binary-expr","locations":[{"start":{"line":20,"column":23},"end":{"line":20,"column":47}},{"start":{"line":20,"column":51},"end":{"line":20,"column":52}}]},"1":{"loc":{"start":{"line":27,"column":32},"end":{"line":27,"column":67}},"type":"binary-expr","locations":[{"start":{"line":27,"column":32},"end":{"line":27,"column":61}},{"start":{"line":27,"column":65},"end":{"line":27,"column":67}}]},"2":{"loc":{"start":{"line":28,"column":24},"end":{"line":28,"column":50}},"type":"binary-expr","locations":[{"start":{"line":28,"column":24},"end":{"line":28,"column":45}},{"start":{"line":28,"column":49},"end":{"line":28,"column":50}}]},"3":{"loc":{"start":{"line":39,"column":8},"end":{"line":42,"column":9}},"type":"if","locations":[{"start":{"line":39,"column":8},"end":{"line":42,"column":9}},{"start":{},"end":{}}]},"4":{"loc":{"start":{"line":46,"column":8},"end":{"line":51,"column":9}},"type":"if","locations":[{"start":{"line":46,"column":8},"end":{"line":51,"column":9}},{"start":{},"end":{}}]},"5":{"loc":{"start":{"line":62,"column":27},"end":{"line":62,"column":53}},"type":"binary-expr","locations":[{"start":{"line":62,"column":27},"end":{"line":62,"column":48}},{"start":{"line":62,"column":52},"end":{"line":62,"column":53}}]},"6":{"loc":{"start":{"line":72,"column":25},"end":{"line":72,"column":51}},"type":"binary-expr","locations":[{"start":{"line":72,"column":25},"end":{"line":72,"column":46}},{"start":{"line":72,"column":50},"end":{"line":72,"column":51}}]},"7":{"loc":{"start":{"line":84,"column":27},"end":{"line":84,"column":56}},"type":"binary-expr","locations":[{"start":{"line":84,"column":27},"end":{"line":84,"column":51}},{"start":{"line":84,"column":55},"end":{"line":84,"column":56}}]},"8":{"loc":{"start":{"line":85,"column":32},"end":{"line":85,"column":67}},"type":"binary-expr","locations":[{"start":{"line":85,"column":32},"end":{"line":85,"column":61}},{"start":{"line":85,"column":65},"end":{"line":85,"column":67}}]},"9":{"loc":{"start":{"line":86,"column":24},"end":{"line":86,"column":50}},"type":"binary-expr","locations":[{"start":{"line":86,"column":24},"end":{"line":86,"column":45}},{"start":{"line":86,"column":49},"end":{"line":86,"column":50}}]},"10":{"loc":{"start":{"line":89,"column":22},"end":{"line":89,"column":78}},"type":"cond-expr","locations":[{"start":{"line":89,"column":47},"end":{"line":89,"column":60}},{"start":{"line":89,"column":63},"end":{"line":89,"column":78}}]},"11":{"loc":{"start":{"line":120,"column":8},"end":{"line":122,"column":9}},"type":"if","locations":[{"start":{"line":120,"column":8},"end":{"line":122,"column":9}},{"start":{},"end":{}}]},"12":{"loc":{"start":{"line":133,"column":19},"end":{"line":133,"column":57}},"type":"binary-expr","locations":[{"start":{"line":133,"column":19},"end":{"line":133,"column":51}},{"start":{"line":133,"column":55},"end":{"line":133,"column":57}}]},"13":{"loc":{"start":{"line":140,"column":6},"end":{"line":142,"column":7}},"type":"if","locations":[{"start":{"line":140,"column":6},"end":{"line":142,"column":7}},{"start":{},"end":{}}]},"14":{"loc":{"start":{"line":148,"column":27},"end":{"line":148,"column":82}},"type":"binary-expr","locations":[{"start":{"line":148,"column":27},"end":{"line":148,"column":76}},{"start":{"line":148,"column":80},"end":{"line":148,"column":82}}]},"15":{"loc":{"start":{"line":152,"column":8},"end":{"line":158,"column":9}},"type":"if","locations":[{"start":{"line":152,"column":8},"end":{"line":158,"column":9}},{"start":{},"end":{}}]},"16":{"loc":{"start":{"line":154,"column":10},"end":{"line":157,"column":11}},"type":"if","locations":[{"start":{"line":154,"column":10},"end":{"line":157,"column":11}},{"start":{},"end":{}}]},"17":{"loc":{"start":{"line":154,"column":14},"end":{"line":154,"column":51}},"type":"binary-expr","locations":[{"start":{"line":154,"column":14},"end":{"line":154,"column":32}},{"start":{"line":154,"column":36},"end":{"line":154,"column":51}}]},"18":{"loc":{"start":{"line":155,"column":24},"end":{"line":155,"column":74}},"type":"binary-expr","locations":[{"start":{"line":155,"column":24},"end":{"line":155,"column":42}},{"start":{"line":155,"column":46},"end":{"line":155,"column":61}},{"start":{"line":155,"column":65},"end":{"line":155,"column":74}}]},"19":{"loc":{"start":{"line":162,"column":31},"end":{"line":162,"column":57}},"type":"binary-expr","locations":[{"start":{"line":162,"column":31},"end":{"line":162,"column":52}},{"start":{"line":162,"column":56},"end":{"line":162,"column":57}}]},"20":{"loc":{"start":{"line":162,"column":62},"end":{"line":162,"column":83}},"type":"binary-expr","locations":[{"start":{"line":162,"column":62},"end":{"line":162,"column":78}},{"start":{"line":162,"column":82},"end":{"line":162,"column":83}}]},"21":{"loc":{"start":{"line":164,"column":9},"end":{"line":164,"column":36}},"type":"binary-expr","locations":[{"start":{"line":164,"column":9},"end":{"line":164,"column":31}},{"start":{"line":164,"column":35},"end":{"line":164,"column":36}}]},"22":{"loc":{"start":{"line":165,"column":9},"end":{"line":165,"column":39}},"type":"binary-expr","locations":[{"start":{"line":165,"column":9},"end":{"line":165,"column":34}},{"start":{"line":165,"column":38},"end":{"line":165,"column":39}}]},"23":{"loc":{"start":{"line":166,"column":9},"end":{"line":166,"column":41}},"type":"binary-expr","locations":[{"start":{"line":166,"column":9},"end":{"line":166,"column":36}},{"start":{"line":166,"column":40},"end":{"line":166,"column":41}}]},"24":{"loc":{"start":{"line":171,"column":19},"end":{"line":171,"column":36}},"type":"binary-expr","locations":[{"start":{"line":171,"column":19},"end":{"line":171,"column":31}},{"start":{"line":171,"column":35},"end":{"line":171,"column":36}}]},"25":{"loc":{"start":{"line":173,"column":17},"end":{"line":173,"column":36}},"type":"binary-expr","locations":[{"start":{"line":173,"column":17},"end":{"line":173,"column":31}},{"start":{"line":173,"column":35},"end":{"line":173,"column":36}}]}},"s":{"0":0,"1":0,"2":0,"3":0,"4":0,"5":0,"6":0,"7":0,"8":0,"9":0,"10":0,"11":0,"12":0,"13":0,"14":0,"15":0,"16":0,"17":0,"18":0,"19":0,"20":0,"21":0,"22":0,"23":0,"24":0,"25":0,"26":0,"27":0,"28":0,"29":0,"30":0,"31":0,"32":0,"33":0,"34":0,"35":0,"36":0,"37":0,"38":0,"39":0,"40":0,"41":0,"42":0,"43":0,"44":0,"45":0,"46":0,"47":0,"48":0,"49":0,"50":0,"51":0,"52":0,"53":0,"54":0,"55":0,"56":0,"57":0,"58":0,"59":0,"60":0,"61":0,"62":0,"63":0,"64":0},"f":{"0":0,"1":0,"2":0,"3":0,"4":0,"5":0},"b":{"0":[0,0],"1":[0,0],"2":[0,0],"3":[0,0],"4":[0,0],"5":[0,0],"6":[0,0],"7":[0,0],"8":[0,0],"9":[0,0],"10":[0,0],"11":[0,0],"12":[0,0],"13":[0,0],"14":[0,0],"15":[0,0],"16":[0,0],"17":[0,0],"18":[0,0,0],"19":[0,0],"20":[0,0],"21":[0,0],"22":[0,0],"23":[0,0],"24":[0,0],"25":[0,0]}}
,"/Users/andrein/ore/ore-etl/src/etl/deploy-etl.ts": {"path":"/Users/andrein/ore/ore-etl/src/etl/deploy-etl.ts","statementMap":{"0":{"start":{"line":2,"column":0},"end":{"line":2,"column":41}},"1":{"start":{"line":3,"column":0},"end":{"line":3,"column":50}},"2":{"start":{"line":4,"column":0},"end":{"line":4,"column":66}},"3":{"start":{"line":6,"column":0},"end":{"line":6,"column":35}},"4":{"start":{"line":7,"column":0},"end":{"line":7,"column":58}},"5":{"start":{"line":9,"column":25},"end":{"line":9,"column":38}},"6":{"start":{"line":15,"column":4},"end":{"line":15,"column":37}},"7":{"start":{"line":19,"column":4},"end":{"line":19,"column":42}},"8":{"start":{"line":21,"column":4},"end":{"line":98,"column":5}},"9":{"start":{"line":23,"column":20},"end":{"line":23,"column":65}},"10":{"start":{"line":24,"column":23},"end":{"line":24,"column":52}},"11":{"start":{"line":26,"column":6},"end":{"line":26,"column":54}},"12":{"start":{"line":28,"column":6},"end":{"line":35,"column":9}},"13":{"start":{"line":37,"column":22},"end":{"line":37,"column":23}},"14":{"start":{"line":38,"column":24},"end":{"line":38,"column":32}},"15":{"start":{"line":40,"column":6},"end":{"line":71,"column":7}},"16":{"start":{"line":41,"column":22},"end":{"line":41,"column":56}},"17":{"start":{"line":43,"column":8},"end":{"line":46,"column":9}},"18":{"start":{"line":44,"column":10},"end":{"line":44,"column":57}},"19":{"start":{"line":45,"column":10},"end":{"line":45,"column":16}},"20":{"start":{"line":48,"column":24},"end":{"line":48,"column":54}},"21":{"start":{"line":50,"column":8},"end":{"line":55,"column":9}},"22":{"start":{"line":51,"column":10},"end":{"line":54,"column":12}},"23":{"start":{"line":57,"column":8},"end":{"line":57,"column":36}},"24":{"start":{"line":58,"column":8},"end":{"line":58,"column":51}},"25":{"start":{"line":60,"column":8},"end":{"line":60,"column":80}},"26":{"start":{"line":63,"column":8},"end":{"line":70,"column":11}},"27":{"start":{"line":73,"column":6},"end":{"line":80,"column":9}},"28":{"start":{"line":82,"column":6},"end":{"line":82,"column":78}},"29":{"start":{"line":84,"column":6},"end":{"line":84,"column":49}},"30":{"start":{"line":86,"column":20},"end":{"line":86,"column":65}},"31":{"start":{"line":87,"column":6},"end":{"line":95,"column":9}},"32":{"start":{"line":97,"column":6},"end":{"line":97,"column":18}},"33":{"start":{"line":102,"column":23},"end":{"line":102,"column":71}},"34":{"start":{"line":104,"column":4},"end":{"line":111,"column":17}},"35":{"start":{"line":115,"column":38},"end":{"line":115,"column":40}},"36":{"start":{"line":117,"column":4},"end":{"line":126,"column":5}},"37":{"start":{"line":118,"column":6},"end":{"line":125,"column":7}},"38":{"start":{"line":119,"column":23},"end":{"line":119,"column":56}},"39":{"start":{"line":120,"column":8},"end":{"line":122,"column":9}},"40":{"start":{"line":121,"column":10},"end":{"line":121,"column":31}},"41":{"start":{"line":124,"column":8},"end":{"line":124,"column":76}},"42":{"start":{"line":128,"column":4},"end":{"line":128,"column":19}},"43":{"start":{"line":133,"column":4},"end":{"line":199,"column":5}},"44":{"start":{"line":134,"column":19},"end":{"line":134,"column":57}},"45":{"start":{"line":135,"column":22},"end":{"line":135,"column":37}},"46":{"start":{"line":138,"column":25},"end":{"line":138,"column":49}},"47":{"start":{"line":139,"column":24},"end":{"line":139,"column":65}},"48":{"start":{"line":139,"column":45},"end":{"line":139,"column":64}},"49":{"start":{"line":141,"column":6},"end":{"line":143,"column":7}},"50":{"start":{"line":142,"column":8},"end":{"line":142,"column":20}},"51":{"start":{"line":146,"column":27},"end":{"line":146,"column":82}},"52":{"start":{"line":147,"column":30},"end":{"line":147,"column":34}},"53":{"start":{"line":148,"column":26},"end":{"line":148,"column":28}},"54":{"start":{"line":150,"column":6},"end":{"line":160,"column":7}},"55":{"start":{"line":152,"column":8},"end":{"line":159,"column":9}},"56":{"start":{"line":153,"column":25},"end":{"line":153,"column":74}},"57":{"start":{"line":154,"column":10},"end":{"line":158,"column":11}},"58":{"start":{"line":155,"column":12},"end":{"line":155,"column":39}},"59":{"start":{"line":156,"column":12},"end":{"line":156,"column":61}},"60":{"start":{"line":157,"column":12},"end":{"line":157,"column":18}},"61":{"start":{"line":163,"column":22},"end":{"line":163,"column":72}},"62":{"start":{"line":166,"column":6},"end":{"line":173,"column":7}},"63":{"start":{"line":167,"column":28},"end":{"line":167,"column":82}},"64":{"start":{"line":168,"column":8},"end":{"line":172,"column":9}},"65":{"start":{"line":170,"column":32},"end":{"line":170,"column":46}},"66":{"start":{"line":171,"column":10},"end":{"line":171,"column":72}},"67":{"start":{"line":176,"column":27},"end":{"line":176,"column":61}},"68":{"start":{"line":179,"column":39},"end":{"line":193,"column":8}},"69":{"start":{"line":195,"column":6},"end":{"line":195,"column":22}},"70":{"start":{"line":197,"column":6},"end":{"line":197,"column":78}},"71":{"start":{"line":198,"column":6},"end":{"line":198,"column":18}},"72":{"start":{"line":11,"column":0},"end":{"line":11,"column":13}}},"fnMap":{"0":{"name":"(anonymous_0)","decl":{"start":{"line":14,"column":2},"end":{"line":14,"column":14}},"loc":{"start":{"line":14,"column":40},"end":{"line":16,"column":3}}},"1":{"name":"(anonymous_1)","decl":{"start":{"line":18,"column":2},"end":{"line":18,"column":7}},"loc":{"start":{"line":18,"column":11},"end":{"line":99,"column":3}}},"2":{"name":"(anonymous_2)","decl":{"start":{"line":101,"column":10},"end":{"line":101,"column":15}},"loc":{"start":{"line":101,"column":44},"end":{"line":112,"column":3}}},"3":{"name":"(anonymous_3)","decl":{"start":{"line":114,"column":10},"end":{"line":114,"column":15}},"loc":{"start":{"line":114,"column":59},"end":{"line":129,"column":3}}},"4":{"name":"(anonymous_4)","decl":{"start":{"line":132,"column":2},"end":{"line":132,"column":7}},"loc":{"start":{"line":132,"column":45},"end":{"line":200,"column":3}}},"5":{"name":"(anonymous_5)","decl":{"start":{"line":139,"column":40},"end":{"line":139,"column":41}},"loc":{"start":{"line":139,"column":45},"end":{"line":139,"column":64}}}},"branchMap":{"0":{"loc":{"start":{"line":24,"column":23},"end":{"line":24,"column":52}},"type":"binary-expr","locations":[{"start":{"line":24,"column":23},"end":{"line":24,"column":47}},{"start":{"line":24,"column":51},"end":{"line":24,"column":52}}]},"1":{"loc":{"start":{"line":31,"column":32},"end":{"line":31,"column":67}},"type":"binary-expr","locations":[{"start":{"line":31,"column":32},"end":{"line":31,"column":61}},{"start":{"line":31,"column":65},"end":{"line":31,"column":67}}]},"2":{"loc":{"start":{"line":32,"column":24},"end":{"line":32,"column":50}},"type":"binary-expr","locations":[{"start":{"line":32,"column":24},"end":{"line":32,"column":45}},{"start":{"line":32,"column":49},"end":{"line":32,"column":50}}]},"3":{"loc":{"start":{"line":43,"column":8},"end":{"line":46,"column":9}},"type":"if","locations":[{"start":{"line":43,"column":8},"end":{"line":46,"column":9}},{"start":{},"end":{}}]},"4":{"loc":{"start":{"line":50,"column":8},"end":{"line":55,"column":9}},"type":"if","locations":[{"start":{"line":50,"column":8},"end":{"line":55,"column":9}},{"start":{},"end":{}}]},"5":{"loc":{"start":{"line":67,"column":27},"end":{"line":67,"column":53}},"type":"binary-expr","locations":[{"start":{"line":67,"column":27},"end":{"line":67,"column":48}},{"start":{"line":67,"column":52},"end":{"line":67,"column":53}}]},"6":{"loc":{"start":{"line":77,"column":25},"end":{"line":77,"column":51}},"type":"binary-expr","locations":[{"start":{"line":77,"column":25},"end":{"line":77,"column":46}},{"start":{"line":77,"column":50},"end":{"line":77,"column":51}}]},"7":{"loc":{"start":{"line":89,"column":27},"end":{"line":89,"column":56}},"type":"binary-expr","locations":[{"start":{"line":89,"column":27},"end":{"line":89,"column":51}},{"start":{"line":89,"column":55},"end":{"line":89,"column":56}}]},"8":{"loc":{"start":{"line":90,"column":32},"end":{"line":90,"column":67}},"type":"binary-expr","locations":[{"start":{"line":90,"column":32},"end":{"line":90,"column":61}},{"start":{"line":90,"column":65},"end":{"line":90,"column":67}}]},"9":{"loc":{"start":{"line":91,"column":24},"end":{"line":91,"column":50}},"type":"binary-expr","locations":[{"start":{"line":91,"column":24},"end":{"line":91,"column":45}},{"start":{"line":91,"column":49},"end":{"line":91,"column":50}}]},"10":{"loc":{"start":{"line":94,"column":22},"end":{"line":94,"column":78}},"type":"cond-expr","locations":[{"start":{"line":94,"column":47},"end":{"line":94,"column":60}},{"start":{"line":94,"column":63},"end":{"line":94,"column":78}}]},"11":{"loc":{"start":{"line":120,"column":8},"end":{"line":122,"column":9}},"type":"if","locations":[{"start":{"line":120,"column":8},"end":{"line":122,"column":9}},{"start":{},"end":{}}]},"12":{"loc":{"start":{"line":134,"column":19},"end":{"line":134,"column":57}},"type":"binary-expr","locations":[{"start":{"line":134,"column":19},"end":{"line":134,"column":51}},{"start":{"line":134,"column":55},"end":{"line":134,"column":57}}]},"13":{"loc":{"start":{"line":141,"column":6},"end":{"line":143,"column":7}},"type":"if","locations":[{"start":{"line":141,"column":6},"end":{"line":143,"column":7}},{"start":{},"end":{}}]},"14":{"loc":{"start":{"line":141,"column":10},"end":{"line":141,"column":51}},"type":"binary-expr","locations":[{"start":{"line":141,"column":10},"end":{"line":141,"column":20}},{"start":{"line":141,"column":24},"end":{"line":141,"column":51}}]},"15":{"loc":{"start":{"line":146,"column":27},"end":{"line":146,"column":82}},"type":"binary-expr","locations":[{"start":{"line":146,"column":27},"end":{"line":146,"column":76}},{"start":{"line":146,"column":80},"end":{"line":146,"column":82}}]},"16":{"loc":{"start":{"line":152,"column":8},"end":{"line":159,"column":9}},"type":"if","locations":[{"start":{"line":152,"column":8},"end":{"line":159,"column":9}},{"start":{},"end":{}}]},"17":{"loc":{"start":{"line":152,"column":12},"end":{"line":152,"column":50}},"type":"binary-expr","locations":[{"start":{"line":152,"column":12},"end":{"line":152,"column":19}},{"start":{"line":152,"column":23},"end":{"line":152,"column":50}}]},"18":{"loc":{"start":{"line":154,"column":10},"end":{"line":158,"column":11}},"type":"if","locations":[{"start":{"line":154,"column":10},"end":{"line":158,"column":11}},{"start":{},"end":{}}]},"19":{"loc":{"start":{"line":163,"column":22},"end":{"line":163,"column":72}},"type":"binary-expr","locations":[{"start":{"line":163,"column":22},"end":{"line":163,"column":40}},{"start":{"line":163,"column":44},"end":{"line":163,"column":59}},{"start":{"line":163,"column":63},"end":{"line":163,"column":72}}]},"20":{"loc":{"start":{"line":166,"column":6},"end":{"line":173,"column":7}},"type":"if","locations":[{"start":{"line":166,"column":6},"end":{"line":173,"column":7}},{"start":{},"end":{}}]},"21":{"loc":{"start":{"line":167,"column":28},"end":{"line":167,"column":82}},"type":"binary-expr","locations":[{"start":{"line":167,"column":28},"end":{"line":167,"column":76}},{"start":{"line":167,"column":80},"end":{"line":167,"column":82}}]},"22":{"loc":{"start":{"line":168,"column":8},"end":{"line":172,"column":9}},"type":"if","locations":[{"start":{"line":168,"column":8},"end":{"line":172,"column":9}},{"start":{},"end":{}}]},"23":{"loc":{"start":{"line":171,"column":22},"end":{"line":171,"column":71}},"type":"binary-expr","locations":[{"start":{"line":171,"column":22},"end":{"line":171,"column":58}},{"start":{"line":171,"column":62},"end":{"line":171,"column":71}}]},"24":{"loc":{"start":{"line":176,"column":27},"end":{"line":176,"column":61}},"type":"cond-expr","locations":[{"start":{"line":176,"column":49},"end":{"line":176,"column":53}},{"start":{"line":176,"column":56},"end":{"line":176,"column":61}}]},"25":{"loc":{"start":{"line":182,"column":19},"end":{"line":182,"column":36}},"type":"binary-expr","locations":[{"start":{"line":182,"column":19},"end":{"line":182,"column":31}},{"start":{"line":182,"column":35},"end":{"line":182,"column":36}}]},"26":{"loc":{"start":{"line":185,"column":16},"end":{"line":185,"column":121}},"type":"cond-expr","locations":[{"start":{"line":185,"column":36},"end":{"line":185,"column":68}},{"start":{"line":185,"column":71},"end":{"line":185,"column":121}}]}},"s":{"0":1,"1":1,"2":1,"3":1,"4":1,"5":1,"6":16,"7":0,"8":0,"9":0,"10":0,"11":0,"12":0,"13":0,"14":0,"15":0,"16":0,"17":0,"18":0,"19":0,"20":0,"21":0,"22":0,"23":0,"24":0,"25":0,"26":0,"27":0,"28":0,"29":0,"30":0,"31":0,"32":0,"33":0,"34":0,"35":0,"36":0,"37":0,"38":0,"39":0,"40":0,"41":0,"42":0,"43":24,"44":24,"45":24,"46":24,"47":24,"48":77,"49":24,"50":2,"51":22,"52":22,"53":22,"54":22,"55":114,"56":92,"57":92,"58":0,"59":0,"60":0,"61":22,"62":22,"63":22,"64":22,"65":22,"66":22,"67":22,"68":22,"69":22,"70":0,"71":0,"72":1},"f":{"0":16,"1":0,"2":0,"3":0,"4":24,"5":77},"b":{"0":[0,0],"1":[0,0],"2":[0,0],"3":[0,0],"4":[0,0],"5":[0,0],"6":[0,0],"7":[0,0],"8":[0,0],"9":[0,0],"10":[0,0],"11":[0,0],"12":[24,0],"13":[2,22],"14":[24,22],"15":[22,0],"16":[92,22],"17":[114,92],"18":[0,92],"19":[22,22,22],"20":[22,0],"21":[22,0],"22":[22,0],"23":[22,0],"24":[0,22],"25":[22,0],"26":[0,22]}}
,"/Users/andrein/ore/ore-etl/src/etl/run-all.ts": {"path":"/Users/andrein/ore/ore-etl/src/etl/run-all.ts","statementMap":{"0":{"start":{"line":1,"column":0},"end":{"line":1,"column":57}},"1":{"start":{"line":2,"column":0},"end":{"line":2,"column":41}},"2":{"start":{"line":3,"column":0},"end":{"line":3,"column":49}},"3":{"start":{"line":4,"column":0},"end":{"line":4,"column":41}},"4":{"start":{"line":7,"column":23},"end":{"line":7,"column":41}},"5":{"start":{"line":9,"column":2},"end":{"line":35,"column":3}},"6":{"start":{"line":10,"column":4},"end":{"line":10,"column":33}},"7":{"start":{"line":13,"column":4},"end":{"line":13,"column":32}},"8":{"start":{"line":14,"column":4},"end":{"line":14,"column":39}},"9":{"start":{"line":15,"column":4},"end":{"line":15,"column":32}},"10":{"start":{"line":16,"column":22},"end":{"line":16,"column":49}},"11":{"start":{"line":17,"column":4},"end":{"line":17,"column":26}},"12":{"start":{"line":20,"column":4},"end":{"line":20,"column":32}},"13":{"start":{"line":21,"column":4},"end":{"line":21,"column":43}},"14":{"start":{"line":22,"column":4},"end":{"line":22,"column":32}},"15":{"start":{"line":23,"column":26},"end":{"line":23,"column":57}},"16":{"start":{"line":24,"column":4},"end":{"line":24,"column":30}},"17":{"start":{"line":26,"column":4},"end":{"line":26,"column":36}},"18":{"start":{"line":27,"column":4},"end":{"line":27,"column":32}},"19":{"start":{"line":28,"column":4},"end":{"line":28,"column":60}},"20":{"start":{"line":29,"column":4},"end":{"line":29,"column":32}},"21":{"start":{"line":30,"column":4},"end":{"line":30,"column":20}},"22":{"start":{"line":32,"column":4},"end":{"line":32,"column":38}},"23":{"start":{"line":33,"column":4},"end":{"line":33,"column":36}},"24":{"start":{"line":34,"column":4},"end":{"line":34,"column":20}},"25":{"start":{"line":38,"column":0},"end":{"line":38,"column":7}}},"fnMap":{"0":{"name":"main","decl":{"start":{"line":6,"column":15},"end":{"line":6,"column":19}},"loc":{"start":{"line":6,"column":19},"end":{"line":36,"column":1}}}},"branchMap":{},"s":{"0":0,"1":0,"2":0,"3":0,"4":0,"5":0,"6":0,"7":0,"8":0,"9":0,"10":0,"11":0,"12":0,"13":0,"14":0,"15":0,"16":0,"17":0,"18":0,"19":0,"20":0,"21":0,"22":0,"23":0,"24":0,"25":0},"f":{"0":0},"b":{}}
,"/Users/andrein/ore/ore-etl/src/etl/run-checkpoint.ts": {"path":"/Users/andrein/ore/ore-etl/src/etl/run-checkpoint.ts","statementMap":{"0":{"start":{"line":1,"column":0},"end":{"line":1,"column":57}},"1":{"start":{"line":2,"column":0},"end":{"line":2,"column":49}},"2":{"start":{"line":3,"column":0},"end":{"line":3,"column":41}},"3":{"start":{"line":6,"column":23},"end":{"line":6,"column":41}},"4":{"start":{"line":8,"column":2},"end":{"line":21,"column":3}},"5":{"start":{"line":9,"column":4},"end":{"line":9,"column":33}},"6":{"start":{"line":11,"column":26},"end":{"line":11,"column":57}},"7":{"start":{"line":12,"column":4},"end":{"line":12,"column":30}},"8":{"start":{"line":14,"column":4},"end":{"line":14,"column":36}},"9":{"start":{"line":15,"column":4},"end":{"line":15,"column":57}},"10":{"start":{"line":16,"column":4},"end":{"line":16,"column":20}},"11":{"start":{"line":18,"column":4},"end":{"line":18,"column":49}},"12":{"start":{"line":19,"column":4},"end":{"line":19,"column":36}},"13":{"start":{"line":20,"column":4},"end":{"line":20,"column":20}},"14":{"start":{"line":24,"column":0},"end":{"line":24,"column":7}}},"fnMap":{"0":{"name":"main","decl":{"start":{"line":5,"column":15},"end":{"line":5,"column":19}},"loc":{"start":{"line":5,"column":19},"end":{"line":22,"column":1}}}},"branchMap":{},"s":{"0":0,"1":0,"2":0,"3":0,"4":0,"5":0,"6":0,"7":0,"8":0,"9":0,"10":0,"11":0,"12":0,"13":0,"14":0},"f":{"0":0},"b":{}}
,"/Users/andrein/ore/ore-etl/src/etl/run-deploy.ts": {"path":"/Users/andrein/ore/ore-etl/src/etl/run-deploy.ts","statementMap":{"0":{"start":{"line":1,"column":0},"end":{"line":1,"column":57}},"1":{"start":{"line":2,"column":0},"end":{"line":2,"column":41}},"2":{"start":{"line":3,"column":0},"end":{"line":3,"column":41}},"3":{"start":{"line":6,"column":23},"end":{"line":6,"column":41}},"4":{"start":{"line":8,"column":2},"end":{"line":21,"column":3}},"5":{"start":{"line":9,"column":4},"end":{"line":9,"column":33}},"6":{"start":{"line":11,"column":22},"end":{"line":11,"column":49}},"7":{"start":{"line":12,"column":4},"end":{"line":12,"column":26}},"8":{"start":{"line":14,"column":4},"end":{"line":14,"column":36}},"9":{"start":{"line":15,"column":4},"end":{"line":15,"column":53}},"10":{"start":{"line":16,"column":4},"end":{"line":16,"column":20}},"11":{"start":{"line":18,"column":4},"end":{"line":18,"column":45}},"12":{"start":{"line":19,"column":4},"end":{"line":19,"column":36}},"13":{"start":{"line":20,"column":4},"end":{"line":20,"column":20}},"14":{"start":{"line":24,"column":0},"end":{"line":24,"column":7}}},"fnMap":{"0":{"name":"main","decl":{"start":{"line":5,"column":15},"end":{"line":5,"column":19}},"loc":{"start":{"line":5,"column":19},"end":{"line":22,"column":1}}}},"branchMap":{},"s":{"0":0,"1":0,"2":0,"3":0,"4":0,"5":0,"6":0,"7":0,"8":0,"9":0,"10":0,"11":0,"12":0,"13":0,"14":0},"f":{"0":0},"b":{}}
,"/Users/andrein/ore/ore-etl/src/parsers/instruction-parser.ts": {"path":"/Users/andrein/ore/ore-etl/src/parsers/instruction-parser.ts","statementMap":{"0":{"start":{"line":5,"column":0},"end":{"line":5,"column":70}},"1":{"start":{"line":21,"column":4},"end":{"line":55,"column":5}},"2":{"start":{"line":22,"column":19},"end":{"line":22,"column":52}},"3":{"start":{"line":25,"column":6},"end":{"line":25,"column":40}},"4":{"start":{"line":25,"column":28},"end":{"line":25,"column":40}},"5":{"start":{"line":28,"column":30},"end":{"line":28,"column":37}},"6":{"start":{"line":29,"column":6},"end":{"line":29,"column":45}},"7":{"start":{"line":29,"column":33},"end":{"line":29,"column":45}},"8":{"start":{"line":32,"column":21},"end":{"line":32,"column":44}},"9":{"start":{"line":33,"column":24},"end":{"line":33,"column":44}},"10":{"start":{"line":36,"column":19},"end":{"line":36,"column":39}},"11":{"start":{"line":39,"column":32},"end":{"line":39,"column":34}},"12":{"start":{"line":40,"column":6},"end":{"line":44,"column":7}},"13":{"start":{"line":40,"column":19},"end":{"line":40,"column":20}},"14":{"start":{"line":41,"column":8},"end":{"line":43,"column":9}},"15":{"start":{"line":42,"column":10},"end":{"line":42,"column":26}},"16":{"start":{"line":46,"column":6},"end":{"line":52,"column":8}},"17":{"start":{"line":54,"column":6},"end":{"line":54,"column":18}},"18":{"start":{"line":71,"column":4},"end":{"line":92,"column":5}},"19":{"start":{"line":72,"column":6},"end":{"line":74,"column":7}},"20":{"start":{"line":73,"column":8},"end":{"line":73,"column":18}},"21":{"start":{"line":76,"column":23},"end":{"line":78,"column":23}},"22":{"start":{"line":77,"column":8},"end":{"line":77,"column":26}},"23":{"start":{"line":81,"column":6},"end":{"line":88,"column":8}},"24":{"start":{"line":90,"column":6},"end":{"line":90,"column":57}},"25":{"start":{"line":91,"column":6},"end":{"line":91,"column":16}},"26":{"start":{"line":100,"column":4},"end":{"line":102,"column":5}},"27":{"start":{"line":101,"column":6},"end":{"line":101,"column":18}},"28":{"start":{"line":103,"column":4},"end":{"line":103,"column":17}},"29":{"start":{"line":15,"column":0},"end":{"line":15,"column":13}}},"fnMap":{"0":{"name":"(anonymous_0)","decl":{"start":{"line":20,"column":2},"end":{"line":20,"column":8}},"loc":{"start":{"line":20,"column":50},"end":{"line":56,"column":3}}},"1":{"name":"(anonymous_1)","decl":{"start":{"line":63,"column":2},"end":{"line":63,"column":8}},"loc":{"start":{"line":63,"column":41},"end":{"line":93,"column":3}}},"2":{"name":"(anonymous_2)","decl":{"start":{"line":76,"column":48},"end":{"line":76,"column":49}},"loc":{"start":{"line":77,"column":8},"end":{"line":77,"column":26}}},"3":{"name":"(anonymous_3)","decl":{"start":{"line":98,"column":2},"end":{"line":98,"column":8}},"loc":{"start":{"line":98,"column":43},"end":{"line":104,"column":3}}}},"branchMap":{"0":{"loc":{"start":{"line":25,"column":6},"end":{"line":25,"column":40}},"type":"if","locations":[{"start":{"line":25,"column":6},"end":{"line":25,"column":40}},{"start":{},"end":{}}]},"1":{"loc":{"start":{"line":29,"column":6},"end":{"line":29,"column":45}},"type":"if","locations":[{"start":{"line":29,"column":6},"end":{"line":29,"column":45}},{"start":{},"end":{}}]},"2":{"loc":{"start":{"line":41,"column":8},"end":{"line":43,"column":9}},"type":"if","locations":[{"start":{"line":41,"column":8},"end":{"line":43,"column":9}},{"start":{},"end":{}}]},"3":{"loc":{"start":{"line":72,"column":6},"end":{"line":74,"column":7}},"type":"if","locations":[{"start":{"line":72,"column":6},"end":{"line":74,"column":7}},{"start":{},"end":{}}]},"4":{"loc":{"start":{"line":72,"column":10},"end":{"line":72,"column":68}},"type":"binary-expr","locations":[{"start":{"line":72,"column":10},"end":{"line":72,"column":31}},{"start":{"line":72,"column":35},"end":{"line":72,"column":68}}]},"5":{"loc":{"start":{"line":83,"column":19},"end":{"line":83,"column":45}},"type":"binary-expr","locations":[{"start":{"line":83,"column":19},"end":{"line":83,"column":30}},{"start":{"line":83,"column":34},"end":{"line":83,"column":45}}]},"6":{"loc":{"start":{"line":100,"column":4},"end":{"line":102,"column":5}},"type":"if","locations":[{"start":{"line":100,"column":4},"end":{"line":102,"column":5}},{"start":{},"end":{}}]},"7":{"loc":{"start":{"line":100,"column":8},"end":{"line":100,"column":43}},"type":"binary-expr","locations":[{"start":{"line":100,"column":8},"end":{"line":100,"column":28}},{"start":{"line":100,"column":32},"end":{"line":100,"column":43}}]}},"s":{"0":2,"1":96,"2":96,"3":96,"4":92,"5":4,"6":4,"7":4,"8":0,"9":0,"10":0,"11":0,"12":0,"13":0,"14":0,"15":0,"16":0,"17":0,"18":1,"19":1,"20":0,"21":1,"22":6,"23":1,"24":0,"25":0,"26":2,"27":1,"28":1,"29":2},"f":{"0":96,"1":1,"2":6,"3":2},"b":{"0":[92,4],"1":[4,0],"2":[0,0],"3":[0,1],"4":[1,1],"5":[1,0],"6":[1,1],"7":[2,2]}}
,"/Users/andrein/ore/ore-etl/src/parsers/log-parser.ts": {"path":"/Users/andrein/ore/ore-etl/src/parsers/log-parser.ts","statementMap":{"0":{"start":{"line":5,"column":25},"end":{"line":5,"column":38}},"1":{"start":{"line":6,"column":22},"end":{"line":6,"column":37}},"2":{"start":{"line":70,"column":33},"end":{"line":70,"column":35}},"3":{"start":{"line":72,"column":4},"end":{"line":80,"column":5}},"4":{"start":{"line":73,"column":6},"end":{"line":73,"column":52}},"5":{"start":{"line":73,"column":43},"end":{"line":73,"column":52}},"6":{"start":{"line":75,"column":22},"end":{"line":75,"column":54}},"7":{"start":{"line":76,"column":21},"end":{"line":76,"column":43}},"8":{"start":{"line":77,"column":6},"end":{"line":79,"column":7}},"9":{"start":{"line":78,"column":8},"end":{"line":78,"column":29}},"10":{"start":{"line":82,"column":4},"end":{"line":82,"column":19}},"11":{"start":{"line":87,"column":24},"end":{"line":87,"column":94}},"12":{"start":{"line":88,"column":4},"end":{"line":95,"column":5}},"13":{"start":{"line":89,"column":6},"end":{"line":94,"column":8}},"14":{"start":{"line":98,"column":25},"end":{"line":98,"column":57}},"15":{"start":{"line":99,"column":4},"end":{"line":104,"column":5}},"16":{"start":{"line":100,"column":6},"end":{"line":103,"column":8}},"17":{"start":{"line":107,"column":29},"end":{"line":107,"column":72}},"18":{"start":{"line":108,"column":4},"end":{"line":113,"column":5}},"19":{"start":{"line":109,"column":6},"end":{"line":112,"column":8}},"20":{"start":{"line":116,"column":30},"end":{"line":116,"column":74}},"21":{"start":{"line":117,"column":4},"end":{"line":122,"column":5}},"22":{"start":{"line":118,"column":6},"end":{"line":121,"column":8}},"23":{"start":{"line":125,"column":26},"end":{"line":125,"column":74}},"24":{"start":{"line":126,"column":4},"end":{"line":131,"column":5}},"25":{"start":{"line":127,"column":6},"end":{"line":130,"column":8}},"26":{"start":{"line":134,"column":28},"end":{"line":134,"column":77}},"27":{"start":{"line":135,"column":4},"end":{"line":140,"column":5}},"28":{"start":{"line":136,"column":6},"end":{"line":139,"column":8}},"29":{"start":{"line":143,"column":24},"end":{"line":143,"column":63}},"30":{"start":{"line":144,"column":4},"end":{"line":149,"column":5}},"31":{"start":{"line":145,"column":6},"end":{"line":148,"column":8}},"32":{"start":{"line":152,"column":26},"end":{"line":152,"column":66}},"33":{"start":{"line":153,"column":4},"end":{"line":158,"column":5}},"34":{"start":{"line":154,"column":6},"end":{"line":157,"column":8}},"35":{"start":{"line":161,"column":26},"end":{"line":161,"column":66}},"36":{"start":{"line":162,"column":4},"end":{"line":167,"column":5}},"37":{"start":{"line":163,"column":6},"end":{"line":166,"column":8}},"38":{"start":{"line":170,"column":25},"end":{"line":170,"column":67}},"39":{"start":{"line":171,"column":4},"end":{"line":176,"column":5}},"40":{"start":{"line":172,"column":6},"end":{"line":175,"column":8}},"41":{"start":{"line":179,"column":26},"end":{"line":179,"column":69}},"42":{"start":{"line":180,"column":4},"end":{"line":185,"column":5}},"43":{"start":{"line":181,"column":6},"end":{"line":184,"column":8}},"44":{"start":{"line":188,"column":22},"end":{"line":188,"column":80}},"45":{"start":{"line":189,"column":4},"end":{"line":195,"column":5}},"46":{"start":{"line":190,"column":6},"end":{"line":194,"column":8}},"47":{"start":{"line":198,"column":24},"end":{"line":198,"column":63}},"48":{"start":{"line":199,"column":4},"end":{"line":204,"column":5}},"49":{"start":{"line":200,"column":6},"end":{"line":203,"column":8}},"50":{"start":{"line":207,"column":24},"end":{"line":207,"column":63}},"51":{"start":{"line":208,"column":4},"end":{"line":213,"column":5}},"52":{"start":{"line":209,"column":6},"end":{"line":212,"column":8}},"53":{"start":{"line":215,"column":4},"end":{"line":215,"column":16}},"54":{"start":{"line":219,"column":34},"end":{"line":219,"column":56}},"55":{"start":{"line":221,"column":4},"end":{"line":228,"column":5}},"56":{"start":{"line":222,"column":6},"end":{"line":222,"column":66}},"57":{"start":{"line":222,"column":37},"end":{"line":222,"column":66}},"58":{"start":{"line":223,"column":6},"end":{"line":223,"column":87}},"59":{"start":{"line":223,"column":44},"end":{"line":223,"column":87}},"60":{"start":{"line":224,"column":6},"end":{"line":224,"column":90}},"61":{"start":{"line":224,"column":45},"end":{"line":224,"column":90}},"62":{"start":{"line":225,"column":6},"end":{"line":225,"column":99}},"63":{"start":{"line":225,"column":48},"end":{"line":225,"column":99}},"64":{"start":{"line":226,"column":6},"end":{"line":226,"column":105}},"65":{"start":{"line":226,"column":50},"end":{"line":226,"column":105}},"66":{"start":{"line":227,"column":6},"end":{"line":227,"column":72}},"67":{"start":{"line":227,"column":39},"end":{"line":227,"column":72}},"68":{"start":{"line":230,"column":4},"end":{"line":230,"column":18}},"69":{"start":{"line":234,"column":28},"end":{"line":234,"column":44}},"70":{"start":{"line":236,"column":4},"end":{"line":241,"column":5}},"71":{"start":{"line":237,"column":6},"end":{"line":237,"column":75}},"72":{"start":{"line":237,"column":40},"end":{"line":237,"column":75}},"73":{"start":{"line":238,"column":6},"end":{"line":238,"column":78}},"74":{"start":{"line":238,"column":41},"end":{"line":238,"column":78}},"75":{"start":{"line":239,"column":6},"end":{"line":239,"column":72}},"76":{"start":{"line":239,"column":39},"end":{"line":239,"column":72}},"77":{"start":{"line":240,"column":6},"end":{"line":240,"column":72}},"78":{"start":{"line":240,"column":39},"end":{"line":240,"column":72}},"79":{"start":{"line":243,"column":4},"end":{"line":243,"column":18}},"80":{"start":{"line":68,"column":0},"end":{"line":68,"column":13}}},"fnMap":{"0":{"name":"(anonymous_0)","decl":{"start":{"line":69,"column":2},"end":{"line":69,"column":8}},"loc":{"start":{"line":69,"column":32},"end":{"line":83,"column":3}}},"1":{"name":"(anonymous_1)","decl":{"start":{"line":85,"column":10},"end":{"line":85,"column":16}},"loc":{"start":{"line":85,"column":41},"end":{"line":216,"column":3}}},"2":{"name":"(anonymous_2)","decl":{"start":{"line":218,"column":2},"end":{"line":218,"column":8}},"loc":{"start":{"line":218,"column":50},"end":{"line":231,"column":3}}},"3":{"name":"(anonymous_3)","decl":{"start":{"line":233,"column":2},"end":{"line":233,"column":8}},"loc":{"start":{"line":233,"column":38},"end":{"line":244,"column":3}}}},"branchMap":{"0":{"loc":{"start":{"line":73,"column":6},"end":{"line":73,"column":52}},"type":"if","locations":[{"start":{"line":73,"column":6},"end":{"line":73,"column":52}},{"start":{},"end":{}}]},"1":{"loc":{"start":{"line":77,"column":6},"end":{"line":79,"column":7}},"type":"if","locations":[{"start":{"line":77,"column":6},"end":{"line":79,"column":7}},{"start":{},"end":{}}]},"2":{"loc":{"start":{"line":88,"column":4},"end":{"line":95,"column":5}},"type":"if","locations":[{"start":{"line":88,"column":4},"end":{"line":95,"column":5}},{"start":{},"end":{}}]},"3":{"loc":{"start":{"line":99,"column":4},"end":{"line":104,"column":5}},"type":"if","locations":[{"start":{"line":99,"column":4},"end":{"line":104,"column":5}},{"start":{},"end":{}}]},"4":{"loc":{"start":{"line":108,"column":4},"end":{"line":113,"column":5}},"type":"if","locations":[{"start":{"line":108,"column":4},"end":{"line":113,"column":5}},{"start":{},"end":{}}]},"5":{"loc":{"start":{"line":117,"column":4},"end":{"line":122,"column":5}},"type":"if","locations":[{"start":{"line":117,"column":4},"end":{"line":122,"column":5}},{"start":{},"end":{}}]},"6":{"loc":{"start":{"line":126,"column":4},"end":{"line":131,"column":5}},"type":"if","locations":[{"start":{"line":126,"column":4},"end":{"line":131,"column":5}},{"start":{},"end":{}}]},"7":{"loc":{"start":{"line":135,"column":4},"end":{"line":140,"column":5}},"type":"if","locations":[{"start":{"line":135,"column":4},"end":{"line":140,"column":5}},{"start":{},"end":{}}]},"8":{"loc":{"start":{"line":144,"column":4},"end":{"line":149,"column":5}},"type":"if","locations":[{"start":{"line":144,"column":4},"end":{"line":149,"column":5}},{"start":{},"end":{}}]},"9":{"loc":{"start":{"line":153,"column":4},"end":{"line":158,"column":5}},"type":"if","locations":[{"start":{"line":153,"column":4},"end":{"line":158,"column":5}},{"start":{},"end":{}}]},"10":{"loc":{"start":{"line":162,"column":4},"end":{"line":167,"column":5}},"type":"if","locations":[{"start":{"line":162,"column":4},"end":{"line":167,"column":5}},{"start":{},"end":{}}]},"11":{"loc":{"start":{"line":171,"column":4},"end":{"line":176,"column":5}},"type":"if","locations":[{"start":{"line":171,"column":4},"end":{"line":176,"column":5}},{"start":{},"end":{}}]},"12":{"loc":{"start":{"line":180,"column":4},"end":{"line":185,"column":5}},"type":"if","locations":[{"start":{"line":180,"column":4},"end":{"line":185,"column":5}},{"start":{},"end":{}}]},"13":{"loc":{"start":{"line":189,"column":4},"end":{"line":195,"column":5}},"type":"if","locations":[{"start":{"line":189,"column":4},"end":{"line":195,"column":5}},{"start":{},"end":{}}]},"14":{"loc":{"start":{"line":199,"column":4},"end":{"line":204,"column":5}},"type":"if","locations":[{"start":{"line":199,"column":4},"end":{"line":204,"column":5}},{"start":{},"end":{}}]},"15":{"loc":{"start":{"line":208,"column":4},"end":{"line":213,"column":5}},"type":"if","locations":[{"start":{"line":208,"column":4},"end":{"line":213,"column":5}},{"start":{},"end":{}}]},"16":{"loc":{"start":{"line":222,"column":6},"end":{"line":222,"column":66}},"type":"if","locations":[{"start":{"line":222,"column":6},"end":{"line":222,"column":66}},{"start":{},"end":{}}]},"17":{"loc":{"start":{"line":223,"column":6},"end":{"line":223,"column":87}},"type":"if","locations":[{"start":{"line":223,"column":6},"end":{"line":223,"column":87}},{"start":{},"end":{}}]},"18":{"loc":{"start":{"line":224,"column":6},"end":{"line":224,"column":90}},"type":"if","locations":[{"start":{"line":224,"column":6},"end":{"line":224,"column":90}},{"start":{},"end":{}}]},"19":{"loc":{"start":{"line":225,"column":6},"end":{"line":225,"column":99}},"type":"if","locations":[{"start":{"line":225,"column":6},"end":{"line":225,"column":99}},{"start":{},"end":{}}]},"20":{"loc":{"start":{"line":226,"column":6},"end":{"line":226,"column":105}},"type":"if","locations":[{"start":{"line":226,"column":6},"end":{"line":226,"column":105}},{"start":{},"end":{}}]},"21":{"loc":{"start":{"line":227,"column":6},"end":{"line":227,"column":72}},"type":"if","locations":[{"start":{"line":227,"column":6},"end":{"line":227,"column":72}},{"start":{},"end":{}}]},"22":{"loc":{"start":{"line":237,"column":6},"end":{"line":237,"column":75}},"type":"if","locations":[{"start":{"line":237,"column":6},"end":{"line":237,"column":75}},{"start":{},"end":{}}]},"23":{"loc":{"start":{"line":238,"column":6},"end":{"line":238,"column":78}},"type":"if","locations":[{"start":{"line":238,"column":6},"end":{"line":238,"column":78}},{"start":{},"end":{}}]},"24":{"loc":{"start":{"line":239,"column":6},"end":{"line":239,"column":72}},"type":"if","locations":[{"start":{"line":239,"column":6},"end":{"line":239,"column":72}},{"start":{},"end":{}}]},"25":{"loc":{"start":{"line":240,"column":6},"end":{"line":240,"column":72}},"type":"if","locations":[{"start":{"line":240,"column":6},"end":{"line":240,"column":72}},{"start":{},"end":{}}]}},"s":{"0":2,"1":2,"2":58,"3":58,"4":969,"5":723,"6":246,"7":246,"8":246,"9":140,"10":58,"11":246,"12":246,"13":32,"14":214,"15":214,"16":32,"17":182,"18":182,"19":25,"20":157,"21":157,"22":25,"23":132,"24":132,"25":1,"26":131,"27":131,"28":1,"29":130,"30":130,"31":1,"32":129,"33":129,"34":4,"35":125,"36":125,"37":2,"38":123,"39":123,"40":4,"41":119,"42":119,"43":1,"44":118,"45":118,"46":4,"47":114,"48":114,"49":4,"50":110,"51":110,"52":4,"53":106,"54":1,"55":1,"56":3,"57":1,"58":3,"59":1,"60":3,"61":1,"62":3,"63":0,"64":3,"65":0,"66":3,"67":0,"68":1,"69":4,"70":4,"71":12,"72":4,"73":12,"74":4,"75":12,"76":4,"77":12,"78":4,"79":4,"80":2},"f":{"0":58,"1":246,"2":1,"3":4},"b":{"0":[723,246],"1":[140,106],"2":[32,214],"3":[32,182],"4":[25,157],"5":[25,132],"6":[1,131],"7":[1,130],"8":[1,129],"9":[4,125],"10":[2,123],"11":[4,119],"12":[1,118],"13":[4,114],"14":[4,110],"15":[4,106],"16":[1,2],"17":[1,2],"18":[1,2],"19":[0,3],"20":[0,3],"21":[0,3],"22":[4,8],"23":[4,8],"24":[4,8],"25":[4,8]}}
,"/Users/andrein/ore/ore-etl/src/utils/logger.ts": {"path":"/Users/andrein/ore/ore-etl/src/utils/logger.ts","statementMap":{"0":{"start":{"line":1,"column":0},"end":{"line":1,"column":30}},"1":{"start":{"line":2,"column":0},"end":{"line":2,"column":35}},"2":{"start":{"line":4,"column":13},"end":{"line":21,"column":3}}},"fnMap":{},"branchMap":{},"s":{"0":1,"1":1,"2":1},"f":{},"b":{}}
,"/Users/andrein/ore/ore-etl/src/utils/pubkey-converter.ts": {"path":"/Users/andrein/ore/ore-etl/src/utils/pubkey-converter.ts","statementMap":{"0":{"start":{"line":6,"column":0},"end":{"line":6,"column":16}},"1":{"start":{"line":30,"column":0},"end":{"line":30,"column":16}},"2":{"start":{"line":1,"column":0},"end":{"line":1,"column":24}},"3":{"start":{"line":7,"column":2},"end":{"line":24,"column":3}},"4":{"start":{"line":8,"column":4},"end":{"line":8,"column":53}},"5":{"start":{"line":8,"column":41},"end":{"line":8,"column":53}},"6":{"start":{"line":10,"column":18},"end":{"line":10,"column":30}},"7":{"start":{"line":11,"column":19},"end":{"line":11,"column":35}},"8":{"start":{"line":15,"column":4},"end":{"line":17,"column":5}},"9":{"start":{"line":15,"column":17},"end":{"line":15,"column":18}},"10":{"start":{"line":16,"column":6},"end":{"line":16,"column":44}},"11":{"start":{"line":20,"column":4},"end":{"line":20,"column":31}},"12":{"start":{"line":22,"column":4},"end":{"line":22,"column":59}},"13":{"start":{"line":23,"column":4},"end":{"line":23,"column":16}},"14":{"start":{"line":31,"column":2},"end":{"line":31,"column":28}},"15":{"start":{"line":31,"column":16},"end":{"line":31,"column":28}},"16":{"start":{"line":34,"column":2},"end":{"line":34,"column":50}},"17":{"start":{"line":34,"column":35},"end":{"line":34,"column":50}},"18":{"start":{"line":37,"column":2},"end":{"line":40,"column":3}},"19":{"start":{"line":38,"column":4},"end":{"line":38,"column":66}},"20":{"start":{"line":38,"column":44},"end":{"line":38,"column":66}},"21":{"start":{"line":39,"column":4},"end":{"line":39,"column":62}},"22":{"start":{"line":39,"column":28},"end":{"line":39,"column":62}},"23":{"start":{"line":43,"column":2},"end":{"line":43,"column":46}},"24":{"start":{"line":43,"column":19},"end":{"line":43,"column":46}},"25":{"start":{"line":45,"column":2},"end":{"line":45,"column":14}}},"fnMap":{"0":{"name":"bnToPubkey","decl":{"start":{"line":6,"column":16},"end":{"line":6,"column":26}},"loc":{"start":{"line":6,"column":34},"end":{"line":25,"column":1}}},"1":{"name":"extractPubkey","decl":{"start":{"line":30,"column":16},"end":{"line":30,"column":29}},"loc":{"start":{"line":30,"column":42},"end":{"line":46,"column":1}}}},"branchMap":{"0":{"loc":{"start":{"line":8,"column":4},"end":{"line":8,"column":53}},"type":"if","locations":[{"start":{"line":8,"column":4},"end":{"line":8,"column":53}},{"start":{},"end":{}}]},"1":{"loc":{"start":{"line":8,"column":8},"end":{"line":8,"column":39}},"type":"binary-expr","locations":[{"start":{"line":8,"column":8},"end":{"line":8,"column":11}},{"start":{"line":8,"column":15},"end":{"line":8,"column":22}},{"start":{"line":8,"column":26},"end":{"line":8,"column":39}}]},"2":{"loc":{"start":{"line":15,"column":20},"end":{"line":15,"column":45}},"type":"binary-expr","locations":[{"start":{"line":15,"column":20},"end":{"line":15,"column":36}},{"start":{"line":15,"column":40},"end":{"line":15,"column":45}}]},"3":{"loc":{"start":{"line":31,"column":2},"end":{"line":31,"column":28}},"type":"if","locations":[{"start":{"line":31,"column":2},"end":{"line":31,"column":28}},{"start":{},"end":{}}]},"4":{"loc":{"start":{"line":34,"column":2},"end":{"line":34,"column":50}},"type":"if","locations":[{"start":{"line":34,"column":2},"end":{"line":34,"column":50}},{"start":{},"end":{}}]},"5":{"loc":{"start":{"line":37,"column":2},"end":{"line":40,"column":3}},"type":"if","locations":[{"start":{"line":37,"column":2},"end":{"line":40,"column":3}},{"start":{},"end":{}}]},"6":{"loc":{"start":{"line":38,"column":4},"end":{"line":38,"column":66}},"type":"if","locations":[{"start":{"line":38,"column":4},"end":{"line":38,"column":66}},{"start":{},"end":{}}]},"7":{"loc":{"start":{"line":39,"column":4},"end":{"line":39,"column":62}},"type":"if","locations":[{"start":{"line":39,"column":4},"end":{"line":39,"column":62}},{"start":{},"end":{}}]},"8":{"loc":{"start":{"line":43,"column":2},"end":{"line":43,"column":46}},"type":"if","locations":[{"start":{"line":43,"column":2},"end":{"line":43,"column":46}},{"start":{},"end":{}}]}},"s":{"0":2,"1":2,"2":2,"3":101,"4":101,"5":3,"6":98,"7":98,"8":98,"9":98,"10":784,"11":98,"12":0,"13":0,"14":97,"15":0,"16":97,"17":0,"18":97,"19":0,"20":0,"21":0,"22":0,"23":97,"24":97,"25":0},"f":{"0":101,"1":97},"b":{"0":[3,98],"1":[101,99,98],"2":[882,882],"3":[0,97],"4":[0,97],"5":[0,97],"6":[0,0],"7":[0,0],"8":[97,0]}}
}
