TN:
SF:src/etl/checkpoint-etl.ts
FN:11,(anonymous_0)
FN:15,(anonymous_1)
FN:96,(anonymous_2)
FN:114,(anonymous_3)
FN:131,(anonymous_4)
FN:138,(anonymous_5)
FNF:6
FNH:0
FNDA:0,(anonymous_0)
FNDA:0,(anonymous_1)
FNDA:0,(anonymous_2)
FNDA:0,(anonymous_3)
FNDA:0,(anonymous_4)
FNDA:0,(anonymous_5)
DA:2,0
DA:3,0
DA:4,0
DA:6,0
DA:8,0
DA:12,0
DA:16,0
DA:18,0
DA:19,0
DA:20,0
DA:22,0
DA:24,0
DA:33,0
DA:34,0
DA:36,0
DA:37,0
DA:39,0
DA:40,0
DA:41,0
DA:44,0
DA:46,0
DA:47,0
DA:53,0
DA:54,0
DA:56,0
DA:58,0
DA:68,0
DA:77,0
DA:79,0
DA:81,0
DA:82,0
DA:92,0
DA:97,0
DA:99,0
DA:115,0
DA:117,0
DA:118,0
DA:119,0
DA:120,0
DA:121,0
DA:124,0
DA:128,0
DA:132,0
DA:133,0
DA:134,0
DA:137,0
DA:138,0
DA:140,0
DA:141,0
DA:145,0
DA:148,0
DA:149,0
DA:151,0
DA:152,0
DA:153,0
DA:154,0
DA:155,0
DA:156,0
DA:162,0
DA:164,0
DA:168,0
DA:185,0
DA:187,0
DA:188,0
LF:64
LH:0
BRDA:20,0,0,0
BRDA:20,0,1,0
BRDA:27,1,0,0
BRDA:27,1,1,0
BRDA:28,2,0,0
BRDA:28,2,1,0
BRDA:39,3,0,0
BRDA:39,3,1,0
BRDA:46,4,0,0
BRDA:46,4,1,0
BRDA:62,5,0,0
BRDA:62,5,1,0
BRDA:72,6,0,0
BRDA:72,6,1,0
BRDA:84,7,0,0
BRDA:84,7,1,0
BRDA:85,8,0,0
BRDA:85,8,1,0
BRDA:86,9,0,0
BRDA:86,9,1,0
BRDA:89,10,0,0
BRDA:89,10,1,0
BRDA:120,11,0,0
BRDA:120,11,1,0
BRDA:133,12,0,0
BRDA:133,12,1,0
BRDA:140,13,0,0
BRDA:140,13,1,0
BRDA:148,14,0,0
BRDA:148,14,1,0
BRDA:152,15,0,0
BRDA:152,15,1,0
BRDA:154,16,0,0
BRDA:154,16,1,0
BRDA:154,17,0,0
BRDA:154,17,1,0
BRDA:155,18,0,0
BRDA:155,18,1,0
BRDA:155,18,2,0
BRDA:162,19,0,0
BRDA:162,19,1,0
BRDA:162,20,0,0
BRDA:162,20,1,0
BRDA:164,21,0,0
BRDA:164,21,1,0
BRDA:165,22,0,0
BRDA:165,22,1,0
BRDA:166,23,0,0
BRDA:166,23,1,0
BRDA:171,24,0,0
BRDA:171,24,1,0
BRDA:173,25,0,0
BRDA:173,25,1,0
BRF:53
BRH:0
end_of_record
TN:
SF:src/etl/deploy-etl.ts
FN:14,(anonymous_0)
FN:18,(anonymous_1)
FN:101,(anonymous_2)
FN:114,(anonymous_3)
FN:132,(anonymous_4)
FN:139,(anonymous_5)
FNF:6
FNH:3
FNDA:16,(anonymous_0)
FNDA:0,(anonymous_1)
FNDA:0,(anonymous_2)
FNDA:0,(anonymous_3)
FNDA:24,(anonymous_4)
FNDA:77,(anonymous_5)
DA:2,1
DA:3,1
DA:4,1
DA:6,1
DA:7,1
DA:9,1
DA:11,1
DA:15,16
DA:19,0
DA:21,0
DA:23,0
DA:24,0
DA:26,0
DA:28,0
DA:37,0
DA:38,0
DA:40,0
DA:41,0
DA:43,0
DA:44,0
DA:45,0
DA:48,0
DA:50,0
DA:51,0
DA:57,0
DA:58,0
DA:60,0
DA:63,0
DA:73,0
DA:82,0
DA:84,0
DA:86,0
DA:87,0
DA:97,0
DA:102,0
DA:104,0
DA:115,0
DA:117,0
DA:118,0
DA:119,0
DA:120,0
DA:121,0
DA:124,0
DA:128,0
DA:133,24
DA:134,24
DA:135,24
DA:138,24
DA:139,77
DA:141,24
DA:142,2
DA:146,22
DA:147,22
DA:148,22
DA:150,22
DA:152,114
DA:153,92
DA:154,92
DA:155,0
DA:156,0
DA:157,0
DA:163,22
DA:166,22
DA:167,22
DA:168,22
DA:170,22
DA:171,22
DA:176,22
DA:179,22
DA:195,22
DA:197,0
DA:198,0
LF:72
LH:31
BRDA:24,0,0,0
BRDA:24,0,1,0
BRDA:31,1,0,0
BRDA:31,1,1,0
BRDA:32,2,0,0
BRDA:32,2,1,0
BRDA:43,3,0,0
BRDA:43,3,1,0
BRDA:50,4,0,0
BRDA:50,4,1,0
BRDA:67,5,0,0
BRDA:67,5,1,0
BRDA:77,6,0,0
BRDA:77,6,1,0
BRDA:89,7,0,0
BRDA:89,7,1,0
BRDA:90,8,0,0
BRDA:90,8,1,0
BRDA:91,9,0,0
BRDA:91,9,1,0
BRDA:94,10,0,0
BRDA:94,10,1,0
BRDA:120,11,0,0
BRDA:120,11,1,0
BRDA:134,12,0,24
BRDA:134,12,1,0
BRDA:141,13,0,2
BRDA:141,13,1,22
BRDA:141,14,0,24
BRDA:141,14,1,22
BRDA:146,15,0,22
BRDA:146,15,1,0
BRDA:152,16,0,92
BRDA:152,16,1,22
BRDA:152,17,0,114
BRDA:152,17,1,92
BRDA:154,18,0,0
BRDA:154,18,1,92
BRDA:163,19,0,22
BRDA:163,19,1,22
BRDA:163,19,2,22
BRDA:166,20,0,22
BRDA:166,20,1,0
BRDA:167,21,0,22
BRDA:167,21,1,0
BRDA:168,22,0,22
BRDA:168,22,1,0
BRDA:171,23,0,22
BRDA:171,23,1,0
BRDA:176,24,0,0
BRDA:176,24,1,22
BRDA:182,25,0,22
BRDA:182,25,1,0
BRDA:185,26,0,0
BRDA:185,26,1,22
BRF:55
BRH:21
end_of_record
TN:
SF:src/etl/run-all.ts
FN:6,main
FNF:1
FNH:0
FNDA:0,main
DA:1,0
DA:2,0
DA:3,0
DA:4,0
DA:7,0
DA:9,0
DA:10,0
DA:13,0
DA:14,0
DA:15,0
DA:16,0
DA:17,0
DA:20,0
DA:21,0
DA:22,0
DA:23,0
DA:24,0
DA:26,0
DA:27,0
DA:28,0
DA:29,0
DA:30,0
DA:32,0
DA:33,0
DA:34,0
DA:38,0
LF:26
LH:0
BRF:0
BRH:0
end_of_record
TN:
SF:src/etl/run-checkpoint.ts
FN:5,main
FNF:1
FNH:0
FNDA:0,main
DA:1,0
DA:2,0
DA:3,0
DA:6,0
DA:8,0
DA:9,0
DA:11,0
DA:12,0
DA:14,0
DA:15,0
DA:16,0
DA:18,0
DA:19,0
DA:20,0
DA:24,0
LF:15
LH:0
BRF:0
BRH:0
end_of_record
TN:
SF:src/etl/run-deploy.ts
FN:5,main
FNF:1
FNH:0
FNDA:0,main
DA:1,0
DA:2,0
DA:3,0
DA:6,0
DA:8,0
DA:9,0
DA:11,0
DA:12,0
DA:14,0
DA:15,0
DA:16,0
DA:18,0
DA:19,0
DA:20,0
DA:24,0
LF:15
LH:0
BRF:0
BRH:0
end_of_record
TN:
SF:src/parsers/instruction-parser.ts
FN:20,(anonymous_0)
FN:63,(anonymous_1)
FN:76,(anonymous_2)
FN:98,(anonymous_3)
FNF:4
FNH:4
FNDA:96,(anonymous_0)
FNDA:1,(anonymous_1)
FNDA:6,(anonymous_2)
FNDA:2,(anonymous_3)
DA:5,2
DA:15,2
DA:21,96
DA:22,96
DA:25,96
DA:28,4
DA:29,4
DA:32,0
DA:33,0
DA:36,0
DA:39,0
DA:40,0
DA:41,0
DA:42,0
DA:46,0
DA:54,0
DA:71,1
DA:72,1
DA:73,0
DA:76,1
DA:77,6
DA:81,1
DA:90,0
DA:91,0
DA:100,2
DA:101,1
DA:103,1
LF:27
LH:15
BRDA:25,0,0,92
BRDA:25,0,1,4
BRDA:29,1,0,4
BRDA:29,1,1,0
BRDA:41,2,0,0
BRDA:41,2,1,0
BRDA:72,3,0,0
BRDA:72,3,1,1
BRDA:72,4,0,1
BRDA:72,4,1,1
BRDA:83,5,0,1
BRDA:83,5,1,0
BRDA:100,6,0,1
BRDA:100,6,1,1
BRDA:100,7,0,2
BRDA:100,7,1,2
BRF:16
BRH:11
end_of_record
TN:
SF:src/parsers/log-parser.ts
FN:69,(anonymous_0)
FN:85,(anonymous_1)
FN:218,(anonymous_2)
FN:233,(anonymous_3)
FNF:4
FNH:4
FNDA:58,(anonymous_0)
FNDA:246,(anonymous_1)
FNDA:1,(anonymous_2)
FNDA:4,(anonymous_3)
DA:5,2
DA:6,2
DA:68,2
DA:70,58
DA:72,58
DA:73,969
DA:75,246
DA:76,246
DA:77,246
DA:78,140
DA:82,58
DA:87,246
DA:88,246
DA:89,32
DA:98,214
DA:99,214
DA:100,32
DA:107,182
DA:108,182
DA:109,25
DA:116,157
DA:117,157
DA:118,25
DA:125,132
DA:126,132
DA:127,1
DA:134,131
DA:135,131
DA:136,1
DA:143,130
DA:144,130
DA:145,1
DA:152,129
DA:153,129
DA:154,4
DA:161,125
DA:162,125
DA:163,2
DA:170,123
DA:171,123
DA:172,4
DA:179,119
DA:180,119
DA:181,1
DA:188,118
DA:189,118
DA:190,4
DA:198,114
DA:199,114
DA:200,4
DA:207,110
DA:208,110
DA:209,4
DA:215,106
DA:219,1
DA:221,1
DA:222,3
DA:223,3
DA:224,3
DA:225,3
DA:226,3
DA:227,3
DA:230,1
DA:234,4
DA:236,4
DA:237,12
DA:238,12
DA:239,12
DA:240,12
DA:243,4
LF:70
LH:70
BRDA:73,0,0,723
BRDA:73,0,1,246
BRDA:77,1,0,140
BRDA:77,1,1,106
BRDA:88,2,0,32
BRDA:88,2,1,214
BRDA:99,3,0,32
BRDA:99,3,1,182
BRDA:108,4,0,25
BRDA:108,4,1,157
BRDA:117,5,0,25
BRDA:117,5,1,132
BRDA:126,6,0,1
BRDA:126,6,1,131
BRDA:135,7,0,1
BRDA:135,7,1,130
BRDA:144,8,0,1
BRDA:144,8,1,129
BRDA:153,9,0,4
BRDA:153,9,1,125
BRDA:162,10,0,2
BRDA:162,10,1,123
BRDA:171,11,0,4
BRDA:171,11,1,119
BRDA:180,12,0,1
BRDA:180,12,1,118
BRDA:189,13,0,4
BRDA:189,13,1,114
BRDA:199,14,0,4
BRDA:199,14,1,110
BRDA:208,15,0,4
BRDA:208,15,1,106
BRDA:222,16,0,1
BRDA:222,16,1,2
BRDA:223,17,0,1
BRDA:223,17,1,2
BRDA:224,18,0,1
BRDA:224,18,1,2
BRDA:225,19,0,0
BRDA:225,19,1,3
BRDA:226,20,0,0
BRDA:226,20,1,3
BRDA:227,21,0,0
BRDA:227,21,1,3
BRDA:237,22,0,4
BRDA:237,22,1,8
BRDA:238,23,0,4
BRDA:238,23,1,8
BRDA:239,24,0,4
BRDA:239,24,1,8
BRDA:240,25,0,4
BRDA:240,25,1,8
BRF:52
BRH:49
end_of_record
TN:
SF:src/utils/logger.ts
FNF:0
FNH:0
DA:1,1
DA:2,1
DA:4,1
LF:3
LH:3
BRF:0
BRH:0
end_of_record
TN:
SF:src/utils/pubkey-converter.ts
FN:6,bnToPubkey
FN:30,extractPubkey
FNF:2
FNH:2
FNDA:101,bnToPubkey
FNDA:97,extractPubkey
DA:1,2
DA:6,2
DA:7,101
DA:8,101
DA:10,98
DA:11,98
DA:15,98
DA:16,784
DA:20,98
DA:22,0
DA:23,0
DA:30,2
DA:31,97
DA:34,97
DA:37,97
DA:38,0
DA:39,0
DA:43,97
DA:45,0
LF:19
LH:14
BRDA:8,0,0,3
BRDA:8,0,1,98
BRDA:8,1,0,101
BRDA:8,1,1,99
BRDA:8,1,2,98
BRDA:15,2,0,882
BRDA:15,2,1,882
BRDA:31,3,0,0
BRDA:31,3,1,97
BRDA:34,4,0,0
BRDA:34,4,1,97
BRDA:37,5,0,0
BRDA:37,5,1,97
BRDA:38,6,0,0
BRDA:38,6,1,0
BRDA:39,7,0,0
BRDA:39,7,1,0
BRDA:43,8,0,97
BRDA:43,8,1,0
BRF:19
BRH:11
end_of_record
