TN:
SF:src/etl/activity-parser.ts
FN:50,(anonymous_0)
FN:51,(anonymous_1)
FN:52,(anonymous_2)
FN:53,(anonymous_3)
FN:54,(anonymous_4)
FN:55,(anonymous_5)
FN:56,(anonymous_6)
FN:57,(anonymous_7)
FN:60,parseRawTransaction
FN:70,parseTransactionsBatch
FNF:10
FNH:9
FNDA:9,(anonymous_0)
FNDA:8,(anonymous_1)
FNDA:7,(anonymous_2)
FNDA:6,(anonymous_3)
FNDA:5,(anonymous_4)
FNDA:4,(anonymous_5)
FNDA:3,(anonymous_6)
FNDA:2,(anonymous_7)
FNDA:9,parseRawTransaction
FNDA:0,parseTransactionsBatch
DA:2,1
DA:3,1
DA:4,1
DA:5,1
DA:6,1
DA:7,1
DA:8,1
DA:9,1
DA:38,1
DA:40,1
DA:41,1
DA:42,1
DA:43,1
DA:44,1
DA:45,1
DA:46,1
DA:47,1
DA:49,1
DA:50,9
DA:51,8
DA:52,7
DA:53,6
DA:54,5
DA:55,4
DA:56,3
DA:57,2
DA:60,1
DA:61,9
DA:62,44
DA:63,44
DA:64,8
DA:67,1
DA:70,1
DA:71,0
DA:72,0
DA:73,0
DA:74,0
DA:75,0
DA:78,0
LF:39
LH:33
BRDA:63,0,0,8
BRDA:63,0,1,36
BRDA:74,1,0,0
BRDA:74,1,1,0
BRF:4
BRH:2
end_of_record
TN:
SF:src/etl/bury-etl.ts
FN:11,(anonymous_0)
FN:13,(anonymous_1)
FN:94,(anonymous_2)
FN:107,(anonymous_3)
FN:125,(anonymous_4)
FN:132,(anonymous_5)
FNF:6
FNH:3
FNDA:6,(anonymous_0)
FNDA:0,(anonymous_1)
FNDA:0,(anonymous_2)
FNDA:0,(anonymous_3)
FNDA:11,(anonymous_4)
FNDA:27,(anonymous_5)
DA:2,2
DA:3,2
DA:5,2
DA:7,2
DA:8,2
DA:10,2
DA:11,6
DA:14,0
DA:16,0
DA:17,0
DA:18,0
DA:20,0
DA:22,0
DA:31,0
DA:32,0
DA:34,0
DA:35,0
DA:37,0
DA:38,0
DA:39,0
DA:42,0
DA:44,0
DA:45,0
DA:51,0
DA:52,0
DA:54,0
DA:56,0
DA:66,0
DA:75,0
DA:77,0
DA:79,0
DA:80,0
DA:90,0
DA:95,0
DA:97,0
DA:108,0
DA:110,0
DA:111,0
DA:112,0
DA:113,0
DA:114,0
DA:117,0
DA:121,0
DA:126,11
DA:127,11
DA:128,11
DA:130,11
DA:131,11
DA:132,27
DA:135,11
DA:136,5
DA:139,6
DA:141,6
DA:142,6
DA:143,6
DA:144,6
DA:146,6
DA:162,6
DA:164,0
DA:165,0
LF:60
LH:22
BRDA:18,0,0,0
BRDA:18,0,1,0
BRDA:25,1,0,0
BRDA:25,1,1,0
BRDA:26,2,0,0
BRDA:26,2,1,0
BRDA:37,3,0,0
BRDA:37,3,1,0
BRDA:44,4,0,0
BRDA:44,4,1,0
BRDA:60,5,0,0
BRDA:60,5,1,0
BRDA:70,6,0,0
BRDA:70,6,1,0
BRDA:82,7,0,0
BRDA:82,7,1,0
BRDA:83,8,0,0
BRDA:83,8,1,0
BRDA:84,9,0,0
BRDA:84,9,1,0
BRDA:87,10,0,0
BRDA:87,10,1,0
BRDA:113,11,0,0
BRDA:113,11,1,0
BRDA:127,12,0,11
BRDA:127,12,1,0
BRDA:135,13,0,5
BRDA:135,13,1,6
BRDA:141,14,0,6
BRDA:141,14,1,0
BRDA:142,15,0,6
BRDA:142,15,1,0
BRDA:143,16,0,6
BRDA:143,16,1,0
BRDA:144,17,0,6
BRDA:144,17,1,0
BRDA:149,18,0,6
BRDA:149,18,1,0
BRF:38
BRH:8
end_of_record
TN:
SF:src/etl/checkpoint-etl.ts
FN:11,(anonymous_0)
FN:15,(anonymous_1)
FN:96,(anonymous_2)
FN:114,(anonymous_3)
FN:132,(anonymous_4)
FN:139,(anonymous_5)
FNF:6
FNH:3
FNDA:7,(anonymous_0)
FNDA:0,(anonymous_1)
FNDA:0,(anonymous_2)
FNDA:0,(anonymous_3)
FNDA:13,(anonymous_4)
FNDA:38,(anonymous_5)
DA:2,2
DA:3,2
DA:4,2
DA:6,2
DA:8,2
DA:12,7
DA:16,0
DA:18,0
DA:19,0
DA:20,0
DA:22,0
DA:24,0
DA:33,0
DA:34,0
DA:36,0
DA:37,0
DA:39,0
DA:40,0
DA:41,0
DA:44,0
DA:46,0
DA:47,0
DA:53,0
DA:54,0
DA:56,0
DA:58,0
DA:68,0
DA:77,0
DA:79,0
DA:81,0
DA:82,0
DA:92,0
DA:97,0
DA:99,0
DA:115,0
DA:117,0
DA:118,0
DA:119,0
DA:120,0
DA:121,0
DA:124,0
DA:128,0
DA:133,13
DA:134,13
DA:135,13
DA:138,13
DA:139,38
DA:141,13
DA:142,4
DA:146,9
DA:149,9
DA:150,9
DA:152,9
DA:153,27
DA:154,27
DA:155,27
DA:156,9
DA:157,9
DA:163,9
DA:165,9
DA:169,9
DA:186,9
DA:188,0
DA:189,0
LF:64
LH:26
BRDA:20,0,0,0
BRDA:20,0,1,0
BRDA:27,1,0,0
BRDA:27,1,1,0
BRDA:28,2,0,0
BRDA:28,2,1,0
BRDA:39,3,0,0
BRDA:39,3,1,0
BRDA:46,4,0,0
BRDA:46,4,1,0
BRDA:62,5,0,0
BRDA:62,5,1,0
BRDA:72,6,0,0
BRDA:72,6,1,0
BRDA:84,7,0,0
BRDA:84,7,1,0
BRDA:85,8,0,0
BRDA:85,8,1,0
BRDA:86,9,0,0
BRDA:86,9,1,0
BRDA:89,10,0,0
BRDA:89,10,1,0
BRDA:120,11,0,0
BRDA:120,11,1,0
BRDA:134,12,0,13
BRDA:134,12,1,0
BRDA:141,13,0,4
BRDA:141,13,1,9
BRDA:149,14,0,9
BRDA:149,14,1,0
BRDA:153,15,0,27
BRDA:153,15,1,0
BRDA:155,16,0,9
BRDA:155,16,1,18
BRDA:155,17,0,27
BRDA:155,17,1,18
BRDA:156,18,0,9
BRDA:156,18,1,0
BRDA:156,18,2,0
BRDA:163,19,0,9
BRDA:163,19,1,0
BRDA:163,20,0,9
BRDA:163,20,1,9
BRDA:165,21,0,9
BRDA:165,21,1,0
BRDA:166,22,0,9
BRDA:166,22,1,9
BRDA:167,23,0,9
BRDA:167,23,1,9
BRDA:172,24,0,9
BRDA:172,24,1,0
BRDA:174,25,0,9
BRDA:174,25,1,0
BRF:53
BRH:20
end_of_record
TN:
SF:src/etl/claim-ore-etl.ts
FN:12,(anonymous_0)
FN:14,(anonymous_1)
FN:95,(anonymous_2)
FN:108,(anonymous_3)
FN:126,(anonymous_4)
FN:133,(anonymous_5)
FNF:6
FNH:3
FNDA:7,(anonymous_0)
FNDA:0,(anonymous_1)
FNDA:0,(anonymous_2)
FNDA:0,(anonymous_3)
FNDA:16,(anonymous_4)
FNDA:41,(anonymous_5)
DA:2,2
DA:3,2
DA:4,2
DA:6,2
DA:7,2
DA:9,2
DA:11,2
DA:12,7
DA:15,0
DA:17,0
DA:18,0
DA:19,0
DA:21,0
DA:23,0
DA:32,0
DA:33,0
DA:35,0
DA:36,0
DA:38,0
DA:39,0
DA:40,0
DA:43,0
DA:45,0
DA:46,0
DA:52,0
DA:53,0
DA:55,0
DA:57,0
DA:67,0
DA:76,0
DA:78,0
DA:80,0
DA:81,0
DA:91,0
DA:96,0
DA:98,0
DA:109,0
DA:111,0
DA:112,0
DA:113,0
DA:114,0
DA:115,0
DA:118,0
DA:122,0
DA:127,16
DA:128,16
DA:129,16
DA:131,16
DA:132,16
DA:133,41
DA:136,16
DA:137,9
DA:140,7
DA:142,7
DA:143,7
DA:145,7
DA:146,28
DA:147,28
DA:148,7
DA:149,7
DA:150,7
DA:151,7
DA:156,7
DA:157,0
DA:158,0
DA:159,0
DA:160,0
DA:164,7
DA:175,7
DA:177,0
DA:178,0
LF:71
LH:29
BRDA:19,0,0,0
BRDA:19,0,1,0
BRDA:26,1,0,0
BRDA:26,1,1,0
BRDA:27,2,0,0
BRDA:27,2,1,0
BRDA:38,3,0,0
BRDA:38,3,1,0
BRDA:45,4,0,0
BRDA:45,4,1,0
BRDA:61,5,0,0
BRDA:61,5,1,0
BRDA:71,6,0,0
BRDA:71,6,1,0
BRDA:83,7,0,0
BRDA:83,7,1,0
BRDA:84,8,0,0
BRDA:84,8,1,0
BRDA:85,9,0,0
BRDA:85,9,1,0
BRDA:88,10,0,0
BRDA:88,10,1,0
BRDA:114,11,0,0
BRDA:114,11,1,0
BRDA:128,12,0,16
BRDA:128,12,1,0
BRDA:136,13,0,9
BRDA:136,13,1,7
BRDA:142,14,0,7
BRDA:142,14,1,0
BRDA:147,15,0,7
BRDA:147,15,1,21
BRDA:149,16,0,7
BRDA:149,16,1,0
BRDA:149,17,0,7
BRDA:149,17,1,0
BRDA:150,18,0,7
BRDA:150,18,1,0
BRDA:150,18,2,0
BRDA:156,19,0,0
BRDA:156,19,1,7
BRDA:157,20,0,0
BRDA:157,20,1,0
BRDA:158,21,0,0
BRDA:158,21,1,0
BRDA:160,22,0,0
BRDA:160,22,1,0
BRDA:167,23,0,7
BRDA:167,23,1,0
BRF:49
BRH:11
end_of_record
TN:
SF:src/etl/claim-sol-etl.ts
FN:12,(anonymous_0)
FN:14,(anonymous_1)
FN:95,(anonymous_2)
FN:108,(anonymous_3)
FN:126,(anonymous_4)
FN:133,(anonymous_5)
FNF:6
FNH:3
FNDA:7,(anonymous_0)
FNDA:0,(anonymous_1)
FNDA:0,(anonymous_2)
FNDA:0,(anonymous_3)
FNDA:15,(anonymous_4)
FNDA:32,(anonymous_5)
DA:2,2
DA:3,2
DA:4,2
DA:6,2
DA:7,2
DA:9,2
DA:11,2
DA:12,7
DA:15,0
DA:17,0
DA:18,0
DA:19,0
DA:21,0
DA:23,0
DA:32,0
DA:33,0
DA:35,0
DA:36,0
DA:38,0
DA:39,0
DA:40,0
DA:43,0
DA:45,0
DA:46,0
DA:52,0
DA:53,0
DA:55,0
DA:57,0
DA:67,0
DA:76,0
DA:78,0
DA:80,0
DA:81,0
DA:91,0
DA:96,0
DA:98,0
DA:109,0
DA:111,0
DA:112,0
DA:113,0
DA:114,0
DA:115,0
DA:118,0
DA:122,0
DA:127,15
DA:128,15
DA:129,15
DA:131,15
DA:132,15
DA:133,32
DA:136,15
DA:137,8
DA:140,7
DA:142,7
DA:143,7
DA:145,7
DA:146,28
DA:147,28
DA:148,14
DA:149,14
DA:150,7
DA:151,7
DA:156,7
DA:157,0
DA:158,0
DA:159,0
DA:160,0
DA:164,7
DA:175,7
DA:177,0
DA:178,0
LF:71
LH:29
BRDA:19,0,0,0
BRDA:19,0,1,0
BRDA:26,1,0,0
BRDA:26,1,1,0
BRDA:27,2,0,0
BRDA:27,2,1,0
BRDA:38,3,0,0
BRDA:38,3,1,0
BRDA:45,4,0,0
BRDA:45,4,1,0
BRDA:61,5,0,0
BRDA:61,5,1,0
BRDA:71,6,0,0
BRDA:71,6,1,0
BRDA:83,7,0,0
BRDA:83,7,1,0
BRDA:84,8,0,0
BRDA:84,8,1,0
BRDA:85,9,0,0
BRDA:85,9,1,0
BRDA:88,10,0,0
BRDA:88,10,1,0
BRDA:114,11,0,0
BRDA:114,11,1,0
BRDA:128,12,0,15
BRDA:128,12,1,0
BRDA:136,13,0,8
BRDA:136,13,1,7
BRDA:142,14,0,7
BRDA:142,14,1,0
BRDA:147,15,0,14
BRDA:147,15,1,14
BRDA:149,16,0,7
BRDA:149,16,1,7
BRDA:149,17,0,14
BRDA:149,17,1,7
BRDA:150,18,0,7
BRDA:150,18,1,0
BRDA:150,18,2,0
BRDA:156,19,0,0
BRDA:156,19,1,7
BRDA:157,20,0,0
BRDA:157,20,1,0
BRDA:158,21,0,0
BRDA:158,21,1,0
BRDA:160,22,0,0
BRDA:160,22,1,0
BRDA:167,23,0,7
BRDA:167,23,1,0
BRF:49
BRH:13
end_of_record
TN:
SF:src/etl/claim-yield-etl.ts
FN:12,(anonymous_0)
FN:14,(anonymous_1)
FN:95,(anonymous_2)
FN:109,(anonymous_3)
FN:127,(anonymous_4)
FN:134,(anonymous_5)
FN:143,(anonymous_6)
FNF:7
FNH:4
FNDA:6,(anonymous_0)
FNDA:0,(anonymous_1)
FNDA:0,(anonymous_2)
FNDA:0,(anonymous_3)
FNDA:14,(anonymous_4)
FNDA:39,(anonymous_5)
FNDA:4,(anonymous_6)
DA:2,2
DA:3,2
DA:4,2
DA:6,2
DA:7,2
DA:9,2
DA:11,2
DA:12,6
DA:15,0
DA:17,0
DA:18,0
DA:19,0
DA:21,0
DA:23,0
DA:32,0
DA:33,0
DA:35,0
DA:36,0
DA:38,0
DA:39,0
DA:40,0
DA:43,0
DA:45,0
DA:46,0
DA:52,0
DA:53,0
DA:55,0
DA:57,0
DA:67,0
DA:76,0
DA:78,0
DA:80,0
DA:81,0
DA:91,0
DA:96,0
DA:98,0
DA:110,0
DA:112,0
DA:113,0
DA:114,0
DA:115,0
DA:116,0
DA:119,0
DA:123,0
DA:128,14
DA:129,14
DA:130,14
DA:132,14
DA:133,14
DA:134,39
DA:137,14
DA:138,10
DA:141,4
DA:142,4
DA:143,4
DA:146,4
DA:147,0
DA:150,4
DA:152,4
DA:154,4
DA:155,4
DA:156,4
DA:157,4
DA:158,4
DA:159,4
DA:160,4
DA:165,4
DA:166,0
DA:167,0
DA:168,0
DA:169,0
DA:173,4
DA:184,4
DA:186,0
DA:187,0
LF:75
LH:32
BRDA:19,0,0,0
BRDA:19,0,1,0
BRDA:26,1,0,0
BRDA:26,1,1,0
BRDA:27,2,0,0
BRDA:27,2,1,0
BRDA:38,3,0,0
BRDA:38,3,1,0
BRDA:45,4,0,0
BRDA:45,4,1,0
BRDA:61,5,0,0
BRDA:61,5,1,0
BRDA:71,6,0,0
BRDA:71,6,1,0
BRDA:83,7,0,0
BRDA:83,7,1,0
BRDA:84,8,0,0
BRDA:84,8,1,0
BRDA:85,9,0,0
BRDA:85,9,1,0
BRDA:88,10,0,0
BRDA:88,10,1,0
BRDA:115,11,0,0
BRDA:115,11,1,0
BRDA:129,12,0,14
BRDA:129,12,1,0
BRDA:132,13,0,14
BRDA:132,13,1,0
BRDA:137,14,0,10
BRDA:137,14,1,4
BRDA:146,15,0,0
BRDA:146,15,1,4
BRDA:156,16,0,4
BRDA:156,16,1,0
BRDA:158,17,0,4
BRDA:158,17,1,0
BRDA:158,18,0,4
BRDA:158,18,1,0
BRDA:159,19,0,4
BRDA:159,19,1,0
BRDA:159,19,2,0
BRDA:165,20,0,0
BRDA:165,20,1,4
BRDA:166,21,0,0
BRDA:166,21,1,0
BRDA:167,22,0,0
BRDA:167,22,1,0
BRDA:169,23,0,0
BRDA:169,23,1,0
BRDA:176,24,0,4
BRDA:176,24,1,0
BRF:51
BRH:11
end_of_record
TN:
SF:src/etl/deploy-etl.ts
FN:14,(anonymous_0)
FN:18,(anonymous_1)
FN:101,(anonymous_2)
FN:114,(anonymous_3)
FN:132,(anonymous_4)
FN:139,(anonymous_5)
FNF:6
FNH:3
FNDA:18,(anonymous_0)
FNDA:0,(anonymous_1)
FNDA:0,(anonymous_2)
FNDA:0,(anonymous_3)
FNDA:27,(anonymous_4)
FNDA:82,(anonymous_5)
DA:2,2
DA:3,2
DA:4,2
DA:6,2
DA:7,2
DA:9,2
DA:11,2
DA:15,18
DA:19,0
DA:21,0
DA:23,0
DA:24,0
DA:26,0
DA:28,0
DA:37,0
DA:38,0
DA:40,0
DA:41,0
DA:43,0
DA:44,0
DA:45,0
DA:48,0
DA:50,0
DA:51,0
DA:57,0
DA:58,0
DA:60,0
DA:63,0
DA:73,0
DA:82,0
DA:84,0
DA:86,0
DA:87,0
DA:97,0
DA:102,0
DA:104,0
DA:115,0
DA:117,0
DA:118,0
DA:119,0
DA:120,0
DA:121,0
DA:124,0
DA:128,0
DA:133,27
DA:134,27
DA:135,27
DA:138,27
DA:139,82
DA:141,27
DA:142,3
DA:146,24
DA:147,24
DA:148,24
DA:150,24
DA:152,96
DA:153,96
DA:154,96
DA:155,24
DA:156,24
DA:157,24
DA:163,24
DA:166,24
DA:167,0
DA:168,0
DA:170,0
DA:171,0
DA:176,24
DA:179,24
DA:195,24
DA:197,0
DA:198,0
LF:72
LH:30
BRDA:24,0,0,0
BRDA:24,0,1,0
BRDA:31,1,0,0
BRDA:31,1,1,0
BRDA:32,2,0,0
BRDA:32,2,1,0
BRDA:43,3,0,0
BRDA:43,3,1,0
BRDA:50,4,0,0
BRDA:50,4,1,0
BRDA:67,5,0,0
BRDA:67,5,1,0
BRDA:77,6,0,0
BRDA:77,6,1,0
BRDA:89,7,0,0
BRDA:89,7,1,0
BRDA:90,8,0,0
BRDA:90,8,1,0
BRDA:91,9,0,0
BRDA:91,9,1,0
BRDA:94,10,0,0
BRDA:94,10,1,0
BRDA:120,11,0,0
BRDA:120,11,1,0
BRDA:134,12,0,27
BRDA:134,12,1,0
BRDA:141,13,0,3
BRDA:141,13,1,24
BRDA:141,14,0,27
BRDA:141,14,1,24
BRDA:146,15,0,24
BRDA:146,15,1,0
BRDA:152,16,0,96
BRDA:152,16,1,0
BRDA:152,17,0,96
BRDA:152,17,1,96
BRDA:154,18,0,24
BRDA:154,18,1,72
BRDA:163,19,0,24
BRDA:163,19,1,0
BRDA:163,19,2,0
BRDA:166,20,0,0
BRDA:166,20,1,24
BRDA:167,21,0,0
BRDA:167,21,1,0
BRDA:168,22,0,0
BRDA:168,22,1,0
BRDA:171,23,0,0
BRDA:171,23,1,0
BRDA:176,24,0,24
BRDA:176,24,1,0
BRDA:182,25,0,24
BRDA:182,25,1,0
BRDA:185,26,0,24
BRDA:185,26,1,0
BRF:55
BRH:16
end_of_record
TN:
SF:src/etl/deposit-etl.ts
FN:12,(anonymous_0)
FN:14,(anonymous_1)
FN:95,(anonymous_2)
FN:108,(anonymous_3)
FN:126,(anonymous_4)
FN:133,(anonymous_5)
FNF:6
FNH:3
FNDA:7,(anonymous_0)
FNDA:0,(anonymous_1)
FNDA:0,(anonymous_2)
FNDA:0,(anonymous_3)
FNDA:14,(anonymous_4)
FNDA:21,(anonymous_5)
DA:2,2
DA:3,2
DA:4,2
DA:6,2
DA:7,2
DA:9,2
DA:11,2
DA:12,7
DA:15,0
DA:17,0
DA:18,0
DA:19,0
DA:21,0
DA:23,0
DA:32,0
DA:33,0
DA:35,0
DA:36,0
DA:38,0
DA:39,0
DA:40,0
DA:43,0
DA:45,0
DA:46,0
DA:52,0
DA:53,0
DA:55,0
DA:57,0
DA:67,0
DA:76,0
DA:78,0
DA:80,0
DA:81,0
DA:91,0
DA:96,0
DA:98,0
DA:109,0
DA:111,0
DA:112,0
DA:113,0
DA:114,0
DA:115,0
DA:118,0
DA:122,0
DA:127,14
DA:128,14
DA:129,14
DA:131,14
DA:132,14
DA:133,21
DA:136,14
DA:137,7
DA:140,7
DA:142,7
DA:143,7
DA:145,7
DA:146,22
DA:147,22
DA:148,7
DA:149,7
DA:150,7
DA:151,7
DA:156,7
DA:157,0
DA:158,0
DA:159,0
DA:160,0
DA:164,7
DA:175,7
DA:177,0
DA:178,0
LF:71
LH:29
BRDA:19,0,0,0
BRDA:19,0,1,0
BRDA:26,1,0,0
BRDA:26,1,1,0
BRDA:27,2,0,0
BRDA:27,2,1,0
BRDA:38,3,0,0
BRDA:38,3,1,0
BRDA:45,4,0,0
BRDA:45,4,1,0
BRDA:61,5,0,0
BRDA:61,5,1,0
BRDA:71,6,0,0
BRDA:71,6,1,0
BRDA:83,7,0,0
BRDA:83,7,1,0
BRDA:84,8,0,0
BRDA:84,8,1,0
BRDA:85,9,0,0
BRDA:85,9,1,0
BRDA:88,10,0,0
BRDA:88,10,1,0
BRDA:114,11,0,0
BRDA:114,11,1,0
BRDA:128,12,0,14
BRDA:128,12,1,0
BRDA:136,13,0,7
BRDA:136,13,1,7
BRDA:142,14,0,7
BRDA:142,14,1,0
BRDA:147,15,0,7
BRDA:147,15,1,15
BRDA:149,16,0,7
BRDA:149,16,1,0
BRDA:149,17,0,7
BRDA:149,17,1,0
BRDA:150,18,0,7
BRDA:150,18,1,0
BRDA:150,18,2,0
BRDA:156,19,0,0
BRDA:156,19,1,7
BRDA:157,20,0,0
BRDA:157,20,1,0
BRDA:158,21,0,0
BRDA:158,21,1,0
BRDA:160,22,0,0
BRDA:160,22,1,0
BRDA:167,23,0,7
BRDA:167,23,1,0
BRF:49
BRH:11
end_of_record
TN:
SF:src/etl/run-all.ts
FN:12,main
FNF:1
FNH:0
FNDA:0,main
DA:1,0
DA:2,0
DA:3,0
DA:4,0
DA:5,0
DA:6,0
DA:7,0
DA:8,0
DA:9,0
DA:10,0
DA:13,0
DA:15,0
DA:16,0
DA:19,0
DA:20,0
DA:21,0
DA:22,0
DA:23,0
DA:26,0
DA:27,0
DA:28,0
DA:29,0
DA:30,0
DA:33,0
DA:34,0
DA:35,0
DA:36,0
DA:37,0
DA:40,0
DA:41,0
DA:42,0
DA:43,0
DA:44,0
DA:47,0
DA:48,0
DA:49,0
DA:50,0
DA:51,0
DA:54,0
DA:55,0
DA:56,0
DA:57,0
DA:58,0
DA:61,0
DA:62,0
DA:63,0
DA:64,0
DA:65,0
DA:68,0
DA:69,0
DA:70,0
DA:71,0
DA:72,0
DA:74,0
DA:75,0
DA:76,0
DA:77,0
DA:78,0
DA:80,0
DA:81,0
DA:82,0
DA:86,0
LF:62
LH:0
BRF:0
BRH:0
end_of_record
TN:
SF:src/etl/run-bury.ts
FN:5,main
FNF:1
FNH:0
FNDA:0,main
DA:1,0
DA:2,0
DA:3,0
DA:6,0
DA:8,0
DA:9,0
DA:11,0
DA:12,0
DA:13,0
DA:15,0
DA:16,0
DA:18,0
DA:19,0
DA:20,0
DA:22,0
DA:23,0
DA:24,0
DA:28,0
LF:18
LH:0
BRF:0
BRH:0
end_of_record
TN:
SF:src/etl/run-checkpoint.ts
FN:5,main
FNF:1
FNH:0
FNDA:0,main
DA:1,0
DA:2,0
DA:3,0
DA:6,0
DA:8,0
DA:9,0
DA:11,0
DA:12,0
DA:14,0
DA:15,0
DA:16,0
DA:18,0
DA:19,0
DA:20,0
DA:24,0
LF:15
LH:0
BRF:0
BRH:0
end_of_record
TN:
SF:src/etl/run-claim-ore.ts
FN:5,main
FNF:1
FNH:0
FNDA:0,main
DA:1,0
DA:2,0
DA:3,0
DA:6,0
DA:8,0
DA:9,0
DA:11,0
DA:12,0
DA:13,0
DA:15,0
DA:16,0
DA:18,0
DA:19,0
DA:20,0
DA:22,0
DA:23,0
DA:24,0
DA:28,0
LF:18
LH:0
BRF:0
BRH:0
end_of_record
TN:
SF:src/etl/run-claim-sol.ts
FN:5,main
FNF:1
FNH:0
FNDA:0,main
DA:1,0
DA:2,0
DA:3,0
DA:6,0
DA:8,0
DA:9,0
DA:11,0
DA:12,0
DA:13,0
DA:15,0
DA:16,0
DA:18,0
DA:19,0
DA:20,0
DA:22,0
DA:23,0
DA:24,0
DA:28,0
LF:18
LH:0
BRF:0
BRH:0
end_of_record
TN:
SF:src/etl/run-claim-yield.ts
FN:5,main
FNF:1
FNH:0
FNDA:0,main
DA:1,0
DA:2,0
DA:3,0
DA:6,0
DA:8,0
DA:9,0
DA:11,0
DA:12,0
DA:13,0
DA:15,0
DA:16,0
DA:18,0
DA:19,0
DA:20,0
DA:22,0
DA:23,0
DA:24,0
DA:28,0
LF:18
LH:0
BRF:0
BRH:0
end_of_record
TN:
SF:src/etl/run-deploy.ts
FN:5,main
FNF:1
FNH:0
FNDA:0,main
DA:1,0
DA:2,0
DA:3,0
DA:6,0
DA:8,0
DA:9,0
DA:11,0
DA:12,0
DA:14,0
DA:15,0
DA:16,0
DA:18,0
DA:19,0
DA:20,0
DA:24,0
LF:15
LH:0
BRF:0
BRH:0
end_of_record
TN:
SF:src/etl/run-deposit.ts
FN:5,main
FNF:1
FNH:0
FNDA:0,main
DA:1,0
DA:2,0
DA:3,0
DA:6,0
DA:8,0
DA:9,0
DA:11,0
DA:12,0
DA:13,0
DA:15,0
DA:16,0
DA:18,0
DA:19,0
DA:20,0
DA:22,0
DA:23,0
DA:24,0
DA:28,0
LF:18
LH:0
BRF:0
BRH:0
end_of_record
TN:
SF:src/etl/run-withdraw.ts
FN:5,main
FNF:1
FNH:0
FNDA:0,main
DA:1,0
DA:2,0
DA:3,0
DA:6,0
DA:8,0
DA:9,0
DA:11,0
DA:12,0
DA:13,0
DA:15,0
DA:16,0
DA:18,0
DA:19,0
DA:20,0
DA:22,0
DA:23,0
DA:24,0
DA:28,0
LF:18
LH:0
BRF:0
BRH:0
end_of_record
TN:
SF:src/etl/withdraw-etl.ts
FN:12,(anonymous_0)
FN:14,(anonymous_1)
FN:95,(anonymous_2)
FN:108,(anonymous_3)
FN:126,(anonymous_4)
FN:133,(anonymous_5)
FNF:6
FNH:3
FNDA:7,(anonymous_0)
FNDA:0,(anonymous_1)
FNDA:0,(anonymous_2)
FNDA:0,(anonymous_3)
FNDA:13,(anonymous_4)
FNDA:19,(anonymous_5)
DA:2,2
DA:3,2
DA:4,2
DA:6,2
DA:7,2
DA:9,2
DA:11,2
DA:12,7
DA:15,0
DA:17,0
DA:18,0
DA:19,0
DA:21,0
DA:23,0
DA:32,0
DA:33,0
DA:35,0
DA:36,0
DA:38,0
DA:39,0
DA:40,0
DA:43,0
DA:45,0
DA:46,0
DA:52,0
DA:53,0
DA:55,0
DA:57,0
DA:67,0
DA:76,0
DA:78,0
DA:80,0
DA:81,0
DA:91,0
DA:96,0
DA:98,0
DA:109,0
DA:111,0
DA:112,0
DA:113,0
DA:114,0
DA:115,0
DA:118,0
DA:122,0
DA:127,13
DA:128,13
DA:129,13
DA:131,13
DA:132,13
DA:133,19
DA:136,13
DA:137,6
DA:140,7
DA:142,7
DA:143,7
DA:145,7
DA:146,21
DA:147,21
DA:148,7
DA:149,7
DA:150,7
DA:151,7
DA:156,7
DA:157,0
DA:158,0
DA:159,0
DA:160,0
DA:164,7
DA:175,7
DA:177,0
DA:178,0
LF:71
LH:29
BRDA:19,0,0,0
BRDA:19,0,1,0
BRDA:26,1,0,0
BRDA:26,1,1,0
BRDA:27,2,0,0
BRDA:27,2,1,0
BRDA:38,3,0,0
BRDA:38,3,1,0
BRDA:45,4,0,0
BRDA:45,4,1,0
BRDA:61,5,0,0
BRDA:61,5,1,0
BRDA:71,6,0,0
BRDA:71,6,1,0
BRDA:83,7,0,0
BRDA:83,7,1,0
BRDA:84,8,0,0
BRDA:84,8,1,0
BRDA:85,9,0,0
BRDA:85,9,1,0
BRDA:88,10,0,0
BRDA:88,10,1,0
BRDA:114,11,0,0
BRDA:114,11,1,0
BRDA:128,12,0,13
BRDA:128,12,1,0
BRDA:136,13,0,6
BRDA:136,13,1,7
BRDA:142,14,0,7
BRDA:142,14,1,0
BRDA:147,15,0,7
BRDA:147,15,1,14
BRDA:149,16,0,7
BRDA:149,16,1,0
BRDA:149,17,0,7
BRDA:149,17,1,0
BRDA:150,18,0,7
BRDA:150,18,1,0
BRDA:150,18,2,0
BRDA:156,19,0,0
BRDA:156,19,1,7
BRDA:157,20,0,0
BRDA:157,20,1,0
BRDA:158,21,0,0
BRDA:158,21,1,0
BRDA:160,22,0,0
BRDA:160,22,1,0
BRDA:167,23,0,7
BRDA:167,23,1,0
BRF:49
BRH:11
end_of_record
TN:
SF:src/parsers/instruction-parser.ts
FN:21,(anonymous_1)
FN:59,(anonymous_2)
FN:66,(anonymous_3)
FN:88,(anonymous_4)
FN:112,(anonymous_5)
FN:234,(anonymous_6)
FNF:6
FNH:6
FNDA:100,(anonymous_1)
FNDA:220,(anonymous_2)
FNDA:314,(anonymous_3)
FNDA:97,(anonymous_4)
FNDA:567,(anonymous_5)
FNDA:2,(anonymous_6)
DA:5,9
DA:6,9
DA:16,9
DA:22,100
DA:23,100
DA:26,100
DA:29,25
DA:30,25
DA:33,25
DA:34,25
DA:37,25
DA:40,25
DA:41,25
DA:42,625
DA:43,335
DA:47,25
DA:55,0
DA:60,220
DA:61,214
DA:62,214
DA:63,214
DA:67,314
DA:68,0
DA:71,314
DA:72,314
DA:73,314
DA:75,0
DA:76,0
DA:78,0
DA:106,97
DA:107,97
DA:108,25
DA:111,72
DA:112,567
DA:115,72
DA:117,72
DA:119,24
DA:129,48
DA:131,11
DA:142,37
DA:144,8
DA:152,29
DA:155,8
DA:169,21
DA:172,8
DA:186,13
DA:189,8
DA:203,5
DA:206,5
DA:221,0
DA:226,0
DA:227,0
DA:236,2
DA:237,1
DA:239,1
LF:55
LH:47
BRDA:26,0,0,75
BRDA:26,0,1,25
BRDA:26,1,0,100
BRDA:26,1,1,100
BRDA:30,2,0,0
BRDA:30,2,1,25
BRDA:42,3,0,335
BRDA:42,3,1,290
BRDA:60,4,0,6
BRDA:60,4,1,214
BRDA:62,5,0,0
BRDA:62,5,1,214
BRDA:62,6,0,214
BRDA:62,6,1,214
BRDA:67,7,0,0
BRDA:67,7,1,314
BRDA:107,8,0,25
BRDA:107,8,1,72
BRDA:107,9,0,97
BRDA:107,9,1,97
BRDA:117,10,0,24
BRDA:117,10,1,48
BRDA:121,11,0,24
BRDA:121,11,1,0
BRDA:129,12,0,11
BRDA:129,12,1,37
BRDA:142,13,0,8
BRDA:142,13,1,29
BRDA:152,14,0,8
BRDA:152,14,1,21
BRDA:169,15,0,8
BRDA:169,15,1,13
BRDA:186,16,0,8
BRDA:186,16,1,5
BRDA:203,17,0,5
BRDA:203,17,1,0
BRDA:223,18,0,0
BRDA:223,18,1,0
BRDA:236,19,0,1
BRDA:236,19,1,1
BRDA:236,20,0,2
BRDA:236,20,1,2
BRF:42
BRH:35
end_of_record
TN:
SF:src/parsers/log-parser.ts
FN:69,(anonymous_0)
FN:85,(anonymous_1)
FN:218,(anonymous_2)
FN:233,(anonymous_3)
FNF:4
FNH:4
FNDA:159,(anonymous_0)
FNDA:672,(anonymous_1)
FNDA:11,(anonymous_2)
FNDA:11,(anonymous_3)
DA:5,10
DA:6,10
DA:68,10
DA:70,159
DA:72,159
DA:73,3006
DA:75,672
DA:76,672
DA:77,672
DA:78,357
DA:82,159
DA:87,672
DA:88,672
DA:89,61
DA:98,611
DA:99,611
DA:100,73
DA:107,538
DA:108,538
DA:109,52
DA:116,486
DA:117,486
DA:118,52
DA:125,434
DA:126,434
DA:127,1
DA:134,433
DA:135,433
DA:136,1
DA:143,432
DA:144,432
DA:145,1
DA:152,431
DA:153,431
DA:154,24
DA:161,407
DA:162,407
DA:163,18
DA:170,389
DA:171,389
DA:172,14
DA:179,375
DA:180,375
DA:181,15
DA:188,360
DA:189,360
DA:190,15
DA:198,345
DA:199,345
DA:200,15
DA:207,330
DA:208,330
DA:209,15
DA:215,315
DA:219,11
DA:221,11
DA:222,33
DA:223,33
DA:224,33
DA:225,33
DA:226,33
DA:227,33
DA:230,11
DA:234,11
DA:236,11
DA:237,33
DA:238,33
DA:239,33
DA:240,33
DA:243,11
LF:70
LH:70
BRDA:73,0,0,2334
BRDA:73,0,1,672
BRDA:77,1,0,357
BRDA:77,1,1,315
BRDA:88,2,0,61
BRDA:88,2,1,611
BRDA:99,3,0,73
BRDA:99,3,1,538
BRDA:108,4,0,52
BRDA:108,4,1,486
BRDA:117,5,0,52
BRDA:117,5,1,434
BRDA:126,6,0,1
BRDA:126,6,1,433
BRDA:135,7,0,1
BRDA:135,7,1,432
BRDA:144,8,0,1
BRDA:144,8,1,431
BRDA:153,9,0,24
BRDA:153,9,1,407
BRDA:162,10,0,18
BRDA:162,10,1,389
BRDA:171,11,0,14
BRDA:171,11,1,375
BRDA:180,12,0,15
BRDA:180,12,1,360
BRDA:189,13,0,15
BRDA:189,13,1,345
BRDA:199,14,0,15
BRDA:199,14,1,330
BRDA:208,15,0,15
BRDA:208,15,1,315
BRDA:222,16,0,11
BRDA:222,16,1,22
BRDA:223,17,0,11
BRDA:223,17,1,22
BRDA:224,18,0,11
BRDA:224,18,1,22
BRDA:225,19,0,0
BRDA:225,19,1,33
BRDA:226,20,0,0
BRDA:226,20,1,33
BRDA:227,21,0,0
BRDA:227,21,1,33
BRDA:237,22,0,11
BRDA:237,22,1,22
BRDA:238,23,0,11
BRDA:238,23,1,22
BRDA:239,24,0,11
BRDA:239,24,1,22
BRDA:240,25,0,11
BRDA:240,25,1,22
BRF:52
BRH:49
end_of_record
TN:
SF:src/utils/logger.ts
FNF:0
FNH:0
DA:1,9
DA:2,9
DA:4,9
LF:3
LH:3
BRF:0
BRH:0
end_of_record
TN:
SF:src/utils/pubkey-converter.ts
FN:6,bnToPubkey
FN:30,extractPubkey
FNF:2
FNH:2
FNDA:595,bnToPubkey
FNDA:636,extractPubkey
DA:1,9
DA:6,9
DA:7,595
DA:8,595
DA:10,592
DA:11,592
DA:15,592
DA:16,4736
DA:20,592
DA:22,0
DA:23,0
DA:30,9
DA:31,636
DA:34,636
DA:37,591
DA:38,0
DA:39,0
DA:43,591
DA:45,0
LF:19
LH:14
BRDA:8,0,0,3
BRDA:8,0,1,592
BRDA:8,1,0,595
BRDA:8,1,1,593
BRDA:8,1,2,592
BRDA:15,2,0,5328
BRDA:15,2,1,5328
BRDA:31,3,0,0
BRDA:31,3,1,636
BRDA:34,4,0,45
BRDA:34,4,1,591
BRDA:37,5,0,0
BRDA:37,5,1,591
BRDA:38,6,0,0
BRDA:38,6,1,0
BRDA:39,7,0,0
BRDA:39,7,1,0
BRDA:43,8,0,591
BRDA:43,8,1,0
BRF:19
BRH:12
end_of_record
